<?xml version="1.0" encoding="utf-8"?>
<TestRun id="f517d091-e538-4154-aff6-8476dd38f907" name="Eric@DESKTOP-RSFFHJT 2025-05-03 20:01:49" runUser="DESKTOP-RSFFHJT\Eric" xmlns="http://microsoft.com/schemas/VisualStudio/TeamTest/2010">
  <Times creation="2025-05-03T20:01:49.9893552-04:00" queuing="2025-05-03T20:01:49.9893552-04:00" start="2025-05-03T20:01:41.8293631-04:00" finish="2025-05-03T20:02:05.3740719-04:00" />
  <TestSettings name="default" id="c8a93937-0da3-4f0e-9413-74ab37e1e1ec">
    <Deployment runDeploymentRoot="Eric_DESKTOP-RSFFHJT_2025-05-03_20_01_49" />
  </TestSettings>
  <Results>
    <UnitTestResult executionId="6237cce9-50a6-4a8a-a118-0c35cbdfdeae" testId="13c01ae7-6677-2942-057f-6755a44079fb" testName="Test_Inventory_Item_Groups" computerName="DESKTOP-RSFFHJT" duration="00:00:06.5388260" startTime="2025-05-03T20:01:54.4119878-04:00" endTime="2025-05-03T20:02:00.9508134-04:00" testType="13cdc9d9-ddb5-4fa4-a97d-d965ccfc6d4b" outcome="Passed" testListId="8c84fa94-04c1-424b-9868-57a2d4851a1d" relativeResultsDirectory="6237cce9-50a6-4a8a-a118-0c35cbdfdeae" />
    <UnitTestResult executionId="f9fec64e-a76d-46b3-9bca-02f336d53585" testId="1e75d530-a6c5-8a5f-68fb-dab1a6e08d20" testName="Test_Inventory_Items(InventoryManagementSystemFramework.TestDataWorkflows.NavBarWorkflow)" computerName="DESKTOP-RSFFHJT" duration="00:00:04.3879740" startTime="2025-05-03T20:02:00.9509104-04:00" endTime="2025-05-03T20:02:05.3388839-04:00" testType="13cdc9d9-ddb5-4fa4-a97d-d965ccfc6d4b" outcome="Passed" testListId="8c84fa94-04c1-424b-9868-57a2d4851a1d" relativeResultsDirectory="f9fec64e-a76d-46b3-9bca-02f336d53585" />
    <UnitTestResult executionId="bb467d9a-44f6-4347-b79c-f79d41bafd7a" testId="1930542e-b935-a4b4-d77c-35551adc607a" testName="Test_Inventory_Item_Adjustments" computerName="DESKTOP-RSFFHJT" duration="00:00:04.4405279" startTime="2025-05-03T20:01:49.9714083-04:00" endTime="2025-05-03T20:01:54.4119347-04:00" testType="13cdc9d9-ddb5-4fa4-a97d-d965ccfc6d4b" outcome="Passed" testListId="8c84fa94-04c1-424b-9868-57a2d4851a1d" relativeResultsDirectory="bb467d9a-44f6-4347-b79c-f79d41bafd7a" />
    <UnitTestResult executionId="1a64f25b-520c-40e9-be9b-1f7c65810d52" testId="2c491bb4-585c-499e-1f72-5732847fd795" testName="Test_Fill_New_Inv_Item(InventoryManagementSystemFramework.TestDataWorkflows.AddNewItemWorkflow)" computerName="DESKTOP-RSFFHJT" duration="00:00:07.7662500" startTime="2025-05-03T20:01:42.2036702-04:00" endTime="2025-05-03T20:01:49.9698826-04:00" testType="13cdc9d9-ddb5-4fa4-a97d-d965ccfc6d4b" outcome="Passed" testListId="8c84fa94-04c1-424b-9868-57a2d4851a1d" relativeResultsDirectory="1a64f25b-520c-40e9-be9b-1f7c65810d52">
      <Output>
        <StdErr>2025-05-04T00:01:43.036Z pw:api navigating to "https://www.zoho.com/ca/inventory/inventory-software-demo/#/home/inventory-dashboard", waiting until "load"&#xD;
&#xD;
2025-05-04T00:01:43.180Z pw:api   "commit" event fired&#xD;
&#xD;
2025-05-04T00:01:43.180Z pw:api   navigated to "https://www.zoho.com/ca/inventory/inventory-software-demo/#/home/inventory-dashboard"&#xD;
&#xD;
2025-05-04T00:01:44.989Z pw:api   "networkidle" event fired&#xD;
&#xD;
2025-05-04T00:01:45.418Z pw:api   "domcontentloaded" event fired&#xD;
&#xD;
2025-05-04T00:01:46.339Z pw:api   "load" event fired&#xD;
&#xD;
2025-05-04T00:01:46.380Z pw:api waiting for Locator("div[id='main-nav-tab'] a[id*='ember'][class$='nav-link'], div[id='main-nav-tab']  a[id*='ember'][class$='nav-link ']").First&#xD;
&#xD;
2025-05-04T00:01:46.383Z pw:api   locator resolved to &lt;a id="ember79" href="#/home" class="ember-view active nav-link"&gt;ΓÇª&lt;/a&gt;&#xD;
&#xD;
2025-05-04T00:01:46.385Z pw:api waiting for Locator("div[id='main-nav-tab'] a[id*='ember'][class$='nav-link'], div[id='main-nav-tab']  a[id*='ember'][class$='nav-link ']").Nth(1)&#xD;
&#xD;
2025-05-04T00:01:46.388Z pw:api   locator resolved to &lt;a id="ember82" class="collapsed ember-view nav-link "&gt;ΓÇª&lt;/a&gt;&#xD;
&#xD;
2025-05-04T00:01:46.390Z pw:api waiting for Locator("div[id='main-nav-tab'] a[id*='ember'][class$='nav-link'], div[id='main-nav-tab']  a[id*='ember'][class$='nav-link ']").Nth(2)&#xD;
&#xD;
2025-05-04T00:01:46.392Z pw:api   locator resolved to &lt;a id="ember86" href="#/inventory/items" class="ember-view nav-link"&gt;ΓÇª&lt;/a&gt;&#xD;
&#xD;
2025-05-04T00:01:46.393Z pw:api waiting for Locator("div[id='main-nav-tab'] a[id*='ember'][class$='nav-link'], div[id='main-nav-tab']  a[id*='ember'][class$='nav-link ']").Nth(3)&#xD;
&#xD;
2025-05-04T00:01:46.396Z pw:api   locator resolved to &lt;a id="ember91" class="ember-view nav-link" href="#/inventory/itemgroups"&gt;ΓÇª&lt;/a&gt;&#xD;
&#xD;
2025-05-04T00:01:46.397Z pw:api waiting for Locator("div[id='main-nav-tab'] a[id*='ember'][class$='nav-link'], div[id='main-nav-tab']  a[id*='ember'][class$='nav-link ']").Nth(4)&#xD;
&#xD;
2025-05-04T00:01:46.400Z pw:api   locator resolved to &lt;a id="ember97" class="ember-view nav-link" href="#/inventory/adjustments"&gt;ΓÇª&lt;/a&gt;&#xD;
&#xD;
2025-05-04T00:01:46.401Z pw:api waiting for Locator("div[id='main-nav-tab'] a[id*='ember'][class$='nav-link'], div[id='main-nav-tab']  a[id*='ember'][class$='nav-link ']").Nth(5)&#xD;
&#xD;
2025-05-04T00:01:46.403Z pw:api   locator resolved to &lt;a id="ember104" class="collapsed ember-view nav-link "&gt;ΓÇª&lt;/a&gt;&#xD;
&#xD;
2025-05-04T00:01:46.404Z pw:api waiting for Locator("div[id='main-nav-tab'] a[id*='ember'][class$='nav-link'], div[id='main-nav-tab']  a[id*='ember'][class$='nav-link ']").Nth(6)&#xD;
&#xD;
2025-05-04T00:01:46.406Z pw:api   locator resolved to &lt;a id="ember108" href="#/contacts" class="ember-view nav-link"&gt;ΓÇª&lt;/a&gt;&#xD;
&#xD;
2025-05-04T00:01:46.407Z pw:api waiting for Locator("div[id='main-nav-tab'] a[id*='ember'][class$='nav-link'], div[id='main-nav-tab']  a[id*='ember'][class$='nav-link ']").Nth(7)&#xD;
&#xD;
2025-05-04T00:01:46.409Z pw:api   locator resolved to &lt;a id="ember114" href="#/salesorders" class="ember-view nav-link"&gt;ΓÇª&lt;/a&gt;&#xD;
&#xD;
2025-05-04T00:01:46.411Z pw:api waiting for Locator("div[id='main-nav-tab'] a[id*='ember'][class$='nav-link'], div[id='main-nav-tab']  a[id*='ember'][class$='nav-link ']").Nth(8)&#xD;
&#xD;
2025-05-04T00:01:46.413Z pw:api   locator resolved to &lt;a id="ember121" href="#/packages" class="ember-view nav-link"&gt;ΓÇª&lt;/a&gt;&#xD;
&#xD;
2025-05-04T00:01:46.415Z pw:api waiting for Locator("div[id='main-nav-tab'] a[id*='ember'][class$='nav-link'], div[id='main-nav-tab']  a[id*='ember'][class$='nav-link ']").Nth(9)&#xD;
&#xD;
2025-05-04T00:01:46.417Z pw:api   locator resolved to &lt;a id="ember125" href="#/shipments" class="ember-view nav-link"&gt;ΓÇª&lt;/a&gt;&#xD;
&#xD;
2025-05-04T00:01:46.417Z pw:api waiting for Locator("div[id='main-nav-tab'] a[id*='ember'][class$='nav-link'], div[id='main-nav-tab']  a[id*='ember'][class$='nav-link ']").Nth(10)&#xD;
&#xD;
2025-05-04T00:01:46.420Z pw:api   locator resolved to &lt;a id="ember129" href="#/invoices" class="ember-view nav-link"&gt;ΓÇª&lt;/a&gt;&#xD;
&#xD;
2025-05-04T00:01:46.421Z pw:api waiting for Locator("div[id='main-nav-tab'] a[id*='ember'][class$='nav-link'], div[id='main-nav-tab']  a[id*='ember'][class$='nav-link ']").Nth(11)&#xD;
&#xD;
2025-05-04T00:01:46.423Z pw:api   locator resolved to &lt;a id="ember134" href="#/paymentsreceived" class="ember-view nav-link"&gt;ΓÇª&lt;/a&gt;&#xD;
&#xD;
2025-05-04T00:01:46.424Z pw:api waiting for Locator("div[id='main-nav-tab'] a[id*='ember'][class$='nav-link'], div[id='main-nav-tab']  a[id*='ember'][class$='nav-link ']").Nth(12)&#xD;
&#xD;
2025-05-04T00:01:46.426Z pw:api   locator resolved to &lt;a id="ember140" href="#/salesreturns" class="ember-view nav-link"&gt;ΓÇª&lt;/a&gt;&#xD;
&#xD;
2025-05-04T00:01:46.427Z pw:api waiting for Locator("div[id='main-nav-tab'] a[id*='ember'][class$='nav-link'], div[id='main-nav-tab']  a[id*='ember'][class$='nav-link ']").Nth(13)&#xD;
&#xD;
2025-05-04T00:01:46.430Z pw:api   locator resolved to &lt;a id="ember143" href="#/creditnotes" class="ember-view nav-link"&gt;ΓÇª&lt;/a&gt;&#xD;
&#xD;
2025-05-04T00:01:46.431Z pw:api waiting for Locator("div[id='main-nav-tab'] a[id*='ember'][class$='nav-link'], div[id='main-nav-tab']  a[id*='ember'][class$='nav-link ']").Nth(14)&#xD;
&#xD;
2025-05-04T00:01:46.433Z pw:api   locator resolved to &lt;a id="ember147" class="collapsed ember-view nav-link "&gt;ΓÇª&lt;/a&gt;&#xD;
&#xD;
2025-05-04T00:01:46.434Z pw:api waiting for Locator("div[id='main-nav-tab'] a[id*='ember'][class$='nav-link'], div[id='main-nav-tab']  a[id*='ember'][class$='nav-link ']").Nth(15)&#xD;
&#xD;
2025-05-04T00:01:46.436Z pw:api   locator resolved to &lt;a id="ember151" href="#/vendors" class="ember-view nav-link"&gt;ΓÇª&lt;/a&gt;&#xD;
&#xD;
2025-05-04T00:01:46.437Z pw:api waiting for Locator("div[id='main-nav-tab'] a[id*='ember'][class$='nav-link'], div[id='main-nav-tab']  a[id*='ember'][class$='nav-link ']").Nth(16)&#xD;
&#xD;
2025-05-04T00:01:46.439Z pw:api   locator resolved to &lt;a id="ember155" href="#/expenses" class="ember-view nav-link"&gt;ΓÇª&lt;/a&gt;&#xD;
&#xD;
2025-05-04T00:01:46.440Z pw:api waiting for Locator("div[id='main-nav-tab'] a[id*='ember'][class$='nav-link'], div[id='main-nav-tab']  a[id*='ember'][class$='nav-link ']").Nth(17)&#xD;
&#xD;
2025-05-04T00:01:46.442Z pw:api   locator resolved to &lt;a id="ember159" href="#/purchaseorders" class="ember-view nav-link"&gt;ΓÇª&lt;/a&gt;&#xD;
&#xD;
2025-05-04T00:01:46.442Z pw:api waiting for Locator("div[id='main-nav-tab'] a[id*='ember'][class$='nav-link'], div[id='main-nav-tab']  a[id*='ember'][class$='nav-link ']").Nth(18)&#xD;
&#xD;
2025-05-04T00:01:46.446Z pw:api   locator resolved to &lt;a id="ember163" href="#/purchasereceives" class="ember-view nav-link"&gt;ΓÇª&lt;/a&gt;&#xD;
&#xD;
2025-05-04T00:01:46.447Z pw:api waiting for Locator("div[id='main-nav-tab'] a[id*='ember'][class$='nav-link'], div[id='main-nav-tab']  a[id*='ember'][class$='nav-link ']").Nth(19)&#xD;
&#xD;
2025-05-04T00:01:46.449Z pw:api   locator resolved to &lt;a id="ember168" href="#/bills" class="ember-view nav-link"&gt;ΓÇª&lt;/a&gt;&#xD;
&#xD;
2025-05-04T00:01:46.450Z pw:api waiting for Locator("div[id='main-nav-tab'] a[id*='ember'][class$='nav-link'], div[id='main-nav-tab']  a[id*='ember'][class$='nav-link ']").Nth(20)&#xD;
&#xD;
2025-05-04T00:01:46.452Z pw:api   locator resolved to &lt;a id="ember172" href="#/paymentsmade" class="ember-view nav-link"&gt;ΓÇª&lt;/a&gt;&#xD;
&#xD;
2025-05-04T00:01:46.453Z pw:api waiting for Locator("div[id='main-nav-tab'] a[id*='ember'][class$='nav-link'], div[id='main-nav-tab']  a[id*='ember'][class$='nav-link ']").Nth(21)&#xD;
&#xD;
2025-05-04T00:01:46.454Z pw:api   locator resolved to &lt;a id="ember177" href="#/vendorcredits" class="ember-view nav-link"&gt;ΓÇª&lt;/a&gt;&#xD;
&#xD;
2025-05-04T00:01:46.455Z pw:api waiting for Locator("div[id='main-nav-tab'] a[id*='ember'][class$='nav-link'], div[id='main-nav-tab']  a[id*='ember'][class$='nav-link ']").Nth(22)&#xD;
&#xD;
2025-05-04T00:01:46.457Z pw:api   locator resolved to &lt;a id="ember181" class="ember-view nav-link" href="#/settings/integrations"&gt;ΓÇª&lt;/a&gt;&#xD;
&#xD;
2025-05-04T00:01:46.458Z pw:api waiting for Locator("div[id='main-nav-tab'] a[id*='ember'][class$='nav-link'], div[id='main-nav-tab']  a[id*='ember'][class$='nav-link ']").Nth(23)&#xD;
&#xD;
2025-05-04T00:01:46.460Z pw:api   locator resolved to &lt;a id="ember184" href="#/reports" class="ember-view nav-link"&gt;ΓÇª&lt;/a&gt;&#xD;
&#xD;
2025-05-04T00:01:46.461Z pw:api waiting for Locator("div[id='main-nav-tab'] a[id*='ember'][class$='nav-link'], div[id='main-nav-tab']  a[id*='ember'][class$='nav-link ']").Nth(24)&#xD;
&#xD;
2025-05-04T00:01:46.464Z pw:api   locator resolved to &lt;a id="ember187" href="#/documents/inbox" class="ember-view nav-link"&gt;ΓÇª&lt;/a&gt;&#xD;
&#xD;
2025-05-04T00:01:46.466Z pw:api waiting for Locator("div[id='main-nav-tab'] a[id*='ember'][class$='nav-link'], div[id='main-nav-tab']  a[id*='ember'][class$='nav-link ']").Nth(1)&#xD;
&#xD;
2025-05-04T00:01:46.469Z pw:api   locator resolved to &lt;a id="ember82" class="collapsed ember-view nav-link "&gt;ΓÇª&lt;/a&gt;&#xD;
&#xD;
2025-05-04T00:01:46.470Z pw:api attempting click action&#xD;
&#xD;
2025-05-04T00:01:46.471Z pw:api   waiting for element to be visible, enabled and stable&#xD;
&#xD;
2025-05-04T00:01:46.494Z pw:api   element is visible, enabled and stable&#xD;
&#xD;
2025-05-04T00:01:46.494Z pw:api   scrolling into view if needed&#xD;
&#xD;
2025-05-04T00:01:46.495Z pw:api   done scrolling&#xD;
&#xD;
2025-05-04T00:01:46.499Z pw:api   performing click action&#xD;
&#xD;
2025-05-04T00:01:46.508Z pw:api   click action done&#xD;
&#xD;
2025-05-04T00:01:46.508Z pw:api   waiting for scheduled navigations to finish&#xD;
&#xD;
2025-05-04T00:01:46.508Z pw:api   navigations have finished&#xD;
&#xD;
2025-05-04T00:01:46.512Z pw:api waiting for Locator("div[id='main-nav-tab'] a[id*='ember'][class$='nav-link'], div[id='main-nav-tab']  a[id*='ember'][class$='nav-link ']").First&#xD;
&#xD;
2025-05-04T00:01:46.514Z pw:api   locator resolved to &lt;a id="ember79" href="#/home" class="ember-view active nav-link"&gt;ΓÇª&lt;/a&gt;&#xD;
&#xD;
2025-05-04T00:01:46.515Z pw:api waiting for Locator("div[id='main-nav-tab'] a[id*='ember'][class$='nav-link'], div[id='main-nav-tab']  a[id*='ember'][class$='nav-link ']").Nth(1)&#xD;
&#xD;
2025-05-04T00:01:46.519Z pw:api   locator resolved to &lt;a id="ember82" class="ember-view nav-link "&gt;ΓÇª&lt;/a&gt;&#xD;
&#xD;
2025-05-04T00:01:46.520Z pw:api waiting for Locator("div[id='main-nav-tab'] a[id*='ember'][class$='nav-link'], div[id='main-nav-tab']  a[id*='ember'][class$='nav-link ']").Nth(2)&#xD;
&#xD;
2025-05-04T00:01:46.522Z pw:api   locator resolved to &lt;a id="ember86" href="#/inventory/items" class="ember-view nav-link"&gt;ΓÇª&lt;/a&gt;&#xD;
&#xD;
2025-05-04T00:01:46.523Z pw:api waiting for Locator("div[id='main-nav-tab'] a[id*='ember'][class$='nav-link'], div[id='main-nav-tab']  a[id*='ember'][class$='nav-link ']").Nth(3)&#xD;
&#xD;
2025-05-04T00:01:46.524Z pw:api   locator resolved to &lt;a id="ember91" class="ember-view nav-link" href="#/inventory/itemgroups"&gt;ΓÇª&lt;/a&gt;&#xD;
&#xD;
2025-05-04T00:01:46.525Z pw:api waiting for Locator("div[id='main-nav-tab'] a[id*='ember'][class$='nav-link'], div[id='main-nav-tab']  a[id*='ember'][class$='nav-link ']").Nth(4)&#xD;
&#xD;
2025-05-04T00:01:46.530Z pw:api   locator resolved to &lt;a id="ember97" class="ember-view nav-link" href="#/inventory/adjustments"&gt;ΓÇª&lt;/a&gt;&#xD;
&#xD;
2025-05-04T00:01:46.531Z pw:api waiting for Locator("div[id='main-nav-tab'] a[id*='ember'][class$='nav-link'], div[id='main-nav-tab']  a[id*='ember'][class$='nav-link ']").Nth(5)&#xD;
&#xD;
2025-05-04T00:01:46.534Z pw:api   locator resolved to &lt;a id="ember104" class="collapsed ember-view nav-link "&gt;ΓÇª&lt;/a&gt;&#xD;
&#xD;
2025-05-04T00:01:46.534Z pw:api waiting for Locator("div[id='main-nav-tab'] a[id*='ember'][class$='nav-link'], div[id='main-nav-tab']  a[id*='ember'][class$='nav-link ']").Nth(6)&#xD;
&#xD;
2025-05-04T00:01:46.536Z pw:api   locator resolved to &lt;a id="ember108" href="#/contacts" class="ember-view nav-link"&gt;ΓÇª&lt;/a&gt;&#xD;
&#xD;
2025-05-04T00:01:46.537Z pw:api waiting for Locator("div[id='main-nav-tab'] a[id*='ember'][class$='nav-link'], div[id='main-nav-tab']  a[id*='ember'][class$='nav-link ']").Nth(7)&#xD;
&#xD;
2025-05-04T00:01:46.539Z pw:api   locator resolved to &lt;a id="ember114" href="#/salesorders" class="ember-view nav-link"&gt;ΓÇª&lt;/a&gt;&#xD;
&#xD;
2025-05-04T00:01:46.540Z pw:api waiting for Locator("div[id='main-nav-tab'] a[id*='ember'][class$='nav-link'], div[id='main-nav-tab']  a[id*='ember'][class$='nav-link ']").Nth(8)&#xD;
&#xD;
2025-05-04T00:01:46.541Z pw:api   locator resolved to &lt;a id="ember121" href="#/packages" class="ember-view nav-link"&gt;ΓÇª&lt;/a&gt;&#xD;
&#xD;
2025-05-04T00:01:46.542Z pw:api waiting for Locator("div[id='main-nav-tab'] a[id*='ember'][class$='nav-link'], div[id='main-nav-tab']  a[id*='ember'][class$='nav-link ']").Nth(9)&#xD;
&#xD;
2025-05-04T00:01:46.547Z pw:api   locator resolved to &lt;a id="ember125" href="#/shipments" class="ember-view nav-link"&gt;ΓÇª&lt;/a&gt;&#xD;
&#xD;
2025-05-04T00:01:46.548Z pw:api waiting for Locator("div[id='main-nav-tab'] a[id*='ember'][class$='nav-link'], div[id='main-nav-tab']  a[id*='ember'][class$='nav-link ']").Nth(10)&#xD;
&#xD;
2025-05-04T00:01:46.550Z pw:api   locator resolved to &lt;a id="ember129" href="#/invoices" class="ember-view nav-link"&gt;ΓÇª&lt;/a&gt;&#xD;
&#xD;
2025-05-04T00:01:46.550Z pw:api waiting for Locator("div[id='main-nav-tab'] a[id*='ember'][class$='nav-link'], div[id='main-nav-tab']  a[id*='ember'][class$='nav-link ']").Nth(11)&#xD;
&#xD;
2025-05-04T00:01:46.553Z pw:api   locator resolved to &lt;a id="ember134" href="#/paymentsreceived" class="ember-view nav-link"&gt;ΓÇª&lt;/a&gt;&#xD;
&#xD;
2025-05-04T00:01:46.554Z pw:api waiting for Locator("div[id='main-nav-tab'] a[id*='ember'][class$='nav-link'], div[id='main-nav-tab']  a[id*='ember'][class$='nav-link ']").Nth(12)&#xD;
&#xD;
2025-05-04T00:01:46.557Z pw:api   locator resolved to &lt;a id="ember140" href="#/salesreturns" class="ember-view nav-link"&gt;ΓÇª&lt;/a&gt;&#xD;
&#xD;
2025-05-04T00:01:46.557Z pw:api waiting for Locator("div[id='main-nav-tab'] a[id*='ember'][class$='nav-link'], div[id='main-nav-tab']  a[id*='ember'][class$='nav-link ']").Nth(13)&#xD;
&#xD;
2025-05-04T00:01:46.560Z pw:api   locator resolved to &lt;a id="ember143" href="#/creditnotes" class="ember-view nav-link"&gt;ΓÇª&lt;/a&gt;&#xD;
&#xD;
2025-05-04T00:01:46.561Z pw:api waiting for Locator("div[id='main-nav-tab'] a[id*='ember'][class$='nav-link'], div[id='main-nav-tab']  a[id*='ember'][class$='nav-link ']").Nth(14)&#xD;
&#xD;
2025-05-04T00:01:46.572Z pw:api   locator resolved to &lt;a id="ember147" class="collapsed ember-view nav-link "&gt;ΓÇª&lt;/a&gt;&#xD;
&#xD;
2025-05-04T00:01:46.573Z pw:api waiting for Locator("div[id='main-nav-tab'] a[id*='ember'][class$='nav-link'], div[id='main-nav-tab']  a[id*='ember'][class$='nav-link ']").Nth(15)&#xD;
&#xD;
2025-05-04T00:01:46.575Z pw:api   locator resolved to &lt;a id="ember151" href="#/vendors" class="ember-view nav-link"&gt;ΓÇª&lt;/a&gt;&#xD;
&#xD;
2025-05-04T00:01:46.576Z pw:api waiting for Locator("div[id='main-nav-tab'] a[id*='ember'][class$='nav-link'], div[id='main-nav-tab']  a[id*='ember'][class$='nav-link ']").Nth(16)&#xD;
&#xD;
2025-05-04T00:01:46.581Z pw:api   locator resolved to &lt;a id="ember155" href="#/expenses" class="ember-view nav-link"&gt;ΓÇª&lt;/a&gt;&#xD;
&#xD;
2025-05-04T00:01:46.582Z pw:api waiting for Locator("div[id='main-nav-tab'] a[id*='ember'][class$='nav-link'], div[id='main-nav-tab']  a[id*='ember'][class$='nav-link ']").Nth(17)&#xD;
&#xD;
2025-05-04T00:01:46.584Z pw:api   locator resolved to &lt;a id="ember159" href="#/purchaseorders" class="ember-view nav-link"&gt;ΓÇª&lt;/a&gt;&#xD;
&#xD;
2025-05-04T00:01:46.585Z pw:api waiting for Locator("div[id='main-nav-tab'] a[id*='ember'][class$='nav-link'], div[id='main-nav-tab']  a[id*='ember'][class$='nav-link ']").Nth(18)&#xD;
&#xD;
2025-05-04T00:01:46.588Z pw:api   locator resolved to &lt;a id="ember163" href="#/purchasereceives" class="ember-view nav-link"&gt;ΓÇª&lt;/a&gt;&#xD;
&#xD;
2025-05-04T00:01:46.589Z pw:api waiting for Locator("div[id='main-nav-tab'] a[id*='ember'][class$='nav-link'], div[id='main-nav-tab']  a[id*='ember'][class$='nav-link ']").Nth(19)&#xD;
&#xD;
2025-05-04T00:01:46.591Z pw:api   locator resolved to &lt;a id="ember168" href="#/bills" class="ember-view nav-link"&gt;ΓÇª&lt;/a&gt;&#xD;
&#xD;
2025-05-04T00:01:46.592Z pw:api waiting for Locator("div[id='main-nav-tab'] a[id*='ember'][class$='nav-link'], div[id='main-nav-tab']  a[id*='ember'][class$='nav-link ']").Nth(20)&#xD;
&#xD;
2025-05-04T00:01:46.598Z pw:api   locator resolved to &lt;a id="ember172" href="#/paymentsmade" class="ember-view nav-link"&gt;ΓÇª&lt;/a&gt;&#xD;
&#xD;
2025-05-04T00:01:46.599Z pw:api waiting for Locator("div[id='main-nav-tab'] a[id*='ember'][class$='nav-link'], div[id='main-nav-tab']  a[id*='ember'][class$='nav-link ']").Nth(21)&#xD;
&#xD;
2025-05-04T00:01:46.602Z pw:api   locator resolved to &lt;a id="ember177" href="#/vendorcredits" class="ember-view nav-link"&gt;ΓÇª&lt;/a&gt;&#xD;
&#xD;
2025-05-04T00:01:46.603Z pw:api waiting for Locator("div[id='main-nav-tab'] a[id*='ember'][class$='nav-link'], div[id='main-nav-tab']  a[id*='ember'][class$='nav-link ']").Nth(22)&#xD;
&#xD;
2025-05-04T00:01:46.605Z pw:api   locator resolved to &lt;a id="ember181" class="ember-view nav-link" href="#/settings/integrations"&gt;ΓÇª&lt;/a&gt;&#xD;
&#xD;
2025-05-04T00:01:46.606Z pw:api waiting for Locator("div[id='main-nav-tab'] a[id*='ember'][class$='nav-link'], div[id='main-nav-tab']  a[id*='ember'][class$='nav-link ']").Nth(23)&#xD;
&#xD;
2025-05-04T00:01:46.608Z pw:api   locator resolved to &lt;a id="ember184" href="#/reports" class="ember-view nav-link"&gt;ΓÇª&lt;/a&gt;&#xD;
&#xD;
2025-05-04T00:01:46.609Z pw:api waiting for Locator("div[id='main-nav-tab'] a[id*='ember'][class$='nav-link'], div[id='main-nav-tab']  a[id*='ember'][class$='nav-link ']").Nth(24)&#xD;
&#xD;
2025-05-04T00:01:46.615Z pw:api   locator resolved to &lt;a id="ember187" href="#/documents/inbox" class="ember-view nav-link"&gt;ΓÇª&lt;/a&gt;&#xD;
&#xD;
2025-05-04T00:01:46.616Z pw:api waiting for Locator("div[id='main-nav-tab'] a[id*='ember'][class$='nav-link'], div[id='main-nav-tab']  a[id*='ember'][class$='nav-link ']").Nth(2)&#xD;
&#xD;
2025-05-04T00:01:46.626Z pw:api   locator resolved to &lt;a id="ember86" href="#/inventory/items" class="ember-view nav-link"&gt;ΓÇª&lt;/a&gt;&#xD;
&#xD;
2025-05-04T00:01:46.632Z pw:api attempting click action&#xD;
&#xD;
2025-05-04T00:01:46.632Z pw:api   waiting for element to be visible, enabled and stable&#xD;
&#xD;
2025-05-04T00:01:46.661Z pw:api   element is visible, enabled and stable&#xD;
&#xD;
2025-05-04T00:01:46.661Z pw:api   scrolling into view if needed&#xD;
&#xD;
2025-05-04T00:01:46.662Z pw:api   done scrolling&#xD;
&#xD;
2025-05-04T00:01:46.665Z pw:api   performing click action&#xD;
&#xD;
2025-05-04T00:01:46.687Z pw:api   click action done&#xD;
&#xD;
2025-05-04T00:01:46.687Z pw:api   waiting for scheduled navigations to finish&#xD;
&#xD;
2025-05-04T00:01:46.688Z pw:api   navigations have finished&#xD;
&#xD;
2025-05-04T00:01:46.700Z pw:api waiting for Locator("table[id='vertically-scrolled-table']") to be visible&#xD;
&#xD;
2025-05-04T00:01:47.103Z pw:api   navigated to "https://www.zoho.com/ca/inventory/inventory-software-demo/#/inventory/items"&#xD;
&#xD;
2025-05-04T00:01:47.128Z pw:api   "networkidle" event fired&#xD;
&#xD;
2025-05-04T00:01:47.515Z pw:api   locator resolved to visible &lt;table id="vertically-scrolled-table" class="table zi-table table-hover     header-fixed"&gt;ΓÇª&lt;/table&gt;&#xD;
&#xD;
2025-05-04T00:01:47.519Z pw:api waiting for Locator("table[id='vertically-scrolled-table']").Locator("tbody tr").First&#xD;
&#xD;
2025-05-04T00:01:47.520Z pw:api   locator resolved to &lt;tr tabindex="-1" id="ember310" class="ember-view   "&gt;ΓÇª&lt;/tr&gt;&#xD;
&#xD;
2025-05-04T00:01:47.526Z pw:api waiting for Locator("table[id='vertically-scrolled-table']").Locator("tbody tr").First.Locator("a")&#xD;
&#xD;
2025-05-04T00:01:47.528Z pw:api   locator resolved to &lt;a id="ember314" class="ember-view text-break " href="#/inventory/items/6620000005381000"&gt;Storage Cabinet&lt;/a&gt;&#xD;
&#xD;
2025-05-04T00:01:47.529Z pw:api waiting for Locator("table[id='vertically-scrolled-table']").Locator("tbody tr").First.Locator("td:nth-child(3)")&#xD;
&#xD;
2025-05-04T00:01:47.531Z pw:api   locator resolved to &lt;td class=" "&gt;Item 1 sku&lt;/td&gt;&#xD;
&#xD;
2025-05-04T00:01:47.532Z pw:api waiting for Locator("table[id='vertically-scrolled-table']").Locator("tbody tr").First.Locator("td:nth-child(4)")&#xD;
&#xD;
2025-05-04T00:01:47.533Z pw:api   locator resolved to &lt;td class=" "&gt;Goods&lt;/td&gt;&#xD;
&#xD;
2025-05-04T00:01:47.534Z pw:api waiting for Locator("table[id='vertically-scrolled-table']").Locator("tbody tr").First.Locator("td span[class='text-ellipsis']")&#xD;
&#xD;
2025-05-04T00:01:47.536Z pw:api   locator resolved to &lt;span id="aad8d7b10" class="text-ellipsis"&gt;A versatile storage cabinet with adjustable shelvΓÇª&lt;/span&gt;&#xD;
&#xD;
2025-05-04T00:01:47.536Z pw:api waiting for Locator("table[id='vertically-scrolled-table']").Locator("tbody tr").First.Locator("td[class='  text-end']")&#xD;
&#xD;
2025-05-04T00:01:47.538Z pw:api   locator resolved to &lt;td class="  text-end"&gt;$9052.00&lt;/td&gt;&#xD;
&#xD;
2025-05-04T00:01:47.539Z pw:api waiting for Locator("table[id='vertically-scrolled-table']").Locator("tbody tr").Nth(1)&#xD;
&#xD;
2025-05-04T00:01:47.540Z pw:api   locator resolved to &lt;tr tabindex="-1" id="ember316" class="ember-view   "&gt;ΓÇª&lt;/tr&gt;&#xD;
&#xD;
2025-05-04T00:01:47.541Z pw:api waiting for Locator("table[id='vertically-scrolled-table']").Locator("tbody tr").Nth(1).Locator("a")&#xD;
&#xD;
2025-05-04T00:01:47.542Z pw:api   locator resolved to &lt;a id="ember320" class="ember-view text-break " href="#/inventory/items/6620000005381001"&gt;Storage Cabinet&lt;/a&gt;&#xD;
&#xD;
2025-05-04T00:01:47.543Z pw:api waiting for Locator("table[id='vertically-scrolled-table']").Locator("tbody tr").Nth(1).Locator("td:nth-child(3)")&#xD;
&#xD;
2025-05-04T00:01:47.544Z pw:api   locator resolved to &lt;td class=" "&gt;Item 2 sku&lt;/td&gt;&#xD;
&#xD;
2025-05-04T00:01:47.545Z pw:api waiting for Locator("table[id='vertically-scrolled-table']").Locator("tbody tr").Nth(1).Locator("td:nth-child(4)")&#xD;
&#xD;
2025-05-04T00:01:47.547Z pw:api   locator resolved to &lt;td class=" "&gt;Goods&lt;/td&gt;&#xD;
&#xD;
2025-05-04T00:01:47.547Z pw:api waiting for Locator("table[id='vertically-scrolled-table']").Locator("tbody tr").Nth(1).Locator("td span[class='text-ellipsis']")&#xD;
&#xD;
2025-05-04T00:01:47.549Z pw:api   locator resolved to &lt;span id="a3137d5f3" class="text-ellipsis"&gt;A versatile storage cabinet with adjustable shelvΓÇª&lt;/span&gt;&#xD;
&#xD;
2025-05-04T00:01:47.549Z pw:api waiting for Locator("table[id='vertically-scrolled-table']").Locator("tbody tr").Nth(1).Locator("td[class='  text-end']")&#xD;
&#xD;
2025-05-04T00:01:47.551Z pw:api   locator resolved to &lt;td class="  text-end"&gt;$6711.00&lt;/td&gt;&#xD;
&#xD;
2025-05-04T00:01:47.551Z pw:api waiting for Locator("table[id='vertically-scrolled-table']").Locator("tbody tr").Nth(2)&#xD;
&#xD;
2025-05-04T00:01:47.553Z pw:api   locator resolved to &lt;tr tabindex="-1" id="ember322" class="ember-view   "&gt;ΓÇª&lt;/tr&gt;&#xD;
&#xD;
2025-05-04T00:01:47.553Z pw:api waiting for Locator("table[id='vertically-scrolled-table']").Locator("tbody tr").Nth(2).Locator("a")&#xD;
&#xD;
2025-05-04T00:01:47.555Z pw:api   locator resolved to &lt;a id="ember326" class="ember-view text-break " href="#/inventory/items/6620000005381002"&gt;Executive Office Desk&lt;/a&gt;&#xD;
&#xD;
2025-05-04T00:01:47.555Z pw:api waiting for Locator("table[id='vertically-scrolled-table']").Locator("tbody tr").Nth(2).Locator("td:nth-child(3)")&#xD;
&#xD;
2025-05-04T00:01:47.557Z pw:api   locator resolved to &lt;td class=" "&gt;Item 3 sku&lt;/td&gt;&#xD;
&#xD;
2025-05-04T00:01:47.557Z pw:api waiting for Locator("table[id='vertically-scrolled-table']").Locator("tbody tr").Nth(2).Locator("td:nth-child(4)")&#xD;
&#xD;
2025-05-04T00:01:47.559Z pw:api   locator resolved to &lt;td class=" "&gt;Goods&lt;/td&gt;&#xD;
&#xD;
2025-05-04T00:01:47.559Z pw:api waiting for Locator("table[id='vertically-scrolled-table']").Locator("tbody tr").Nth(2).Locator("td span[class='text-ellipsis']")&#xD;
&#xD;
2025-05-04T00:01:47.561Z pw:api   locator resolved to &lt;span id="a04c0e9a3" class="text-ellipsis"&gt;&lt;/span&gt;&#xD;
&#xD;
2025-05-04T00:01:47.561Z pw:api waiting for Locator("table[id='vertically-scrolled-table']").Locator("tbody tr").Nth(2).Locator("td[class='  text-end']")&#xD;
&#xD;
2025-05-04T00:01:47.563Z pw:api   locator resolved to &lt;td class="  text-end"&gt;&lt;/td&gt;&#xD;
&#xD;
2025-05-04T00:01:47.564Z pw:api waiting for Locator("table[id='vertically-scrolled-table']").Locator("tbody tr").Nth(3)&#xD;
&#xD;
2025-05-04T00:01:47.565Z pw:api   locator resolved to &lt;tr tabindex="-1" id="ember328" class="ember-view   "&gt;ΓÇª&lt;/tr&gt;&#xD;
&#xD;
2025-05-04T00:01:47.566Z pw:api waiting for Locator("table[id='vertically-scrolled-table']").Locator("tbody tr").Nth(3).Locator("a")&#xD;
&#xD;
2025-05-04T00:01:47.568Z pw:api   locator resolved to &lt;a id="ember332" class="ember-view text-break " href="#/inventory/items/6620000005381003"&gt;Storage Cabinet&lt;/a&gt;&#xD;
&#xD;
2025-05-04T00:01:47.568Z pw:api waiting for Locator("table[id='vertically-scrolled-table']").Locator("tbody tr").Nth(3).Locator("td:nth-child(3)")&#xD;
&#xD;
2025-05-04T00:01:47.570Z pw:api   locator resolved to &lt;td class=" "&gt;Item 4 sku&lt;/td&gt;&#xD;
&#xD;
2025-05-04T00:01:47.570Z pw:api waiting for Locator("table[id='vertically-scrolled-table']").Locator("tbody tr").Nth(3).Locator("td:nth-child(4)")&#xD;
&#xD;
2025-05-04T00:01:47.572Z pw:api   locator resolved to &lt;td class=" "&gt;Goods&lt;/td&gt;&#xD;
&#xD;
2025-05-04T00:01:47.573Z pw:api waiting for Locator("table[id='vertically-scrolled-table']").Locator("tbody tr").Nth(3).Locator("td span[class='text-ellipsis']")&#xD;
&#xD;
2025-05-04T00:01:47.574Z pw:api   locator resolved to &lt;span id="a0bae67fa" class="text-ellipsis"&gt;&lt;/span&gt;&#xD;
&#xD;
2025-05-04T00:01:47.575Z pw:api waiting for Locator("table[id='vertically-scrolled-table']").Locator("tbody tr").Nth(3).Locator("td[class='  text-end']")&#xD;
&#xD;
2025-05-04T00:01:47.576Z pw:api   locator resolved to &lt;td class="  text-end"&gt;&lt;/td&gt;&#xD;
&#xD;
2025-05-04T00:01:47.577Z pw:api waiting for Locator("table[id='vertically-scrolled-table']").Locator("tbody tr").Nth(4)&#xD;
&#xD;
2025-05-04T00:01:47.578Z pw:api   locator resolved to &lt;tr tabindex="-1" id="ember334" class="ember-view   "&gt;ΓÇª&lt;/tr&gt;&#xD;
&#xD;
2025-05-04T00:01:47.579Z pw:api waiting for Locator("table[id='vertically-scrolled-table']").Locator("tbody tr").Nth(4).Locator("a")&#xD;
&#xD;
2025-05-04T00:01:47.580Z pw:api   locator resolved to &lt;a id="ember338" class="ember-view text-break " href="#/inventory/items/6620000005381004"&gt;Patio Dining Set&lt;/a&gt;&#xD;
&#xD;
2025-05-04T00:01:47.581Z pw:api waiting for Locator("table[id='vertically-scrolled-table']").Locator("tbody tr").Nth(4).Locator("td:nth-child(3)")&#xD;
&#xD;
2025-05-04T00:01:47.583Z pw:api   locator resolved to &lt;td class=" "&gt;Item 5 sku&lt;/td&gt;&#xD;
&#xD;
2025-05-04T00:01:47.583Z pw:api waiting for Locator("table[id='vertically-scrolled-table']").Locator("tbody tr").Nth(4).Locator("td:nth-child(4)")&#xD;
&#xD;
2025-05-04T00:01:47.585Z pw:api   locator resolved to &lt;td class=" "&gt;Goods&lt;/td&gt;&#xD;
&#xD;
2025-05-04T00:01:47.585Z pw:api waiting for Locator("table[id='vertically-scrolled-table']").Locator("tbody tr").Nth(4).Locator("td span[class='text-ellipsis']")&#xD;
&#xD;
2025-05-04T00:01:47.587Z pw:api   locator resolved to &lt;span id="a8ee9de5b" class="text-ellipsis"&gt;An outdoor dining set with a table and six chairs.&lt;/span&gt;&#xD;
&#xD;
2025-05-04T00:01:47.588Z pw:api waiting for Locator("table[id='vertically-scrolled-table']").Locator("tbody tr").Nth(4).Locator("td[class='  text-end']")&#xD;
&#xD;
2025-05-04T00:01:47.589Z pw:api   locator resolved to &lt;td class="  text-end"&gt;$8630.00&lt;/td&gt;&#xD;
&#xD;
2025-05-04T00:01:47.590Z pw:api waiting for Locator("table[id='vertically-scrolled-table']").Locator("tbody tr").Nth(5)&#xD;
&#xD;
2025-05-04T00:01:47.592Z pw:api   locator resolved to &lt;tr tabindex="-1" id="ember340" class="ember-view   "&gt;ΓÇª&lt;/tr&gt;&#xD;
&#xD;
2025-05-04T00:01:47.592Z pw:api waiting for Locator("table[id='vertically-scrolled-table']").Locator("tbody tr").Nth(5).Locator("a")&#xD;
&#xD;
2025-05-04T00:01:47.594Z pw:api   locator resolved to &lt;a id="ember344" class="ember-view text-break " href="#/inventory/items/6620000005381005"&gt;Dining Table and Chairs Set&lt;/a&gt;&#xD;
&#xD;
2025-05-04T00:01:47.595Z pw:api waiting for Locator("table[id='vertically-scrolled-table']").Locator("tbody tr").Nth(5).Locator("td:nth-child(3)")&#xD;
&#xD;
2025-05-04T00:01:47.596Z pw:api   locator resolved to &lt;td class=" "&gt;Item 6 sku&lt;/td&gt;&#xD;
&#xD;
2025-05-04T00:01:47.597Z pw:api waiting for Locator("table[id='vertically-scrolled-table']").Locator("tbody tr").Nth(5).Locator("td:nth-child(4)")&#xD;
&#xD;
2025-05-04T00:01:47.599Z pw:api   locator resolved to &lt;td class=" "&gt;Goods&lt;/td&gt;&#xD;
&#xD;
2025-05-04T00:01:47.600Z pw:api waiting for Locator("table[id='vertically-scrolled-table']").Locator("tbody tr").Nth(5).Locator("td span[class='text-ellipsis']")&#xD;
&#xD;
2025-05-04T00:01:47.601Z pw:api   locator resolved to &lt;span id="a72b37d01" class="text-ellipsis"&gt;A stylish dining set with a table and four chairs.&lt;/span&gt;&#xD;
&#xD;
2025-05-04T00:01:47.602Z pw:api waiting for Locator("table[id='vertically-scrolled-table']").Locator("tbody tr").Nth(5).Locator("td[class='  text-end']")&#xD;
&#xD;
2025-05-04T00:01:47.603Z pw:api   locator resolved to &lt;td class="  text-end"&gt;$8091.00&lt;/td&gt;&#xD;
&#xD;
2025-05-04T00:01:47.604Z pw:api waiting for Locator("table[id='vertically-scrolled-table']").Locator("tbody tr").Nth(6)&#xD;
&#xD;
2025-05-04T00:01:47.605Z pw:api   locator resolved to &lt;tr tabindex="-1" id="ember346" class="ember-view   "&gt;ΓÇª&lt;/tr&gt;&#xD;
&#xD;
2025-05-04T00:01:47.606Z pw:api waiting for Locator("table[id='vertically-scrolled-table']").Locator("tbody tr").Nth(6).Locator("a")&#xD;
&#xD;
2025-05-04T00:01:47.608Z pw:api   locator resolved to &lt;a id="ember350" class="ember-view text-break " href="#/inventory/items/6620000005381006"&gt;Queen Size Bed&lt;/a&gt;&#xD;
&#xD;
2025-05-04T00:01:47.608Z pw:api waiting for Locator("table[id='vertically-scrolled-table']").Locator("tbody tr").Nth(6).Locator("td:nth-child(3)")&#xD;
&#xD;
2025-05-04T00:01:47.610Z pw:api   locator resolved to &lt;td class=" "&gt;Item 7 sku&lt;/td&gt;&#xD;
&#xD;
2025-05-04T00:01:47.610Z pw:api waiting for Locator("table[id='vertically-scrolled-table']").Locator("tbody tr").Nth(6).Locator("td:nth-child(4)")&#xD;
&#xD;
2025-05-04T00:01:47.612Z pw:api   locator resolved to &lt;td class=" "&gt;Goods&lt;/td&gt;&#xD;
&#xD;
2025-05-04T00:01:47.613Z pw:api waiting for Locator("table[id='vertically-scrolled-table']").Locator("tbody tr").Nth(6).Locator("td span[class='text-ellipsis']")&#xD;
&#xD;
2025-05-04T00:01:47.615Z pw:api   locator resolved to &lt;span id="a2cf919e8" class="text-ellipsis"&gt;Mid-century wooden double bed. Scandinavian-styleΓÇª&lt;/span&gt;&#xD;
&#xD;
2025-05-04T00:01:47.615Z pw:api waiting for Locator("table[id='vertically-scrolled-table']").Locator("tbody tr").Nth(6).Locator("td[class='  text-end']")&#xD;
&#xD;
2025-05-04T00:01:47.617Z pw:api   locator resolved to &lt;td class="  text-end"&gt;$4068.00&lt;/td&gt;&#xD;
&#xD;
2025-05-04T00:01:47.618Z pw:api waiting for Locator("table[id='vertically-scrolled-table']").Locator("tbody tr").Nth(7)&#xD;
&#xD;
2025-05-04T00:01:47.619Z pw:api   locator resolved to &lt;tr tabindex="-1" id="ember352" class="ember-view   "&gt;ΓÇª&lt;/tr&gt;&#xD;
&#xD;
2025-05-04T00:01:47.620Z pw:api waiting for Locator("table[id='vertically-scrolled-table']").Locator("tbody tr").Nth(7).Locator("a")&#xD;
&#xD;
2025-05-04T00:01:47.621Z pw:api   locator resolved to &lt;a id="ember356" class="ember-view text-break " href="#/inventory/items/6620000005381007"&gt;Executive Office Desk&lt;/a&gt;&#xD;
&#xD;
2025-05-04T00:01:47.622Z pw:api waiting for Locator("table[id='vertically-scrolled-table']").Locator("tbody tr").Nth(7).Locator("td:nth-child(3)")&#xD;
&#xD;
2025-05-04T00:01:47.623Z pw:api   locator resolved to &lt;td class=" "&gt;Item 8 sku&lt;/td&gt;&#xD;
&#xD;
2025-05-04T00:01:47.623Z pw:api waiting for Locator("table[id='vertically-scrolled-table']").Locator("tbody tr").Nth(7).Locator("td:nth-child(4)")&#xD;
&#xD;
2025-05-04T00:01:47.625Z pw:api   locator resolved to &lt;td class=" "&gt;Goods&lt;/td&gt;&#xD;
&#xD;
2025-05-04T00:01:47.625Z pw:api waiting for Locator("table[id='vertically-scrolled-table']").Locator("tbody tr").Nth(7).Locator("td span[class='text-ellipsis']")&#xD;
&#xD;
2025-05-04T00:01:47.626Z pw:api   locator resolved to &lt;span id="ad47f5605" class="text-ellipsis"&gt;A spacious executive desk with storage drawers.&lt;/span&gt;&#xD;
&#xD;
2025-05-04T00:01:47.627Z pw:api waiting for Locator("table[id='vertically-scrolled-table']").Locator("tbody tr").Nth(7).Locator("td[class='  text-end']")&#xD;
&#xD;
2025-05-04T00:01:47.629Z pw:api   locator resolved to &lt;td class="  text-end"&gt;$572.00&lt;/td&gt;&#xD;
&#xD;
2025-05-04T00:01:47.630Z pw:api waiting for Locator("table[id='vertically-scrolled-table']").Locator("tbody tr").Nth(8)&#xD;
&#xD;
2025-05-04T00:01:47.631Z pw:api   locator resolved to &lt;tr tabindex="-1" id="ember358" class="ember-view   "&gt;ΓÇª&lt;/tr&gt;&#xD;
&#xD;
2025-05-04T00:01:47.632Z pw:api waiting for Locator("table[id='vertically-scrolled-table']").Locator("tbody tr").Nth(8).Locator("a")&#xD;
&#xD;
2025-05-04T00:01:47.633Z pw:api   locator resolved to &lt;a id="ember362" class="ember-view text-break " href="#/inventory/items/6620000005381008"&gt;Composite Item 0&lt;/a&gt;&#xD;
&#xD;
2025-05-04T00:01:47.633Z pw:api waiting for Locator("table[id='vertically-scrolled-table']").Locator("tbody tr").Nth(8).Locator("td:nth-child(3)")&#xD;
&#xD;
2025-05-04T00:01:47.635Z pw:api   locator resolved to &lt;td class=" "&gt;75790&lt;/td&gt;&#xD;
&#xD;
2025-05-04T00:01:47.635Z pw:api waiting for Locator("table[id='vertically-scrolled-table']").Locator("tbody tr").Nth(8).Locator("td:nth-child(4)")&#xD;
&#xD;
2025-05-04T00:01:47.636Z pw:api   locator resolved to &lt;td class=" "&gt;Service&lt;/td&gt;&#xD;
&#xD;
2025-05-04T00:01:47.637Z pw:api waiting for Locator("table[id='vertically-scrolled-table']").Locator("tbody tr").Nth(8).Locator("td span[class='text-ellipsis']")&#xD;
&#xD;
2025-05-04T00:01:47.638Z pw:api   locator resolved to &lt;span id="a52c70773" class="text-ellipsis"&gt;Inventore corrupti hic ex eum quibusdam. Numquam ΓÇª&lt;/span&gt;&#xD;
&#xD;
2025-05-04T00:01:47.639Z pw:api waiting for Locator("table[id='vertically-scrolled-table']").Locator("tbody tr").Nth(8).Locator("td[class='  text-end']")&#xD;
&#xD;
2025-05-04T00:01:47.640Z pw:api   locator resolved to &lt;td class="  text-end"&gt;$931.00&lt;/td&gt;&#xD;
&#xD;
2025-05-04T00:01:47.641Z pw:api waiting for Locator("table[id='vertically-scrolled-table']").Locator("tbody tr").Nth(9)&#xD;
&#xD;
2025-05-04T00:01:47.642Z pw:api   locator resolved to &lt;tr tabindex="-1" id="ember364" class="ember-view   "&gt;ΓÇª&lt;/tr&gt;&#xD;
&#xD;
2025-05-04T00:01:47.642Z pw:api waiting for Locator("table[id='vertically-scrolled-table']").Locator("tbody tr").Nth(9).Locator("a")&#xD;
&#xD;
2025-05-04T00:01:47.644Z pw:api   locator resolved to &lt;a id="ember368" class="ember-view text-break " href="#/inventory/items/6620000005381009"&gt;Composite Item 1&lt;/a&gt;&#xD;
&#xD;
2025-05-04T00:01:47.645Z pw:api waiting for Locator("table[id='vertically-scrolled-table']").Locator("tbody tr").Nth(9).Locator("td:nth-child(3)")&#xD;
&#xD;
2025-05-04T00:01:47.646Z pw:api   locator resolved to &lt;td class=" "&gt;75790&lt;/td&gt;&#xD;
&#xD;
2025-05-04T00:01:47.647Z pw:api waiting for Locator("table[id='vertically-scrolled-table']").Locator("tbody tr").Nth(9).Locator("td:nth-child(4)")&#xD;
&#xD;
2025-05-04T00:01:47.649Z pw:api   locator resolved to &lt;td class=" "&gt;Service&lt;/td&gt;&#xD;
&#xD;
2025-05-04T00:01:47.649Z pw:api waiting for Locator("table[id='vertically-scrolled-table']").Locator("tbody tr").Nth(9).Locator("td span[class='text-ellipsis']")&#xD;
&#xD;
2025-05-04T00:01:47.651Z pw:api   locator resolved to &lt;span id="a3fe44d32" class="text-ellipsis"&gt;Inventore corrupti hic ex eum quibusdam. Numquam ΓÇª&lt;/span&gt;&#xD;
&#xD;
2025-05-04T00:01:47.651Z pw:api waiting for Locator("table[id='vertically-scrolled-table']").Locator("tbody tr").Nth(9).Locator("td[class='  text-end']")&#xD;
&#xD;
2025-05-04T00:01:47.653Z pw:api   locator resolved to &lt;td class="  text-end"&gt;$771.00&lt;/td&gt;&#xD;
&#xD;
2025-05-04T00:01:47.653Z pw:api waiting for Locator("table[id='vertically-scrolled-table']").Locator("tbody tr").Nth(10)&#xD;
&#xD;
2025-05-04T00:01:47.655Z pw:api   locator resolved to &lt;tr tabindex="-1" id="ember370" class="ember-view   "&gt;ΓÇª&lt;/tr&gt;&#xD;
&#xD;
2025-05-04T00:01:47.655Z pw:api waiting for Locator("table[id='vertically-scrolled-table']").Locator("tbody tr").Nth(10).Locator("a")&#xD;
&#xD;
2025-05-04T00:01:47.657Z pw:api   locator resolved to &lt;a id="ember374" class="ember-view text-break " href="#/inventory/items/6620000005381010"&gt;Composite Item 2&lt;/a&gt;&#xD;
&#xD;
2025-05-04T00:01:47.657Z pw:api waiting for Locator("table[id='vertically-scrolled-table']").Locator("tbody tr").Nth(10).Locator("td:nth-child(3)")&#xD;
&#xD;
2025-05-04T00:01:47.659Z pw:api   locator resolved to &lt;td class=" "&gt;75790&lt;/td&gt;&#xD;
&#xD;
2025-05-04T00:01:47.660Z pw:api waiting for Locator("table[id='vertically-scrolled-table']").Locator("tbody tr").Nth(10).Locator("td:nth-child(4)")&#xD;
&#xD;
2025-05-04T00:01:47.661Z pw:api   locator resolved to &lt;td class=" "&gt;Service&lt;/td&gt;&#xD;
&#xD;
2025-05-04T00:01:47.664Z pw:api waiting for Locator("table[id='vertically-scrolled-table']").Locator("tbody tr").Nth(10).Locator("td span[class='text-ellipsis']")&#xD;
&#xD;
2025-05-04T00:01:47.666Z pw:api   locator resolved to &lt;span id="a57165af1" class="text-ellipsis"&gt;Inventore corrupti hic ex eum quibusdam. Numquam ΓÇª&lt;/span&gt;&#xD;
&#xD;
2025-05-04T00:01:47.667Z pw:api waiting for Locator("table[id='vertically-scrolled-table']").Locator("tbody tr").Nth(10).Locator("td[class='  text-end']")&#xD;
&#xD;
2025-05-04T00:01:47.668Z pw:api   locator resolved to &lt;td class="  text-end"&gt;$122.00&lt;/td&gt;&#xD;
&#xD;
2025-05-04T00:01:47.669Z pw:api waiting for Locator("table[id='vertically-scrolled-table']").Locator("tbody tr").Nth(11)&#xD;
&#xD;
2025-05-04T00:01:47.670Z pw:api   locator resolved to &lt;tr tabindex="-1" id="ember376" class="ember-view   "&gt;ΓÇª&lt;/tr&gt;&#xD;
&#xD;
2025-05-04T00:01:47.671Z pw:api waiting for Locator("table[id='vertically-scrolled-table']").Locator("tbody tr").Nth(11).Locator("a")&#xD;
&#xD;
2025-05-04T00:01:47.672Z pw:api   locator resolved to &lt;a id="ember380" class="ember-view text-break " href="#/inventory/items/6620000005381011"&gt;Composite Item 3&lt;/a&gt;&#xD;
&#xD;
2025-05-04T00:01:47.673Z pw:api waiting for Locator("table[id='vertically-scrolled-table']").Locator("tbody tr").Nth(11).Locator("td:nth-child(3)")&#xD;
&#xD;
2025-05-04T00:01:47.674Z pw:api   locator resolved to &lt;td class=" "&gt;75790&lt;/td&gt;&#xD;
&#xD;
2025-05-04T00:01:47.675Z pw:api waiting for Locator("table[id='vertically-scrolled-table']").Locator("tbody tr").Nth(11).Locator("td:nth-child(4)")&#xD;
&#xD;
2025-05-04T00:01:47.676Z pw:api   locator resolved to &lt;td class=" "&gt;Service&lt;/td&gt;&#xD;
&#xD;
2025-05-04T00:01:47.677Z pw:api waiting for Locator("table[id='vertically-scrolled-table']").Locator("tbody tr").Nth(11).Locator("td span[class='text-ellipsis']")&#xD;
&#xD;
2025-05-04T00:01:47.678Z pw:api   locator resolved to &lt;span id="a1dbf2041" class="text-ellipsis"&gt;Inventore corrupti hic ex eum quibusdam. Numquam ΓÇª&lt;/span&gt;&#xD;
&#xD;
2025-05-04T00:01:47.679Z pw:api waiting for Locator("table[id='vertically-scrolled-table']").Locator("tbody tr").Nth(11).Locator("td[class='  text-end']")&#xD;
&#xD;
2025-05-04T00:01:47.681Z pw:api   locator resolved to &lt;td class="  text-end"&gt;$656.00&lt;/td&gt;&#xD;
&#xD;
2025-05-04T00:01:47.682Z pw:api waiting for Locator("table[id='vertically-scrolled-table']").Locator("tbody tr").Nth(12)&#xD;
&#xD;
2025-05-04T00:01:47.683Z pw:api   locator resolved to &lt;tr tabindex="-1" id="ember382" class="ember-view   "&gt;ΓÇª&lt;/tr&gt;&#xD;
&#xD;
2025-05-04T00:01:47.684Z pw:api waiting for Locator("table[id='vertically-scrolled-table']").Locator("tbody tr").Nth(12).Locator("a")&#xD;
&#xD;
2025-05-04T00:01:47.685Z pw:api   locator resolved to &lt;a id="ember386" class="ember-view text-break " href="#/inventory/items/6620000005381012"&gt;Composite Item 4&lt;/a&gt;&#xD;
&#xD;
2025-05-04T00:01:47.686Z pw:api waiting for Locator("table[id='vertically-scrolled-table']").Locator("tbody tr").Nth(12).Locator("td:nth-child(3)")&#xD;
&#xD;
2025-05-04T00:01:47.688Z pw:api   locator resolved to &lt;td class=" "&gt;75790&lt;/td&gt;&#xD;
&#xD;
2025-05-04T00:01:47.689Z pw:api waiting for Locator("table[id='vertically-scrolled-table']").Locator("tbody tr").Nth(12).Locator("td:nth-child(4)")&#xD;
&#xD;
2025-05-04T00:01:47.690Z pw:api   locator resolved to &lt;td class=" "&gt;Service&lt;/td&gt;&#xD;
&#xD;
2025-05-04T00:01:47.691Z pw:api waiting for Locator("table[id='vertically-scrolled-table']").Locator("tbody tr").Nth(12).Locator("td span[class='text-ellipsis']")&#xD;
&#xD;
2025-05-04T00:01:47.693Z pw:api   locator resolved to &lt;span id="a4d1a185f" class="text-ellipsis"&gt;Inventore corrupti hic ex eum quibusdam. Numquam ΓÇª&lt;/span&gt;&#xD;
&#xD;
2025-05-04T00:01:47.694Z pw:api waiting for Locator("table[id='vertically-scrolled-table']").Locator("tbody tr").Nth(12).Locator("td[class='  text-end']")&#xD;
&#xD;
2025-05-04T00:01:47.696Z pw:api   locator resolved to &lt;td class="  text-end"&gt;$131.00&lt;/td&gt;&#xD;
&#xD;
2025-05-04T00:01:47.697Z pw:api waiting for Locator("button[class='btn btn-primary']")&#xD;
&#xD;
2025-05-04T00:01:47.699Z pw:api   locator resolved to &lt;button data-ember-action="" class="btn btn-primary" data-ember-action-264="264"&gt;ΓÇª&lt;/button&gt;&#xD;
&#xD;
2025-05-04T00:01:47.699Z pw:api attempting click action&#xD;
&#xD;
2025-05-04T00:01:47.699Z pw:api   waiting for element to be visible, enabled and stable&#xD;
&#xD;
2025-05-04T00:01:47.710Z pw:api   element is visible, enabled and stable&#xD;
&#xD;
2025-05-04T00:01:47.710Z pw:api   scrolling into view if needed&#xD;
&#xD;
2025-05-04T00:01:47.710Z pw:api   done scrolling&#xD;
&#xD;
2025-05-04T00:01:47.712Z pw:api   performing click action&#xD;
&#xD;
2025-05-04T00:01:47.728Z pw:api   click action done&#xD;
&#xD;
2025-05-04T00:01:47.728Z pw:api   waiting for scheduled navigations to finish&#xD;
&#xD;
2025-05-04T00:01:47.728Z pw:api   navigations have finished&#xD;
&#xD;
2025-05-04T00:01:47.730Z pw:api waiting for Locator("input[value='goods']")&#xD;
&#xD;
2025-05-04T00:01:48.131Z pw:api   navigated to "https://www.zoho.com/ca/inventory/inventory-software-demo/#/inventory/items/new"&#xD;
&#xD;
2025-05-04T00:01:48.550Z pw:api   locator resolved to &lt;input type="radio" value="goods" id="a9e8c12f3" name="productType" class="ember-view form-check-input"/&gt;&#xD;
&#xD;
2025-05-04T00:01:48.550Z pw:api attempting click action&#xD;
&#xD;
2025-05-04T00:01:48.550Z pw:api   waiting for element to be visible, enabled and stable&#xD;
&#xD;
2025-05-04T00:01:48.560Z pw:api   element is visible, enabled and stable&#xD;
&#xD;
2025-05-04T00:01:48.560Z pw:api   scrolling into view if needed&#xD;
&#xD;
2025-05-04T00:01:48.560Z pw:api   done scrolling&#xD;
&#xD;
2025-05-04T00:01:48.562Z pw:api   performing click action&#xD;
&#xD;
2025-05-04T00:01:48.569Z pw:api   click action done&#xD;
&#xD;
2025-05-04T00:01:48.569Z pw:api   waiting for scheduled navigations to finish&#xD;
&#xD;
2025-05-04T00:01:48.570Z pw:api   navigations have finished&#xD;
&#xD;
2025-05-04T00:01:48.571Z pw:api waiting for Locator("div[class='form-group'] input")&#xD;
&#xD;
2025-05-04T00:01:48.573Z pw:api   locator resolved to &lt;input type="text" autofocus="" id="ember394" class="form-control ember-text-field ember-view"/&gt;&#xD;
&#xD;
2025-05-04T00:01:48.574Z pw:api   fill("TemporaryName")&#xD;
&#xD;
2025-05-04T00:01:48.574Z pw:api attempting fill action&#xD;
&#xD;
2025-05-04T00:01:48.574Z pw:api   waiting for element to be visible, enabled and editable&#xD;
&#xD;
2025-05-04T00:01:48.583Z pw:api waiting for Locator("//label[@class='col-lg-3 col-form-label' and contains(string(), 'SKU')]//following-sibling::div//descendant::input")&#xD;
&#xD;
2025-05-04T00:01:48.584Z pw:api   locator resolved to &lt;input type="text" id="ember395" class="ember-text-field ember-view form-control"/&gt;&#xD;
&#xD;
2025-05-04T00:01:48.585Z pw:api   fill("item 99 sku")&#xD;
&#xD;
2025-05-04T00:01:48.585Z pw:api attempting fill action&#xD;
&#xD;
2025-05-04T00:01:48.585Z pw:api   waiting for element to be visible, enabled and editable&#xD;
&#xD;
2025-05-04T00:01:48.592Z pw:api waiting for Locator("//label[@class='col-lg-3 col-form-label' and contains(string(), 'Unit')]//following-sibling::div")&#xD;
&#xD;
2025-05-04T00:01:48.596Z pw:api   locator resolved to &lt;div class="col-lg-8"&gt;ΓÇª&lt;/div&gt;&#xD;
&#xD;
2025-05-04T00:01:48.597Z pw:api attempting click action&#xD;
&#xD;
2025-05-04T00:01:48.597Z pw:api   waiting for element to be visible, enabled and stable&#xD;
&#xD;
2025-05-04T00:01:48.627Z pw:api   element is visible, enabled and stable&#xD;
&#xD;
2025-05-04T00:01:48.627Z pw:api   scrolling into view if needed&#xD;
&#xD;
2025-05-04T00:01:48.627Z pw:api   done scrolling&#xD;
&#xD;
2025-05-04T00:01:48.630Z pw:api   performing click action&#xD;
&#xD;
2025-05-04T00:01:48.642Z pw:api   click action done&#xD;
&#xD;
2025-05-04T00:01:48.643Z pw:api   waiting for scheduled navigations to finish&#xD;
&#xD;
2025-05-04T00:01:48.643Z pw:api   navigations have finished&#xD;
&#xD;
2025-05-04T00:01:48.644Z pw:api waiting for Locator("div[title='PAIRS']")&#xD;
&#xD;
2025-05-04T00:01:48.647Z pw:api   locator resolved to &lt;div title="PAIRS" class="over-flow"&gt;ΓÇª&lt;/div&gt;&#xD;
&#xD;
2025-05-04T00:01:48.648Z pw:api attempting click action&#xD;
&#xD;
2025-05-04T00:01:48.648Z pw:api   waiting for element to be visible, enabled and stable&#xD;
&#xD;
2025-05-04T00:01:48.677Z pw:api   element is visible, enabled and stable&#xD;
&#xD;
2025-05-04T00:01:48.677Z pw:api   scrolling into view if needed&#xD;
&#xD;
2025-05-04T00:01:48.678Z pw:api   done scrolling&#xD;
&#xD;
2025-05-04T00:01:48.680Z pw:api   performing click action&#xD;
&#xD;
2025-05-04T00:01:48.693Z pw:api   click action done&#xD;
&#xD;
2025-05-04T00:01:48.693Z pw:api   waiting for scheduled navigations to finish&#xD;
&#xD;
2025-05-04T00:01:48.695Z pw:api   navigations have finished&#xD;
&#xD;
2025-05-04T00:01:48.699Z pw:api waiting for Locator("xpath=(//div[@class='input-group-prepend']//following-sibling::input)[1]")&#xD;
&#xD;
2025-05-04T00:01:48.701Z pw:api   locator resolved to &lt;input type="text" id="ember421" class="ember-text-field text-start ember-view form-control"/&gt;&#xD;
&#xD;
2025-05-04T00:01:48.701Z pw:api   fill("205")&#xD;
&#xD;
2025-05-04T00:01:48.701Z pw:api attempting fill action&#xD;
&#xD;
2025-05-04T00:01:48.701Z pw:api   waiting for element to be visible, enabled and editable&#xD;
&#xD;
2025-05-04T00:01:48.708Z pw:api waiting for Locator("xpath=(//div[@class='input-group-prepend']//following-sibling::input)[2]")&#xD;
&#xD;
2025-05-04T00:01:48.710Z pw:api   locator resolved to &lt;input type="text" id="ember426" class="ember-text-field text-start ember-view form-control"/&gt;&#xD;
&#xD;
2025-05-04T00:01:48.712Z pw:api   fill("150")&#xD;
&#xD;
2025-05-04T00:01:48.712Z pw:api attempting fill action&#xD;
&#xD;
2025-05-04T00:01:48.712Z pw:api   waiting for element to be visible, enabled and editable&#xD;
&#xD;
2025-05-04T00:01:48.721Z pw:api waiting for Locator("button[type='submit']")&#xD;
&#xD;
2025-05-04T00:01:48.723Z pw:api   locator resolved to &lt;button id="ember438" type="submit" class="btn btn-primary ember-view"&gt;ΓÇª&lt;/button&gt;&#xD;
&#xD;
2025-05-04T00:01:48.724Z pw:api attempting click action&#xD;
&#xD;
2025-05-04T00:01:48.724Z pw:api   waiting for element to be visible, enabled and stable&#xD;
&#xD;
2025-05-04T00:01:48.743Z pw:api   element is visible, enabled and stable&#xD;
&#xD;
2025-05-04T00:01:48.743Z pw:api   scrolling into view if needed&#xD;
&#xD;
2025-05-04T00:01:48.744Z pw:api   done scrolling&#xD;
&#xD;
2025-05-04T00:01:48.746Z pw:api   performing click action&#xD;
&#xD;
2025-05-04T00:01:48.762Z pw:api   click action done&#xD;
&#xD;
2025-05-04T00:01:48.762Z pw:api   waiting for scheduled navigations to finish&#xD;
&#xD;
2025-05-04T00:01:48.763Z pw:api   navigations have finished&#xD;
&#xD;
2025-05-04T00:01:48.764Z pw:api waiting for Locator("span[class='close-entity close-details ms-4'] path")&#xD;
&#xD;
2025-05-04T00:01:49.583Z pw:api   navigated to "https://www.zoho.com/ca/inventory/inventory-software-demo/#/inventory/items/66200000053810013?filter_by=Status.Active&amp;sort_column=created_time&amp;sort_order=D"&#xD;
&#xD;
2025-05-04T00:01:49.655Z pw:api   locator resolved to &lt;path d="M455.2 9.2L256 208.4 56.8 9.2C44.5-3.1 24.6-3.1 12.2 9.2l-2.9 2.9C-3 24.4-3 44.4 9.3 56.7L208.4 256 9.2 455.2c-12.3 12.3-12.3 32.3 0 44.6l2.9 2.9c12.3 12.3 32.3 12.3 44.6 0L256 303.6l199.2 199.2c12.3 12.3 32.3 12.3 44.6 0l2.9-2.9c12.3-12.3 12.3-32.3 0-44.6L303.6 256 502.8 56.8c12.3-12.3 12.3-32.3 0-44.6l-2.9-2.9c-12.5-12.4-32.4-12.4-44.7-.1z"&gt;&lt;/path&gt;&#xD;
&#xD;
2025-05-04T00:01:49.657Z pw:api attempting click action&#xD;
&#xD;
2025-05-04T00:01:49.657Z pw:api   waiting for element to be visible, enabled and stable&#xD;
&#xD;
2025-05-04T00:01:49.677Z pw:api   element is visible, enabled and stable&#xD;
&#xD;
2025-05-04T00:01:49.677Z pw:api   scrolling into view if needed&#xD;
&#xD;
2025-05-04T00:01:49.678Z pw:api   done scrolling&#xD;
&#xD;
2025-05-04T00:01:49.680Z pw:api   performing click action&#xD;
&#xD;
2025-05-04T00:01:49.688Z pw:api   navigated to "https://www.zoho.com/ca/inventory/inventory-software-demo/#/inventory/items?filter_by=Status.Active&amp;sort_column=created_time&amp;sort_order=D"&#xD;
&#xD;
2025-05-04T00:01:49.758Z pw:api   click action done&#xD;
&#xD;
2025-05-04T00:01:49.758Z pw:api   waiting for scheduled navigations to finish&#xD;
&#xD;
2025-05-04T00:01:49.762Z pw:api   navigations have finished&#xD;
&#xD;
2025-05-04T00:01:49.764Z pw:api waiting for Locator("table[id='vertically-scrolled-table']") to be visible&#xD;
&#xD;
2025-05-04T00:01:49.766Z pw:api   locator resolved to visible &lt;table id="vertically-scrolled-table" class="table zi-table table-hover     header-fixed"&gt;ΓÇª&lt;/table&gt;&#xD;
&#xD;
2025-05-04T00:01:49.768Z pw:api waiting for Locator("table[id='vertically-scrolled-table']").Locator("tbody tr").First&#xD;
&#xD;
2025-05-04T00:01:49.769Z pw:api   locator resolved to &lt;tr tabindex="-1" id="ember485" class="ember-view   "&gt;ΓÇª&lt;/tr&gt;&#xD;
&#xD;
2025-05-04T00:01:49.770Z pw:api waiting for Locator("table[id='vertically-scrolled-table']").Locator("tbody tr").First.Locator("a")&#xD;
&#xD;
2025-05-04T00:01:49.771Z pw:api   locator resolved to &lt;a id="ember625" class="ember-view text-break " href="#/inventory/items/6620000005381000?filter_by=Status.Active&amp;sort_column=created_time&amp;sort_order=D"&gt;Storage Cabinet&lt;/a&gt;&#xD;
&#xD;
2025-05-04T00:01:49.772Z pw:api waiting for Locator("table[id='vertically-scrolled-table']").Locator("tbody tr").First.Locator("td:nth-child(3)")&#xD;
&#xD;
2025-05-04T00:01:49.773Z pw:api   locator resolved to &lt;td class=" "&gt;Item 1 sku&lt;/td&gt;&#xD;
&#xD;
2025-05-04T00:01:49.774Z pw:api waiting for Locator("table[id='vertically-scrolled-table']").Locator("tbody tr").First.Locator("td:nth-child(4)")&#xD;
&#xD;
2025-05-04T00:01:49.775Z pw:api   locator resolved to &lt;td class=" "&gt;Goods&lt;/td&gt;&#xD;
&#xD;
2025-05-04T00:01:49.775Z pw:api waiting for Locator("table[id='vertically-scrolled-table']").Locator("tbody tr").First.Locator("td span[class='text-ellipsis']")&#xD;
&#xD;
2025-05-04T00:01:49.778Z pw:api   locator resolved to &lt;span id="aeb622460" class="text-ellipsis"&gt;A versatile storage cabinet with adjustable shelvΓÇª&lt;/span&gt;&#xD;
&#xD;
2025-05-04T00:01:49.779Z pw:api waiting for Locator("table[id='vertically-scrolled-table']").Locator("tbody tr").First.Locator("td[class='  text-end']")&#xD;
&#xD;
2025-05-04T00:01:49.780Z pw:api   locator resolved to &lt;td class="  text-end"&gt;$9052.00&lt;/td&gt;&#xD;
&#xD;
2025-05-04T00:01:49.781Z pw:api waiting for Locator("table[id='vertically-scrolled-table']").Locator("tbody tr").Nth(1)&#xD;
&#xD;
2025-05-04T00:01:49.783Z pw:api   locator resolved to &lt;tr tabindex="-1" id="ember491" class="ember-view   "&gt;ΓÇª&lt;/tr&gt;&#xD;
&#xD;
2025-05-04T00:01:49.783Z pw:api waiting for Locator("table[id='vertically-scrolled-table']").Locator("tbody tr").Nth(1).Locator("a")&#xD;
&#xD;
2025-05-04T00:01:49.785Z pw:api   locator resolved to &lt;a id="ember627" class="ember-view text-break " href="#/inventory/items/6620000005381001?filter_by=Status.Active&amp;sort_column=created_time&amp;sort_order=D"&gt;Storage Cabinet&lt;/a&gt;&#xD;
&#xD;
2025-05-04T00:01:49.785Z pw:api waiting for Locator("table[id='vertically-scrolled-table']").Locator("tbody tr").Nth(1).Locator("td:nth-child(3)")&#xD;
&#xD;
2025-05-04T00:01:49.787Z pw:api   locator resolved to &lt;td class=" "&gt;Item 2 sku&lt;/td&gt;&#xD;
&#xD;
2025-05-04T00:01:49.787Z pw:api waiting for Locator("table[id='vertically-scrolled-table']").Locator("tbody tr").Nth(1).Locator("td:nth-child(4)")&#xD;
&#xD;
2025-05-04T00:01:49.789Z pw:api   locator resolved to &lt;td class=" "&gt;Goods&lt;/td&gt;&#xD;
&#xD;
2025-05-04T00:01:49.789Z pw:api waiting for Locator("table[id='vertically-scrolled-table']").Locator("tbody tr").Nth(1).Locator("td span[class='text-ellipsis']")&#xD;
&#xD;
2025-05-04T00:01:49.791Z pw:api   locator resolved to &lt;span id="a53f61621" class="text-ellipsis"&gt;A versatile storage cabinet with adjustable shelvΓÇª&lt;/span&gt;&#xD;
&#xD;
2025-05-04T00:01:49.791Z pw:api waiting for Locator("table[id='vertically-scrolled-table']").Locator("tbody tr").Nth(1).Locator("td[class='  text-end']")&#xD;
&#xD;
2025-05-04T00:01:49.793Z pw:api   locator resolved to &lt;td class="  text-end"&gt;$6711.00&lt;/td&gt;&#xD;
&#xD;
2025-05-04T00:01:49.794Z pw:api waiting for Locator("table[id='vertically-scrolled-table']").Locator("tbody tr").Nth(2)&#xD;
&#xD;
2025-05-04T00:01:49.795Z pw:api   locator resolved to &lt;tr tabindex="-1" id="ember497" class="ember-view   "&gt;ΓÇª&lt;/tr&gt;&#xD;
&#xD;
2025-05-04T00:01:49.796Z pw:api waiting for Locator("table[id='vertically-scrolled-table']").Locator("tbody tr").Nth(2).Locator("a")&#xD;
&#xD;
2025-05-04T00:01:49.798Z pw:api   locator resolved to &lt;a id="ember629" class="ember-view text-break " href="#/inventory/items/6620000005381002?filter_by=Status.Active&amp;sort_column=created_time&amp;sort_order=D"&gt;Executive Office Desk&lt;/a&gt;&#xD;
&#xD;
2025-05-04T00:01:49.798Z pw:api waiting for Locator("table[id='vertically-scrolled-table']").Locator("tbody tr").Nth(2).Locator("td:nth-child(3)")&#xD;
&#xD;
2025-05-04T00:01:49.799Z pw:api   locator resolved to &lt;td class=" "&gt;Item 3 sku&lt;/td&gt;&#xD;
&#xD;
2025-05-04T00:01:49.800Z pw:api waiting for Locator("table[id='vertically-scrolled-table']").Locator("tbody tr").Nth(2).Locator("td:nth-child(4)")&#xD;
&#xD;
2025-05-04T00:01:49.802Z pw:api   locator resolved to &lt;td class=" "&gt;Goods&lt;/td&gt;&#xD;
&#xD;
2025-05-04T00:01:49.802Z pw:api waiting for Locator("table[id='vertically-scrolled-table']").Locator("tbody tr").Nth(2).Locator("td span[class='text-ellipsis']")&#xD;
&#xD;
2025-05-04T00:01:49.804Z pw:api   locator resolved to &lt;span id="ab9c6a332" class="text-ellipsis"&gt;&lt;/span&gt;&#xD;
&#xD;
2025-05-04T00:01:49.804Z pw:api waiting for Locator("table[id='vertically-scrolled-table']").Locator("tbody tr").Nth(2).Locator("td[class='  text-end']")&#xD;
&#xD;
2025-05-04T00:01:49.806Z pw:api   locator resolved to &lt;td class="  text-end"&gt;&lt;/td&gt;&#xD;
&#xD;
2025-05-04T00:01:49.806Z pw:api waiting for Locator("table[id='vertically-scrolled-table']").Locator("tbody tr").Nth(3)&#xD;
&#xD;
2025-05-04T00:01:49.807Z pw:api   locator resolved to &lt;tr tabindex="-1" id="ember503" class="ember-view   "&gt;ΓÇª&lt;/tr&gt;&#xD;
&#xD;
2025-05-04T00:01:49.808Z pw:api waiting for Locator("table[id='vertically-scrolled-table']").Locator("tbody tr").Nth(3).Locator("a")&#xD;
&#xD;
2025-05-04T00:01:49.810Z pw:api   locator resolved to &lt;a id="ember631" class="ember-view text-break " href="#/inventory/items/6620000005381003?filter_by=Status.Active&amp;sort_column=created_time&amp;sort_order=D"&gt;Storage Cabinet&lt;/a&gt;&#xD;
&#xD;
2025-05-04T00:01:49.811Z pw:api waiting for Locator("table[id='vertically-scrolled-table']").Locator("tbody tr").Nth(3).Locator("td:nth-child(3)")&#xD;
&#xD;
2025-05-04T00:01:49.812Z pw:api   locator resolved to &lt;td class=" "&gt;Item 4 sku&lt;/td&gt;&#xD;
&#xD;
2025-05-04T00:01:49.813Z pw:api waiting for Locator("table[id='vertically-scrolled-table']").Locator("tbody tr").Nth(3).Locator("td:nth-child(4)")&#xD;
&#xD;
2025-05-04T00:01:49.814Z pw:api   locator resolved to &lt;td class=" "&gt;Goods&lt;/td&gt;&#xD;
&#xD;
2025-05-04T00:01:49.815Z pw:api waiting for Locator("table[id='vertically-scrolled-table']").Locator("tbody tr").Nth(3).Locator("td span[class='text-ellipsis']")&#xD;
&#xD;
2025-05-04T00:01:49.816Z pw:api   locator resolved to &lt;span id="ac81659ee" class="text-ellipsis"&gt;&lt;/span&gt;&#xD;
&#xD;
2025-05-04T00:01:49.817Z pw:api waiting for Locator("table[id='vertically-scrolled-table']").Locator("tbody tr").Nth(3).Locator("td[class='  text-end']")&#xD;
&#xD;
2025-05-04T00:01:49.818Z pw:api   locator resolved to &lt;td class="  text-end"&gt;&lt;/td&gt;&#xD;
&#xD;
2025-05-04T00:01:49.818Z pw:api waiting for Locator("table[id='vertically-scrolled-table']").Locator("tbody tr").Nth(4)&#xD;
&#xD;
2025-05-04T00:01:49.820Z pw:api   locator resolved to &lt;tr tabindex="-1" id="ember509" class="ember-view   "&gt;ΓÇª&lt;/tr&gt;&#xD;
&#xD;
2025-05-04T00:01:49.820Z pw:api waiting for Locator("table[id='vertically-scrolled-table']").Locator("tbody tr").Nth(4).Locator("a")&#xD;
&#xD;
2025-05-04T00:01:49.822Z pw:api   locator resolved to &lt;a id="ember633" class="ember-view text-break " href="#/inventory/items/6620000005381004?filter_by=Status.Active&amp;sort_column=created_time&amp;sort_order=D"&gt;Patio Dining Set&lt;/a&gt;&#xD;
&#xD;
2025-05-04T00:01:49.823Z pw:api waiting for Locator("table[id='vertically-scrolled-table']").Locator("tbody tr").Nth(4).Locator("td:nth-child(3)")&#xD;
&#xD;
2025-05-04T00:01:49.824Z pw:api   locator resolved to &lt;td class=" "&gt;Item 5 sku&lt;/td&gt;&#xD;
&#xD;
2025-05-04T00:01:49.825Z pw:api waiting for Locator("table[id='vertically-scrolled-table']").Locator("tbody tr").Nth(4).Locator("td:nth-child(4)")&#xD;
&#xD;
2025-05-04T00:01:49.826Z pw:api   locator resolved to &lt;td class=" "&gt;Goods&lt;/td&gt;&#xD;
&#xD;
2025-05-04T00:01:49.827Z pw:api waiting for Locator("table[id='vertically-scrolled-table']").Locator("tbody tr").Nth(4).Locator("td span[class='text-ellipsis']")&#xD;
&#xD;
2025-05-04T00:01:49.828Z pw:api   locator resolved to &lt;span id="a0ab2a268" class="text-ellipsis"&gt;An outdoor dining set with a table and six chairs.&lt;/span&gt;&#xD;
&#xD;
2025-05-04T00:01:49.829Z pw:api waiting for Locator("table[id='vertically-scrolled-table']").Locator("tbody tr").Nth(4).Locator("td[class='  text-end']")&#xD;
&#xD;
2025-05-04T00:01:49.830Z pw:api   locator resolved to &lt;td class="  text-end"&gt;$8630.00&lt;/td&gt;&#xD;
&#xD;
2025-05-04T00:01:49.831Z pw:api waiting for Locator("table[id='vertically-scrolled-table']").Locator("tbody tr").Nth(5)&#xD;
&#xD;
2025-05-04T00:01:49.832Z pw:api   locator resolved to &lt;tr tabindex="-1" id="ember515" class="ember-view   "&gt;ΓÇª&lt;/tr&gt;&#xD;
&#xD;
2025-05-04T00:01:49.833Z pw:api waiting for Locator("table[id='vertically-scrolled-table']").Locator("tbody tr").Nth(5).Locator("a")&#xD;
&#xD;
2025-05-04T00:01:49.834Z pw:api   locator resolved to &lt;a id="ember635" class="ember-view text-break " href="#/inventory/items/6620000005381005?filter_by=Status.Active&amp;sort_column=created_time&amp;sort_order=D"&gt;Dining Table and Chairs Set&lt;/a&gt;&#xD;
&#xD;
2025-05-04T00:01:49.835Z pw:api waiting for Locator("table[id='vertically-scrolled-table']").Locator("tbody tr").Nth(5).Locator("td:nth-child(3)")&#xD;
&#xD;
2025-05-04T00:01:49.836Z pw:api   locator resolved to &lt;td class=" "&gt;Item 6 sku&lt;/td&gt;&#xD;
&#xD;
2025-05-04T00:01:49.837Z pw:api waiting for Locator("table[id='vertically-scrolled-table']").Locator("tbody tr").Nth(5).Locator("td:nth-child(4)")&#xD;
&#xD;
2025-05-04T00:01:49.838Z pw:api   locator resolved to &lt;td class=" "&gt;Goods&lt;/td&gt;&#xD;
&#xD;
2025-05-04T00:01:49.839Z pw:api waiting for Locator("table[id='vertically-scrolled-table']").Locator("tbody tr").Nth(5).Locator("td span[class='text-ellipsis']")&#xD;
&#xD;
2025-05-04T00:01:49.840Z pw:api   locator resolved to &lt;span id="a10d34258" class="text-ellipsis"&gt;A stylish dining set with a table and four chairs.&lt;/span&gt;&#xD;
&#xD;
2025-05-04T00:01:49.841Z pw:api waiting for Locator("table[id='vertically-scrolled-table']").Locator("tbody tr").Nth(5).Locator("td[class='  text-end']")&#xD;
&#xD;
2025-05-04T00:01:49.842Z pw:api   locator resolved to &lt;td class="  text-end"&gt;$8091.00&lt;/td&gt;&#xD;
&#xD;
2025-05-04T00:01:49.843Z pw:api waiting for Locator("table[id='vertically-scrolled-table']").Locator("tbody tr").Nth(6)&#xD;
&#xD;
2025-05-04T00:01:49.844Z pw:api   locator resolved to &lt;tr tabindex="-1" id="ember521" class="ember-view   "&gt;ΓÇª&lt;/tr&gt;&#xD;
&#xD;
2025-05-04T00:01:49.845Z pw:api waiting for Locator("table[id='vertically-scrolled-table']").Locator("tbody tr").Nth(6).Locator("a")&#xD;
&#xD;
2025-05-04T00:01:49.846Z pw:api   locator resolved to &lt;a id="ember637" class="ember-view text-break " href="#/inventory/items/6620000005381006?filter_by=Status.Active&amp;sort_column=created_time&amp;sort_order=D"&gt;Queen Size Bed&lt;/a&gt;&#xD;
&#xD;
2025-05-04T00:01:49.847Z pw:api waiting for Locator("table[id='vertically-scrolled-table']").Locator("tbody tr").Nth(6).Locator("td:nth-child(3)")&#xD;
&#xD;
2025-05-04T00:01:49.848Z pw:api   locator resolved to &lt;td class=" "&gt;Item 7 sku&lt;/td&gt;&#xD;
&#xD;
2025-05-04T00:01:49.848Z pw:api waiting for Locator("table[id='vertically-scrolled-table']").Locator("tbody tr").Nth(6).Locator("td:nth-child(4)")&#xD;
&#xD;
2025-05-04T00:01:49.850Z pw:api   locator resolved to &lt;td class=" "&gt;Goods&lt;/td&gt;&#xD;
&#xD;
2025-05-04T00:01:49.851Z pw:api waiting for Locator("table[id='vertically-scrolled-table']").Locator("tbody tr").Nth(6).Locator("td span[class='text-ellipsis']")&#xD;
&#xD;
2025-05-04T00:01:49.852Z pw:api   locator resolved to &lt;span id="a1bc4190e" class="text-ellipsis"&gt;Mid-century wooden double bed. Scandinavian-styleΓÇª&lt;/span&gt;&#xD;
&#xD;
2025-05-04T00:01:49.852Z pw:api waiting for Locator("table[id='vertically-scrolled-table']").Locator("tbody tr").Nth(6).Locator("td[class='  text-end']")&#xD;
&#xD;
2025-05-04T00:01:49.854Z pw:api   locator resolved to &lt;td class="  text-end"&gt;$4068.00&lt;/td&gt;&#xD;
&#xD;
2025-05-04T00:01:49.854Z pw:api waiting for Locator("table[id='vertically-scrolled-table']").Locator("tbody tr").Nth(7)&#xD;
&#xD;
2025-05-04T00:01:49.856Z pw:api   locator resolved to &lt;tr tabindex="-1" id="ember527" class="ember-view   "&gt;ΓÇª&lt;/tr&gt;&#xD;
&#xD;
2025-05-04T00:01:49.857Z pw:api waiting for Locator("table[id='vertically-scrolled-table']").Locator("tbody tr").Nth(7).Locator("a")&#xD;
&#xD;
2025-05-04T00:01:49.858Z pw:api   locator resolved to &lt;a id="ember639" class="ember-view text-break " href="#/inventory/items/6620000005381007?filter_by=Status.Active&amp;sort_column=created_time&amp;sort_order=D"&gt;Executive Office Desk&lt;/a&gt;&#xD;
&#xD;
2025-05-04T00:01:49.859Z pw:api waiting for Locator("table[id='vertically-scrolled-table']").Locator("tbody tr").Nth(7).Locator("td:nth-child(3)")&#xD;
&#xD;
2025-05-04T00:01:49.860Z pw:api   locator resolved to &lt;td class=" "&gt;Item 8 sku&lt;/td&gt;&#xD;
&#xD;
2025-05-04T00:01:49.861Z pw:api waiting for Locator("table[id='vertically-scrolled-table']").Locator("tbody tr").Nth(7).Locator("td:nth-child(4)")&#xD;
&#xD;
2025-05-04T00:01:49.863Z pw:api   locator resolved to &lt;td class=" "&gt;Goods&lt;/td&gt;&#xD;
&#xD;
2025-05-04T00:01:49.863Z pw:api waiting for Locator("table[id='vertically-scrolled-table']").Locator("tbody tr").Nth(7).Locator("td span[class='text-ellipsis']")&#xD;
&#xD;
2025-05-04T00:01:49.865Z pw:api   locator resolved to &lt;span id="a80ec17e4" class="text-ellipsis"&gt;A spacious executive desk with storage drawers.&lt;/span&gt;&#xD;
&#xD;
2025-05-04T00:01:49.865Z pw:api waiting for Locator("table[id='vertically-scrolled-table']").Locator("tbody tr").Nth(7).Locator("td[class='  text-end']")&#xD;
&#xD;
2025-05-04T00:01:49.867Z pw:api   locator resolved to &lt;td class="  text-end"&gt;$572.00&lt;/td&gt;&#xD;
&#xD;
2025-05-04T00:01:49.867Z pw:api waiting for Locator("table[id='vertically-scrolled-table']").Locator("tbody tr").Nth(8)&#xD;
&#xD;
2025-05-04T00:01:49.868Z pw:api   locator resolved to &lt;tr tabindex="-1" id="ember533" class="ember-view   "&gt;ΓÇª&lt;/tr&gt;&#xD;
&#xD;
2025-05-04T00:01:49.869Z pw:api waiting for Locator("table[id='vertically-scrolled-table']").Locator("tbody tr").Nth(8).Locator("a")&#xD;
&#xD;
2025-05-04T00:01:49.870Z pw:api   locator resolved to &lt;a id="ember641" class="ember-view text-break " href="#/inventory/items/6620000005381008?filter_by=Status.Active&amp;sort_column=created_time&amp;sort_order=D"&gt;Composite Item 0&lt;/a&gt;&#xD;
&#xD;
2025-05-04T00:01:49.871Z pw:api waiting for Locator("table[id='vertically-scrolled-table']").Locator("tbody tr").Nth(8).Locator("td:nth-child(3)")&#xD;
&#xD;
2025-05-04T00:01:49.872Z pw:api   locator resolved to &lt;td class=" "&gt;75790&lt;/td&gt;&#xD;
&#xD;
2025-05-04T00:01:49.873Z pw:api waiting for Locator("table[id='vertically-scrolled-table']").Locator("tbody tr").Nth(8).Locator("td:nth-child(4)")&#xD;
&#xD;
2025-05-04T00:01:49.874Z pw:api   locator resolved to &lt;td class=" "&gt;Service&lt;/td&gt;&#xD;
&#xD;
2025-05-04T00:01:49.875Z pw:api waiting for Locator("table[id='vertically-scrolled-table']").Locator("tbody tr").Nth(8).Locator("td span[class='text-ellipsis']")&#xD;
&#xD;
2025-05-04T00:01:49.876Z pw:api   locator resolved to &lt;span id="a38dcef7f" class="text-ellipsis"&gt;Inventore corrupti hic ex eum quibusdam. Numquam ΓÇª&lt;/span&gt;&#xD;
&#xD;
2025-05-04T00:01:49.877Z pw:api waiting for Locator("table[id='vertically-scrolled-table']").Locator("tbody tr").Nth(8).Locator("td[class='  text-end']")&#xD;
&#xD;
2025-05-04T00:01:49.878Z pw:api   locator resolved to &lt;td class="  text-end"&gt;$931.00&lt;/td&gt;&#xD;
&#xD;
2025-05-04T00:01:49.879Z pw:api waiting for Locator("table[id='vertically-scrolled-table']").Locator("tbody tr").Nth(9)&#xD;
&#xD;
2025-05-04T00:01:49.881Z pw:api   locator resolved to &lt;tr tabindex="-1" id="ember539" class="ember-view   "&gt;ΓÇª&lt;/tr&gt;&#xD;
&#xD;
2025-05-04T00:01:49.881Z pw:api waiting for Locator("table[id='vertically-scrolled-table']").Locator("tbody tr").Nth(9).Locator("a")&#xD;
&#xD;
2025-05-04T00:01:49.883Z pw:api   locator resolved to &lt;a id="ember643" class="ember-view text-break " href="#/inventory/items/6620000005381009?filter_by=Status.Active&amp;sort_column=created_time&amp;sort_order=D"&gt;Composite Item 1&lt;/a&gt;&#xD;
&#xD;
2025-05-04T00:01:49.883Z pw:api waiting for Locator("table[id='vertically-scrolled-table']").Locator("tbody tr").Nth(9).Locator("td:nth-child(3)")&#xD;
&#xD;
2025-05-04T00:01:49.884Z pw:api   locator resolved to &lt;td class=" "&gt;75790&lt;/td&gt;&#xD;
&#xD;
2025-05-04T00:01:49.885Z pw:api waiting for Locator("table[id='vertically-scrolled-table']").Locator("tbody tr").Nth(9).Locator("td:nth-child(4)")&#xD;
&#xD;
2025-05-04T00:01:49.886Z pw:api   locator resolved to &lt;td class=" "&gt;Service&lt;/td&gt;&#xD;
&#xD;
2025-05-04T00:01:49.887Z pw:api waiting for Locator("table[id='vertically-scrolled-table']").Locator("tbody tr").Nth(9).Locator("td span[class='text-ellipsis']")&#xD;
&#xD;
2025-05-04T00:01:49.888Z pw:api   locator resolved to &lt;span id="ac673f3bb" class="text-ellipsis"&gt;Inventore corrupti hic ex eum quibusdam. Numquam ΓÇª&lt;/span&gt;&#xD;
&#xD;
2025-05-04T00:01:49.888Z pw:api waiting for Locator("table[id='vertically-scrolled-table']").Locator("tbody tr").Nth(9).Locator("td[class='  text-end']")&#xD;
&#xD;
2025-05-04T00:01:49.890Z pw:api   locator resolved to &lt;td class="  text-end"&gt;$771.00&lt;/td&gt;&#xD;
&#xD;
2025-05-04T00:01:49.890Z pw:api waiting for Locator("table[id='vertically-scrolled-table']").Locator("tbody tr").Nth(10)&#xD;
&#xD;
2025-05-04T00:01:49.892Z pw:api   locator resolved to &lt;tr tabindex="-1" id="ember545" class="ember-view   "&gt;ΓÇª&lt;/tr&gt;&#xD;
&#xD;
2025-05-04T00:01:49.892Z pw:api waiting for Locator("table[id='vertically-scrolled-table']").Locator("tbody tr").Nth(10).Locator("a")&#xD;
&#xD;
2025-05-04T00:01:49.894Z pw:api   locator resolved to &lt;a id="ember645" class="ember-view text-break " href="#/inventory/items/6620000005381010?filter_by=Status.Active&amp;sort_column=created_time&amp;sort_order=D"&gt;Composite Item 2&lt;/a&gt;&#xD;
&#xD;
2025-05-04T00:01:49.895Z pw:api waiting for Locator("table[id='vertically-scrolled-table']").Locator("tbody tr").Nth(10).Locator("td:nth-child(3)")&#xD;
&#xD;
2025-05-04T00:01:49.896Z pw:api   locator resolved to &lt;td class=" "&gt;75790&lt;/td&gt;&#xD;
&#xD;
2025-05-04T00:01:49.897Z pw:api waiting for Locator("table[id='vertically-scrolled-table']").Locator("tbody tr").Nth(10).Locator("td:nth-child(4)")&#xD;
&#xD;
2025-05-04T00:01:49.898Z pw:api   locator resolved to &lt;td class=" "&gt;Service&lt;/td&gt;&#xD;
&#xD;
2025-05-04T00:01:49.899Z pw:api waiting for Locator("table[id='vertically-scrolled-table']").Locator("tbody tr").Nth(10).Locator("td span[class='text-ellipsis']")&#xD;
&#xD;
2025-05-04T00:01:49.900Z pw:api   locator resolved to &lt;span id="a612172d4" class="text-ellipsis"&gt;Inventore corrupti hic ex eum quibusdam. Numquam ΓÇª&lt;/span&gt;&#xD;
&#xD;
2025-05-04T00:01:49.900Z pw:api waiting for Locator("table[id='vertically-scrolled-table']").Locator("tbody tr").Nth(10).Locator("td[class='  text-end']")&#xD;
&#xD;
2025-05-04T00:01:49.902Z pw:api   locator resolved to &lt;td class="  text-end"&gt;$122.00&lt;/td&gt;&#xD;
&#xD;
2025-05-04T00:01:49.903Z pw:api waiting for Locator("table[id='vertically-scrolled-table']").Locator("tbody tr").Nth(11)&#xD;
&#xD;
2025-05-04T00:01:49.904Z pw:api   locator resolved to &lt;tr tabindex="-1" id="ember551" class="ember-view   "&gt;ΓÇª&lt;/tr&gt;&#xD;
&#xD;
2025-05-04T00:01:49.904Z pw:api waiting for Locator("table[id='vertically-scrolled-table']").Locator("tbody tr").Nth(11).Locator("a")&#xD;
&#xD;
2025-05-04T00:01:49.906Z pw:api   locator resolved to &lt;a id="ember647" class="ember-view text-break " href="#/inventory/items/6620000005381011?filter_by=Status.Active&amp;sort_column=created_time&amp;sort_order=D"&gt;Composite Item 3&lt;/a&gt;&#xD;
&#xD;
2025-05-04T00:01:49.907Z pw:api waiting for Locator("table[id='vertically-scrolled-table']").Locator("tbody tr").Nth(11).Locator("td:nth-child(3)")&#xD;
&#xD;
2025-05-04T00:01:49.909Z pw:api   locator resolved to &lt;td class=" "&gt;75790&lt;/td&gt;&#xD;
&#xD;
2025-05-04T00:01:49.910Z pw:api waiting for Locator("table[id='vertically-scrolled-table']").Locator("tbody tr").Nth(11).Locator("td:nth-child(4)")&#xD;
&#xD;
2025-05-04T00:01:49.911Z pw:api   locator resolved to &lt;td class=" "&gt;Service&lt;/td&gt;&#xD;
&#xD;
2025-05-04T00:01:49.912Z pw:api waiting for Locator("table[id='vertically-scrolled-table']").Locator("tbody tr").Nth(11).Locator("td span[class='text-ellipsis']")&#xD;
&#xD;
2025-05-04T00:01:49.914Z pw:api   locator resolved to &lt;span id="ad897fd25" class="text-ellipsis"&gt;Inventore corrupti hic ex eum quibusdam. Numquam ΓÇª&lt;/span&gt;&#xD;
&#xD;
2025-05-04T00:01:49.914Z pw:api waiting for Locator("table[id='vertically-scrolled-table']").Locator("tbody tr").Nth(11).Locator("td[class='  text-end']")&#xD;
&#xD;
2025-05-04T00:01:49.916Z pw:api   locator resolved to &lt;td class="  text-end"&gt;$656.00&lt;/td&gt;&#xD;
&#xD;
2025-05-04T00:01:49.916Z pw:api waiting for Locator("table[id='vertically-scrolled-table']").Locator("tbody tr").Nth(12)&#xD;
&#xD;
2025-05-04T00:01:49.918Z pw:api   locator resolved to &lt;tr tabindex="-1" id="ember557" class="ember-view   "&gt;ΓÇª&lt;/tr&gt;&#xD;
&#xD;
2025-05-04T00:01:49.918Z pw:api waiting for Locator("table[id='vertically-scrolled-table']").Locator("tbody tr").Nth(12).Locator("a")&#xD;
&#xD;
2025-05-04T00:01:49.920Z pw:api   locator resolved to &lt;a id="ember649" class="ember-view text-break " href="#/inventory/items/6620000005381012?filter_by=Status.Active&amp;sort_column=created_time&amp;sort_order=D"&gt;Composite Item 4&lt;/a&gt;&#xD;
&#xD;
2025-05-04T00:01:49.920Z pw:api waiting for Locator("table[id='vertically-scrolled-table']").Locator("tbody tr").Nth(12).Locator("td:nth-child(3)")&#xD;
&#xD;
2025-05-04T00:01:49.922Z pw:api   locator resolved to &lt;td class=" "&gt;75790&lt;/td&gt;&#xD;
&#xD;
2025-05-04T00:01:49.923Z pw:api waiting for Locator("table[id='vertically-scrolled-table']").Locator("tbody tr").Nth(12).Locator("td:nth-child(4)")&#xD;
&#xD;
2025-05-04T00:01:49.924Z pw:api   locator resolved to &lt;td class=" "&gt;Service&lt;/td&gt;&#xD;
&#xD;
2025-05-04T00:01:49.924Z pw:api waiting for Locator("table[id='vertically-scrolled-table']").Locator("tbody tr").Nth(12).Locator("td span[class='text-ellipsis']")&#xD;
&#xD;
2025-05-04T00:01:49.926Z pw:api   locator resolved to &lt;span id="a29bfac93" class="text-ellipsis"&gt;Inventore corrupti hic ex eum quibusdam. Numquam ΓÇª&lt;/span&gt;&#xD;
&#xD;
2025-05-04T00:01:49.927Z pw:api waiting for Locator("table[id='vertically-scrolled-table']").Locator("tbody tr").Nth(12).Locator("td[class='  text-end']")&#xD;
&#xD;
2025-05-04T00:01:49.928Z pw:api   locator resolved to &lt;td class="  text-end"&gt;$131.00&lt;/td&gt;&#xD;
&#xD;
2025-05-04T00:01:49.929Z pw:api waiting for Locator("table[id='vertically-scrolled-table']").Locator("tbody tr").Nth(13)&#xD;
&#xD;
2025-05-04T00:01:49.930Z pw:api   locator resolved to &lt;tr tabindex="-1" id="ember563" class="ember-view table-active  "&gt;ΓÇª&lt;/tr&gt;&#xD;
&#xD;
2025-05-04T00:01:49.931Z pw:api waiting for Locator("table[id='vertically-scrolled-table']").Locator("tbody tr").Nth(13).Locator("a")&#xD;
&#xD;
2025-05-04T00:01:49.932Z pw:api   locator resolved to &lt;a id="ember651" class="ember-view text-break " href="#/inventory/items/66200000053810013?filter_by=Status.Active&amp;sort_column=created_time&amp;sort_order=D"&gt;TemporaryName&lt;/a&gt;&#xD;
&#xD;
2025-05-04T00:01:49.933Z pw:api waiting for Locator("table[id='vertically-scrolled-table']").Locator("tbody tr").Nth(13).Locator("td:nth-child(3)")&#xD;
&#xD;
2025-05-04T00:01:49.934Z pw:api   locator resolved to &lt;td class=" "&gt;item 99 sku&lt;/td&gt;&#xD;
&#xD;
2025-05-04T00:01:49.935Z pw:api waiting for Locator("table[id='vertically-scrolled-table']").Locator("tbody tr").Nth(13).Locator("td:nth-child(4)")&#xD;
&#xD;
2025-05-04T00:01:49.936Z pw:api   locator resolved to &lt;td class=" "&gt;Goods&lt;/td&gt;&#xD;
&#xD;
2025-05-04T00:01:49.937Z pw:api waiting for Locator("table[id='vertically-scrolled-table']").Locator("tbody tr").Nth(13).Locator("td span[class='text-ellipsis']")&#xD;
&#xD;
2025-05-04T00:01:49.938Z pw:api   locator resolved to &lt;span id="a4ff1fc18" class="text-ellipsis"&gt;&lt;/span&gt;&#xD;
&#xD;
2025-05-04T00:01:49.939Z pw:api waiting for Locator("table[id='vertically-scrolled-table']").Locator("tbody tr").Nth(13).Locator("td[class='  text-end']")&#xD;
&#xD;
2025-05-04T00:01:49.940Z pw:api   locator resolved to &lt;td class="  text-end"&gt;$205&lt;/td&gt;</StdErr>
[...]
      </RunInfo>
      <RunInfo computerName="DESKTOP-RSFFHJT" outcome="Warning" timestamp="2025-05-03T20:02:05.2285792-04:00">
        <Text>2025-05-04T00:02:05.227Z pw:api   locator resolved to &lt;td class="  text-end"&gt;$2197.00&lt;/td&gt;</Text>
      </RunInfo>
      <RunInfo computerName="DESKTOP-RSFFHJT" outcome="Warning" timestamp="2025-05-03T20:02:05.2293121-04:00">
        <Text>2025-05-04T00:02:05.228Z pw:api waiting for Locator("table[id='vertically-scrolled-table']").Locator("tbody tr").Nth(8)</Text>
      </RunInfo>
      <RunInfo computerName="DESKTOP-RSFFHJT" outcome="Warning" timestamp="2025-05-03T20:02:05.2311378-04:00">
        <Text>2025-05-04T00:02:05.230Z pw:api   locator resolved to &lt;tr tabindex="-1" id="ember354" class="ember-view   "&gt;ΓÇª&lt;/tr&gt;</Text>
      </RunInfo>
      <RunInfo computerName="DESKTOP-RSFFHJT" outcome="Warning" timestamp="2025-05-03T20:02:05.2318958-04:00">
        <Text>2025-05-04T00:02:05.231Z pw:api waiting for Locator("table[id='vertically-scrolled-table']").Locator("tbody tr").Nth(8).Locator("a")</Text>
      </RunInfo>
      <RunInfo computerName="DESKTOP-RSFFHJT" outcome="Warning" timestamp="2025-05-03T20:02:05.2332263-04:00">
        <Text>2025-05-04T00:02:05.232Z pw:api   locator resolved to &lt;a id="ember358" class="ember-view text-break " href="#/inventory/items/6620000005381008"&gt;Composite Item 0&lt;/a&gt;</Text>
      </RunInfo>
      <RunInfo computerName="DESKTOP-RSFFHJT" outcome="Warning" timestamp="2025-05-03T20:02:05.2336189-04:00">
        <Text>2025-05-04T00:02:05.232Z pw:api waiting for Locator("table[id='vertically-scrolled-table']").Locator("tbody tr").Nth(8).Locator("td:nth-child(3)")</Text>
      </RunInfo>
      <RunInfo computerName="DESKTOP-RSFFHJT" outcome="Warning" timestamp="2025-05-03T20:02:05.2350411-04:00">
        <Text>2025-05-04T00:02:05.234Z pw:api   locator resolved to &lt;td class=" "&gt;29858&lt;/td&gt;</Text>
      </RunInfo>
      <RunInfo computerName="DESKTOP-RSFFHJT" outcome="Warning" timestamp="2025-05-03T20:02:05.2355362-04:00">
        <Text>2025-05-04T00:02:05.234Z pw:api waiting for Locator("table[id='vertically-scrolled-table']").Locator("tbody tr").Nth(8).Locator("td:nth-child(4)")</Text>
      </RunInfo>
      <RunInfo computerName="DESKTOP-RSFFHJT" outcome="Warning" timestamp="2025-05-03T20:02:05.2369363-04:00">
        <Text>2025-05-04T00:02:05.236Z pw:api   locator resolved to &lt;td class=" "&gt;Goods&lt;/td&gt;</Text>
      </RunInfo>
      <RunInfo computerName="DESKTOP-RSFFHJT" outcome="Warning" timestamp="2025-05-03T20:02:05.2374395-04:00">
        <Text>2025-05-04T00:02:05.236Z pw:api waiting for Locator("table[id='vertically-scrolled-table']").Locator("tbody tr").Nth(8).Locator("td span[class='text-ellipsis']")</Text>
      </RunInfo>
      <RunInfo computerName="DESKTOP-RSFFHJT" outcome="Warning" timestamp="2025-05-03T20:02:05.2388741-04:00">
        <Text>2025-05-04T00:02:05.238Z pw:api   locator resolved to &lt;span id="af1bdbf76" class="text-ellipsis"&gt;Dicta adipisci consectetur natus ipsam dolorum esΓÇª&lt;/span&gt;</Text>
      </RunInfo>
      <RunInfo computerName="DESKTOP-RSFFHJT" outcome="Warning" timestamp="2025-05-03T20:02:05.2393120-04:00">
        <Text>2025-05-04T00:02:05.238Z pw:api waiting for Locator("table[id='vertically-scrolled-table']").Locator("tbody tr").Nth(8).Locator("td[class='  text-end']")</Text>
      </RunInfo>
      <RunInfo computerName="DESKTOP-RSFFHJT" outcome="Warning" timestamp="2025-05-03T20:02:05.2405478-04:00">
        <Text>2025-05-04T00:02:05.239Z pw:api   locator resolved to &lt;td class="  text-end"&gt;$122.00&lt;/td&gt;</Text>
      </RunInfo>
      <RunInfo computerName="DESKTOP-RSFFHJT" outcome="Warning" timestamp="2025-05-03T20:02:05.2409439-04:00">
        <Text>2025-05-04T00:02:05.240Z pw:api waiting for Locator("table[id='vertically-scrolled-table']").Locator("tbody tr").Nth(9)</Text>
      </RunInfo>
      <RunInfo computerName="DESKTOP-RSFFHJT" outcome="Warning" timestamp="2025-05-03T20:02:05.2420182-04:00">
        <Text>2025-05-04T00:02:05.241Z pw:api   locator resolved to &lt;tr tabindex="-1" id="ember360" class="ember-view   "&gt;ΓÇª&lt;/tr&gt;</Text>
      </RunInfo>
      <RunInfo computerName="DESKTOP-RSFFHJT" outcome="Warning" timestamp="2025-05-03T20:02:05.2426209-04:00">
        <Text>2025-05-04T00:02:05.241Z pw:api waiting for Locator("table[id='vertically-scrolled-table']").Locator("tbody tr").Nth(9).Locator("a")</Text>
      </RunInfo>
      <RunInfo computerName="DESKTOP-RSFFHJT" outcome="Warning" timestamp="2025-05-03T20:02:05.2440584-04:00">
        <Text>2025-05-04T00:02:05.243Z pw:api   locator resolved to &lt;a id="ember364" class="ember-view text-break " href="#/inventory/items/6620000005381009"&gt;Composite Item 1&lt;/a&gt;</Text>
      </RunInfo>
      <RunInfo computerName="DESKTOP-RSFFHJT" outcome="Warning" timestamp="2025-05-03T20:02:05.2446442-04:00">
        <Text>2025-05-04T00:02:05.243Z pw:api waiting for Locator("table[id='vertically-scrolled-table']").Locator("tbody tr").Nth(9).Locator("td:nth-child(3)")</Text>
      </RunInfo>
      <RunInfo computerName="DESKTOP-RSFFHJT" outcome="Warning" timestamp="2025-05-03T20:02:05.2461182-04:00">
        <Text>2025-05-04T00:02:05.245Z pw:api   locator resolved to &lt;td class=" "&gt;29858&lt;/td&gt;</Text>
      </RunInfo>
      <RunInfo computerName="DESKTOP-RSFFHJT" outcome="Warning" timestamp="2025-05-03T20:02:05.2466607-04:00">
        <Text>2025-05-04T00:02:05.245Z pw:api waiting for Locator("table[id='vertically-scrolled-table']").Locator("tbody tr").Nth(9).Locator("td:nth-child(4)")</Text>
      </RunInfo>
      <RunInfo computerName="DESKTOP-RSFFHJT" outcome="Warning" timestamp="2025-05-03T20:02:05.2481824-04:00">
        <Text>2025-05-04T00:02:05.247Z pw:api   locator resolved to &lt;td class=" "&gt;Goods&lt;/td&gt;</Text>
      </RunInfo>
      <RunInfo computerName="DESKTOP-RSFFHJT" outcome="Warning" timestamp="2025-05-03T20:02:05.2486116-04:00">
        <Text>2025-05-04T00:02:05.247Z pw:api waiting for Locator("table[id='vertically-scrolled-table']").Locator("tbody tr").Nth(9).Locator("td span[class='text-ellipsis']")</Text>
      </RunInfo>
      <RunInfo computerName="DESKTOP-RSFFHJT" outcome="Warning" timestamp="2025-05-03T20:02:05.2503336-04:00">
        <Text>2025-05-04T00:02:05.249Z pw:api   locator resolved to &lt;span id="a5aab6e93" class="text-ellipsis"&gt;Dicta adipisci consectetur natus ipsam dolorum esΓÇª&lt;/span&gt;</Text>
      </RunInfo>
      <RunInfo computerName="DESKTOP-RSFFHJT" outcome="Warning" timestamp="2025-05-03T20:02:05.2509200-04:00">
        <Text>2025-05-04T00:02:05.250Z pw:api waiting for Locator("table[id='vertically-scrolled-table']").Locator("tbody tr").Nth(9).Locator("td[class='  text-end']")</Text>
      </RunInfo>
      <RunInfo computerName="DESKTOP-RSFFHJT" outcome="Warning" timestamp="2025-05-03T20:02:05.2523810-04:00">
        <Text>2025-05-04T00:02:05.251Z pw:api   locator resolved to &lt;td class="  text-end"&gt;$333.00&lt;/td&gt;</Text>
      </RunInfo>
      <RunInfo computerName="DESKTOP-RSFFHJT" outcome="Warning" timestamp="2025-05-03T20:02:05.2528799-04:00">
        <Text>2025-05-04T00:02:05.252Z pw:api waiting for Locator("table[id='vertically-scrolled-table']").Locator("tbody tr").Nth(10)</Text>
      </RunInfo>
      <RunInfo computerName="DESKTOP-RSFFHJT" outcome="Warning" timestamp="2025-05-03T20:02:05.2540220-04:00">
        <Text>2025-05-04T00:02:05.253Z pw:api   locator resolved to &lt;tr tabindex="-1" id="ember366" class="ember-view   "&gt;ΓÇª&lt;/tr&gt;</Text>
      </RunInfo>
      <RunInfo computerName="DESKTOP-RSFFHJT" outcome="Warning" timestamp="2025-05-03T20:02:05.2545079-04:00">
        <Text>2025-05-04T00:02:05.253Z pw:api waiting for Locator("table[id='vertically-scrolled-table']").Locator("tbody tr").Nth(10).Locator("a")</Text>
      </RunInfo>
      <RunInfo computerName="DESKTOP-RSFFHJT" outcome="Warning" timestamp="2025-05-03T20:02:05.2560227-04:00">
        <Text>2025-05-04T00:02:05.255Z pw:api   locator resolved to &lt;a id="ember370" class="ember-view text-break " href="#/inventory/items/6620000005381010"&gt;Composite Item 2&lt;/a&gt;</Text>
      </RunInfo>
      <RunInfo computerName="DESKTOP-RSFFHJT" outcome="Warning" timestamp="2025-05-03T20:02:05.2564133-04:00">
        <Text>2025-05-04T00:02:05.255Z pw:api waiting for Locator("table[id='vertically-scrolled-table']").Locator("tbody tr").Nth(10).Locator("td:nth-child(3)")</Text>
      </RunInfo>
      <RunInfo computerName="DESKTOP-RSFFHJT" outcome="Warning" timestamp="2025-05-03T20:02:05.2575145-04:00">
        <Text>2025-05-04T00:02:05.256Z pw:api   locator resolved to &lt;td class=" "&gt;29858&lt;/td&gt;</Text>
      </RunInfo>
      <RunInfo computerName="DESKTOP-RSFFHJT" outcome="Warning" timestamp="2025-05-03T20:02:05.2579051-04:00">
        <Text>2025-05-04T00:02:05.257Z pw:api waiting for Locator("table[id='vertically-scrolled-table']").Locator("tbody tr").Nth(10).Locator("td:nth-child(4)")</Text>
      </RunInfo>
      <RunInfo computerName="DESKTOP-RSFFHJT" outcome="Warning" timestamp="2025-05-03T20:02:05.2590950-04:00">
        <Text>2025-05-04T00:02:05.258Z pw:api   locator resolved to &lt;td class=" "&gt;Goods&lt;/td&gt;</Text>
      </RunInfo>
      <RunInfo computerName="DESKTOP-RSFFHJT" outcome="Warning" timestamp="2025-05-03T20:02:05.2595049-04:00">
        <Text>2025-05-04T00:02:05.258Z pw:api waiting for Locator("table[id='vertically-scrolled-table']").Locator("tbody tr").Nth(10).Locator("td span[class='text-ellipsis']")</Text>
      </RunInfo>
      <RunInfo computerName="DESKTOP-RSFFHJT" outcome="Warning" timestamp="2025-05-03T20:02:05.2608290-04:00">
        <Text>2025-05-04T00:02:05.259Z pw:api   locator resolved to &lt;span id="a8ba35e5d" class="text-ellipsis"&gt;Dicta adipisci consectetur natus ipsam dolorum esΓÇª&lt;/span&gt;</Text>
      </RunInfo>
      <RunInfo computerName="DESKTOP-RSFFHJT" outcome="Warning" timestamp="2025-05-03T20:02:05.2613357-04:00">
        <Text>2025-05-04T00:02:05.260Z pw:api waiting for Locator("table[id='vertically-scrolled-table']").Locator("tbody tr").Nth(10).Locator("td[class='  text-end']")</Text>
      </RunInfo>
      <RunInfo computerName="DESKTOP-RSFFHJT" outcome="Warning" timestamp="2025-05-03T20:02:05.2627391-04:00">
        <Text>2025-05-04T00:02:05.261Z pw:api   locator resolved to &lt;td class="  text-end"&gt;$237.00&lt;/td&gt;</Text>
      </RunInfo>
      <RunInfo computerName="DESKTOP-RSFFHJT" outcome="Warning" timestamp="2025-05-03T20:02:05.2633067-04:00">
        <Text>2025-05-04T00:02:05.262Z pw:api waiting for Locator("table[id='vertically-scrolled-table']").Locator("tbody tr").Nth(11)</Text>
      </RunInfo>
      <RunInfo computerName="DESKTOP-RSFFHJT" outcome="Warning" timestamp="2025-05-03T20:02:05.2645004-04:00">
        <Text>2025-05-04T00:02:05.263Z pw:api   locator resolved to &lt;tr tabindex="-1" id="ember372" class="ember-view   "&gt;ΓÇª&lt;/tr&gt;</Text>
      </RunInfo>
      <RunInfo computerName="DESKTOP-RSFFHJT" outcome="Warning" timestamp="2025-05-03T20:02:05.2650117-04:00">
        <Text>2025-05-04T00:02:05.264Z pw:api waiting for Locator("table[id='vertically-scrolled-table']").Locator("tbody tr").Nth(11).Locator("a")</Text>
      </RunInfo>
      <RunInfo computerName="DESKTOP-RSFFHJT" outcome="Warning" timestamp="2025-05-03T20:02:05.2663517-04:00">
        <Text>2025-05-04T00:02:05.265Z pw:api   locator resolved to &lt;a id="ember376" class="ember-view text-break " href="#/inventory/items/6620000005381011"&gt;Composite Item 3&lt;/a&gt;</Text>
      </RunInfo>
      <RunInfo computerName="DESKTOP-RSFFHJT" outcome="Warning" timestamp="2025-05-03T20:02:05.2668328-04:00">
        <Text>2025-05-04T00:02:05.265Z pw:api waiting for Locator("table[id='vertically-scrolled-table']").Locator("tbody tr").Nth(11).Locator("td:nth-child(3)")</Text>
      </RunInfo>
      <RunInfo computerName="DESKTOP-RSFFHJT" outcome="Warning" timestamp="2025-05-03T20:02:05.2685214-04:00">
        <Text>2025-05-04T00:02:05.267Z pw:api   locator resolved to &lt;td class=" "&gt;29858&lt;/td&gt;</Text>
      </RunInfo>
      <RunInfo computerName="DESKTOP-RSFFHJT" outcome="Warning" timestamp="2025-05-03T20:02:05.2689696-04:00">
        <Text>2025-05-04T00:02:05.268Z pw:api waiting for Locator("table[id='vertically-scrolled-table']").Locator("tbody tr").Nth(11).Locator("td:nth-child(4)")</Text>
      </RunInfo>
      <RunInfo computerName="DESKTOP-RSFFHJT" outcome="Warning" timestamp="2025-05-03T20:02:05.2702630-04:00">
        <Text>2025-05-04T00:02:05.269Z pw:api   locator resolved to &lt;td class=" "&gt;Goods&lt;/td&gt;</Text>
      </RunInfo>
      <RunInfo computerName="DESKTOP-RSFFHJT" outcome="Warning" timestamp="2025-05-03T20:02:05.2707105-04:00">
        <Text>2025-05-04T00:02:05.269Z pw:api waiting for Locator("table[id='vertically-scrolled-table']").Locator("tbody tr").Nth(11).Locator("td span[class='text-ellipsis']")</Text>
      </RunInfo>
      <RunInfo computerName="DESKTOP-RSFFHJT" outcome="Warning" timestamp="2025-05-03T20:02:05.2722088-04:00">
        <Text>2025-05-04T00:02:05.271Z pw:api   locator resolved to &lt;span id="a1e96ec7e" class="text-ellipsis"&gt;Dicta adipisci consectetur natus ipsam dolorum esΓÇª&lt;/span&gt;</Text>
      </RunInfo>
      <RunInfo computerName="DESKTOP-RSFFHJT" outcome="Warning" timestamp="2025-05-03T20:02:05.2725791-04:00">
        <Text>2025-05-04T00:02:05.271Z pw:api waiting for Locator("table[id='vertically-scrolled-table']").Locator("tbody tr").Nth(11).Locator("td[class='  text-end']")</Text>
      </RunInfo>
      <RunInfo computerName="DESKTOP-RSFFHJT" outcome="Warning" timestamp="2025-05-03T20:02:05.2738633-04:00">
        <Text>2025-05-04T00:02:05.273Z pw:api   locator resolved to &lt;td class="  text-end"&gt;$694.00&lt;/td&gt;</Text>
      </RunInfo>
      <RunInfo computerName="DESKTOP-RSFFHJT" outcome="Warning" timestamp="2025-05-03T20:02:05.2744844-04:00">
        <Text>2025-05-04T00:02:05.273Z pw:api waiting for Locator("table[id='vertically-scrolled-table']").Locator("tbody tr").Nth(12)</Text>
      </RunInfo>
      <RunInfo computerName="DESKTOP-RSFFHJT" outcome="Warning" timestamp="2025-05-03T20:02:05.2758082-04:00">
        <Text>2025-05-04T00:02:05.274Z pw:api   locator resolved to &lt;tr tabindex="-1" id="ember378" class="ember-view   "&gt;ΓÇª&lt;/tr&gt;</Text>
      </RunInfo>
      <RunInfo computerName="DESKTOP-RSFFHJT" outcome="Warning" timestamp="2025-05-03T20:02:05.2761815-04:00">
        <Text>2025-05-04T00:02:05.275Z pw:api waiting for Locator("table[id='vertically-scrolled-table']").Locator("tbody tr").Nth(12).Locator("a")</Text>
      </RunInfo>
      <RunInfo computerName="DESKTOP-RSFFHJT" outcome="Warning" timestamp="2025-05-03T20:02:05.2774740-04:00">
        <Text>2025-05-04T00:02:05.276Z pw:api   locator resolved to &lt;a id="ember382" class="ember-view text-break " href="#/inventory/items/6620000005381012"&gt;Composite Item 4&lt;/a&gt;</Text>
      </RunInfo>
      <RunInfo computerName="DESKTOP-RSFFHJT" outcome="Warning" timestamp="2025-05-03T20:02:05.2779471-04:00">
        <Text>2025-05-04T00:02:05.277Z pw:api waiting for Locator("table[id='vertically-scrolled-table']").Locator("tbody tr").Nth(12).Locator("td:nth-child(3)")</Text>
      </RunInfo>
      <RunInfo computerName="DESKTOP-RSFFHJT" outcome="Warning" timestamp="2025-05-03T20:02:05.2796125-04:00">
        <Text>2025-05-04T00:02:05.278Z pw:api   locator resolved to &lt;td class=" "&gt;29858&lt;/td&gt;</Text>
      </RunInfo>
      <RunInfo computerName="DESKTOP-RSFFHJT" outcome="Warning" timestamp="2025-05-03T20:02:05.2802239-04:00">
        <Text>2025-05-04T00:02:05.279Z pw:api waiting for Locator("table[id='vertically-scrolled-table']").Locator("tbody tr").Nth(12).Locator("td:nth-child(4)")</Text>
      </RunInfo>
      <RunInfo computerName="DESKTOP-RSFFHJT" outcome="Warning" timestamp="2025-05-03T20:02:05.2816600-04:00">
        <Text>2025-05-04T00:02:05.280Z pw:api   locator resolved to &lt;td class=" "&gt;Goods&lt;/td&gt;</Text>
      </RunInfo>
      <RunInfo computerName="DESKTOP-RSFFHJT" outcome="Warning" timestamp="2025-05-03T20:02:05.2820539-04:00">
        <Text>2025-05-04T00:02:05.281Z pw:api waiting for Locator("table[id='vertically-scrolled-table']").Locator("tbody tr").Nth(12).Locator("td span[class='text-ellipsis']")</Text>
      </RunInfo>
      <RunInfo computerName="DESKTOP-RSFFHJT" outcome="Warning" timestamp="2025-05-03T20:02:05.2832848-04:00">
        <Text>2025-05-04T00:02:05.282Z pw:api   locator resolved to &lt;span id="a8fa1af51" class="text-ellipsis"&gt;Dicta adipisci consectetur natus ipsam dolorum esΓÇª&lt;/span&gt;</Text>
      </RunInfo>
      <RunInfo computerName="DESKTOP-RSFFHJT" outcome="Warning" timestamp="2025-05-03T20:02:05.2836619-04:00">
        <Text>2025-05-04T00:02:05.282Z pw:api waiting for Locator("table[id='vertically-scrolled-table']").Locator("tbody tr").Nth(12).Locator("td[class='  text-end']")</Text>
      </RunInfo>
      <RunInfo computerName="DESKTOP-RSFFHJT" outcome="Warning" timestamp="2025-05-03T20:02:05.2850398-04:00">
        <Text>2025-05-04T00:02:05.284Z pw:api   locator resolved to &lt;td class="  text-end"&gt;$520.00&lt;/td&gt;</Text>
      </RunInfo>
      <RunInfo computerName="DESKTOP-RSFFHJT" outcome="Warning" timestamp="2025-05-03T20:02:05.2855349-04:00">
        <Text>2025-05-04T00:02:05.284Z pw:api waiting for Locator("button[class='btn btn-primary']")</Text>
      </RunInfo>
      <RunInfo computerName="DESKTOP-RSFFHJT" outcome="Warning" timestamp="2025-05-03T20:02:05.2875203-04:00">
        <Text>2025-05-04T00:02:05.286Z pw:api   locator resolved to &lt;button data-ember-action="" class="btn btn-primary" data-ember-action-260="260"&gt;ΓÇª&lt;/button&gt;</Text>
      </RunInfo>
      <RunInfo computerName="DESKTOP-RSFFHJT" outcome="Warning" timestamp="2025-05-03T20:02:05.2880463-04:00">
        <Text>2025-05-04T00:02:05.287Z pw:api attempting click action</Text>
      </RunInfo>
      <RunInfo computerName="DESKTOP-RSFFHJT" outcome="Warning" timestamp="2025-05-03T20:02:05.2880695-04:00">
        <Text>2025-05-04T00:02:05.287Z pw:api   waiting for element to be visible, enabled and stable</Text>
      </RunInfo>
      <RunInfo computerName="DESKTOP-RSFFHJT" outcome="Warning" timestamp="2025-05-03T20:02:05.2944847-04:00">
        <Text>2025-05-04T00:02:05.293Z pw:api   element is visible, enabled and stable</Text>
      </RunInfo>
      <RunInfo computerName="DESKTOP-RSFFHJT" outcome="Warning" timestamp="2025-05-03T20:02:05.2945050-04:00">
        <Text>2025-05-04T00:02:05.293Z pw:api   scrolling into view if needed</Text>
      </RunInfo>
      <RunInfo computerName="DESKTOP-RSFFHJT" outcome="Warning" timestamp="2025-05-03T20:02:05.2946982-04:00">
        <Text>2025-05-04T00:02:05.293Z pw:api   done scrolling</Text>
      </RunInfo>
      <RunInfo computerName="DESKTOP-RSFFHJT" outcome="Warning" timestamp="2025-05-03T20:02:05.2963597-04:00">
        <Text>2025-05-04T00:02:05.295Z pw:api   performing click action</Text>
      </RunInfo>
      <RunInfo computerName="DESKTOP-RSFFHJT" outcome="Warning" timestamp="2025-05-03T20:02:05.3129190-04:00">
        <Text>2025-05-04T00:02:05.311Z pw:api   click action done</Text>
      </RunInfo>
      <RunInfo computerName="DESKTOP-RSFFHJT" outcome="Warning" timestamp="2025-05-03T20:02:05.3129484-04:00">
        <Text>2025-05-04T00:02:05.311Z pw:api   waiting for scheduled navigations to finish</Text>
      </RunInfo>
      <RunInfo computerName="DESKTOP-RSFFHJT" outcome="Warning" timestamp="2025-05-03T20:02:05.3189445-04:00">
        <Text>2025-05-04T00:02:05.317Z pw:api   navigations have finished</Text>
      </RunInfo>
    </RunInfos>
  </ResultSummary>
</TestRun>