<?xml version="1.0" encoding="utf-8"?>
<TestRun id="0c1703f2-171a-452a-a720-2f306ba16961" name="Eric@DESKTOP-RSFFHJT 2025-05-02 09:03:12" runUser="DESKTOP-RSFFHJT\Eric" xmlns="http://microsoft.com/schemas/VisualStudio/TeamTest/2010">
  <Times creation="2025-05-02T09:03:12.1537578-04:00" queuing="2025-05-02T09:03:12.1537582-04:00" start="2025-05-02T09:03:02.3197582-04:00" finish="2025-05-02T09:03:47.0027353-04:00" />
  <TestSettings name="default" id="7326eb88-470d-46f8-9b09-80ee2c4264e1">
    <Deployment runDeploymentRoot="Eric_DESKTOP-RSFFHJT_2025-05-02_09_03_12" />
  </TestSettings>
  <Results>
    <UnitTestResult executionId="e62ad96a-9544-4c16-b700-939e710f7d59" testId="dd7bd5e3-b4e3-f0b9-deae-92d40466467d" testName="Test_SideBar_Navigation(InventoryManagementSystemFramework.TestDataWorkflows.NavBarWorkflow)" computerName="DESKTOP-RSFFHJT" duration="00:00:04.1401480" startTime="2025-05-02T09:03:20.1323196-04:00" endTime="2025-05-02T09:03:24.2724668-04:00" testType="13cdc9d9-ddb5-4fa4-a97d-d965ccfc6d4b" outcome="Passed" testListId="8c84fa94-04c1-424b-9868-57a2d4851a1d" relativeResultsDirectory="e62ad96a-9544-4c16-b700-939e710f7d59" />
    <UnitTestResult executionId="34ea627f-8bb7-4173-85ad-42840d0da002" testId="1930542e-b935-a4b4-d77c-35551adc607a" testName="Test_Inventory_Item_Adjustments" computerName="DESKTOP-RSFFHJT" duration="00:00:04.2332200" startTime="2025-05-02T09:03:31.2776108-04:00" endTime="2025-05-02T09:03:35.5108295-04:00" testType="13cdc9d9-ddb5-4fa4-a97d-d965ccfc6d4b" outcome="Passed" testListId="8c84fa94-04c1-424b-9868-57a2d4851a1d" relativeResultsDirectory="34ea627f-8bb7-4173-85ad-42840d0da002" />
    <UnitTestResult executionId="8f771c86-ad10-4c89-9c4c-c9c6f57a0d98" testId="1e75d530-a6c5-8a5f-68fb-dab1a6e08d20" testName="Test_Inventory_Items(InventoryManagementSystemFramework.TestDataWorkflows.NavBarWorkflow)" computerName="DESKTOP-RSFFHJT" duration="00:00:04.5464540" startTime="2025-05-02T09:03:42.4030442-04:00" endTime="2025-05-02T09:03:46.9494978-04:00" testType="13cdc9d9-ddb5-4fa4-a97d-d965ccfc6d4b" outcome="Passed" testListId="8c84fa94-04c1-424b-9868-57a2d4851a1d" relativeResultsDirectory="8f771c86-ad10-4c89-9c4c-c9c6f57a0d98" />
    <UnitTestResult executionId="682eb06a-2b2b-4172-9630-e4a3d419dc88" testId="13c01ae7-6677-2942-057f-6755a44079fb" testName="Test_Inventory_Item_Groups" computerName="DESKTOP-RSFFHJT" duration="00:00:06.8920810" startTime="2025-05-02T09:03:35.5108676-04:00" endTime="2025-05-02T09:03:42.4029476-04:00" testType="13cdc9d9-ddb5-4fa4-a97d-d965ccfc6d4b" outcome="Passed" testListId="8c84fa94-04c1-424b-9868-57a2d4851a1d" relativeResultsDirectory="682eb06a-2b2b-4172-9630-e4a3d419dc88" />
    <UnitTestResult executionId="b4f2fee2-0737-4a92-a1cf-ca721131d3d5" testId="2c491bb4-585c-499e-1f72-5732847fd795" testName="Test_Fill_New_Inv_Item(InventoryManagementSystemFramework.TestDataWorkflows.AddNewItemWorkflow)" computerName="DESKTOP-RSFFHJT" duration="00:00:07.0039390" startTime="2025-05-02T09:03:24.2736279-04:00" endTime="2025-05-02T09:03:31.2775657-04:00" testType="13cdc9d9-ddb5-4fa4-a97d-d965ccfc6d4b" outcome="Passed" testListId="8c84fa94-04c1-424b-9868-57a2d4851a1d" relativeResultsDirectory="b4f2fee2-0737-4a92-a1cf-ca721131d3d5" />
    <UnitTestResult executionId="427f4c5d-64fa-47c3-bb79-feadd0f0a851" testId="dd7bd5e3-b4e3-f0b9-deae-92d40466467d" testName="Test_SideBar_Navigation(InventoryManagementSystemFramework.TestDataWorkflows.NavBarWorkflow)" computerName="DESKTOP-RSFFHJT" duration="00:00:04.2152850" startTime="2025-05-02T09:03:15.9169866-04:00" endTime="2025-05-02T09:03:20.1322708-04:00" testType="13cdc9d9-ddb5-4fa4-a97d-d965ccfc6d4b" outcome="Passed" testListId="8c84fa94-04c1-424b-9868-57a2d4851a1d" relativeResultsDirectory="427f4c5d-64fa-47c3-bb79-feadd0f0a851" />
    <UnitTestResult executionId="218aa97c-e532-4209-bdbc-0c84d55bb93b" testId="58cc6524-0945-cdc7-62c8-50dc88c8e026" testName="Test_HomePage_Get_User_Org(InventoryManagementSystemFramework.TestDataWorkflows.HomeDashBoardWorkflow)" computerName="DESKTOP-RSFFHJT" duration="00:00:09.4094840" startTime="2025-05-02T09:03:02.7086817-04:00" endTime="2025-05-02T09:03:12.1181176-04:00" testType="13cdc9d9-ddb5-4fa4-a97d-d965ccfc6d4b" outcome="Passed" testListId="8c84fa94-04c1-424b-9868-57a2d4851a1d" relativeResultsDirectory="218aa97c-e532-4209-bdbc-0c84d55bb93b">
      <Output>
        <StdErr>2025-05-02T13:03:08.505Z pw:api navigating to "https://www.zoho.com/ca/inventory/inventory-software-demo/#/home/inventory-dashboard", waiting until "load"&#xD;
&#xD;
2025-05-02T13:03:08.642Z pw:api   "commit" event fired&#xD;
&#xD;
2025-05-02T13:03:08.642Z pw:api   navigated to "https://www.zoho.com/ca/inventory/inventory-software-demo/#/home/inventory-dashboard"&#xD;
&#xD;
2025-05-02T13:03:10.733Z pw:api   "networkidle" event fired&#xD;
&#xD;
2025-05-02T13:03:11.147Z pw:api   "domcontentloaded" event fired&#xD;
&#xD;
2025-05-02T13:03:11.982Z pw:api   "load" event fired&#xD;
&#xD;
2025-05-02T13:03:12.000Z pw:api waiting for Locator("div[class='d-flex mt-3'] div[class='font-xlarge text-medium mt-3']")&#xD;
&#xD;
2025-05-02T13:03:12.051Z pw:api   locator resolved to &lt;div class="font-xlarge text-medium mt-3"&gt;Hello, Demo User&lt;/div&gt;&#xD;
&#xD;
2025-05-02T13:03:12.056Z pw:api waiting for Locator("div[class='d-flex mt-3'] div[class='text-muted']")&#xD;
&#xD;
2025-05-02T13:03:12.059Z pw:api   locator resolved to &lt;div class="text-muted"&gt;Demo Org&lt;/div&gt;&#xD;
&#xD;
2025-05-02T13:03:12.068Z pw:api waiting for Locator("div[class='inv-summary']").First.Locator("label")&#xD;
&#xD;
2025-05-02T13:03:12.070Z pw:api   locator resolved to &lt;label class="text-uppercase fw-light font-small text-void w-65"&gt;Quantity in Hand&lt;/label&gt;&#xD;
&#xD;
2025-05-02T13:03:12.071Z pw:api waiting for Locator("div[class='inv-summary']").First.Locator("div")&#xD;
&#xD;
2025-05-02T13:03:12.073Z pw:api   locator resolved to &lt;div id="a73898612" class="cursor-pointer float-end qty over-flow icon-xlarge text-plain"&gt;12746&lt;/div&gt;&#xD;
&#xD;
2025-05-02T13:03:12.074Z pw:api waiting for Locator("div[class='inv-summary']").Nth(1).Locator("label")&#xD;
&#xD;
2025-05-02T13:03:12.076Z pw:api   locator resolved to &lt;label class="text-uppercase fw-light font-small text-void w-65"&gt;Quantity to be Received&lt;/label&gt;&#xD;
&#xD;
2025-05-02T13:03:12.077Z pw:api waiting for Locator("div[class='inv-summary']").Nth(1).Locator("div")&#xD;
&#xD;
2025-05-02T13:03:12.080Z pw:api   locator resolved to &lt;div id="a1c03e0fa" class="cursor-pointer qty float-end over-flow icon-xlarge text-plain"&gt;62&lt;/div&gt;&#xD;
&#xD;
2025-05-02T13:03:12.084Z pw:api waiting for Locator("div[class='inv-summary']").First.Locator("label")&#xD;
&#xD;
2025-05-02T13:03:12.086Z pw:api   locator resolved to &lt;label class="text-uppercase fw-light font-small text-void w-65"&gt;Quantity in Hand&lt;/label&gt;&#xD;
&#xD;
2025-05-02T13:03:12.087Z pw:api waiting for Locator("div[class='inv-summary']").First.Locator("div")&#xD;
&#xD;
2025-05-02T13:03:12.089Z pw:api   locator resolved to &lt;div id="a73898612" class="cursor-pointer float-end qty over-flow icon-xlarge text-plain"&gt;12746&lt;/div&gt;&#xD;
&#xD;
2025-05-02T13:03:12.090Z pw:api waiting for Locator("div[class='inv-summary']").Nth(1).Locator("label")&#xD;
&#xD;
2025-05-02T13:03:12.092Z pw:api   locator resolved to &lt;label class="text-uppercase fw-light font-small text-void w-65"&gt;Quantity to be Received&lt;/label&gt;&#xD;
&#xD;
2025-05-02T13:03:12.093Z pw:api waiting for Locator("div[class='inv-summary']").Nth(1).Locator("div")&#xD;
&#xD;
2025-05-02T13:03:12.095Z pw:api   locator resolved to &lt;div id="a1c03e0fa" class="cursor-pointer qty float-end over-flow icon-xlarge text-plain"&gt;62&lt;/div&gt;</StdErr>
      </Output>
    </UnitTestResult>
    <UnitTestResult executionId="59e52503-7173-44f6-b3ce-474e5657efd6" testId="dd7bd5e3-b4e3-f0b9-deae-92d40466467d" testName="Test_SideBar_Navigation(InventoryManagementSystemFramework.TestDataWorkflows.NavBarWorkflow)" computerName="DESKTOP-RSFFHJT" duration="00:00:03.7971440" startTime="2025-05-02T09:03:12.1198050-04:00" endTime="2025-05-02T09:03:15.9169478-04:00" testType="13cdc9d9-ddb5-4fa4-a97d-d965ccfc6d4b" outcome="Passed" testListId="8c84fa94-04c1-424b-9868-57a2d4851a1d" relativeResultsDirectory="59e52503-7173-44f6-b3ce-474e5657efd6" />
  </Results>
  <TestDefinitions>
    <UnitTest name="Test_SideBar_Navigation(InventoryManagementSystemFramework.TestDataWorkflows.NavBarWorkflow)" storage="c:\users\eric\documents\vscode-repos\inventorymanagementsystemframework\inventorymanagementsystemframework\bin\debug\net9.0\inventorymanagementsystemframework.dll" id="dd7bd5e3-b4e3-f0b9-deae-92d40466467d">
      <Execution id="59e52503-7173-44f6-b3ce-474e5657efd6" />
      <TestMethod codeBase="C:\Users\Eric\Documents\vscode-repos\InventoryManagementSystemFramework\InventoryManagementSystemFramework\bin\Debug\net9.0\InventoryManagementSystemFramework.dll" adapterTypeName="executor://nunit3testexecutor/" className="InventoryManagementSystemFramework.Tests.HomePageTest" name="Test_SideBar_Navigation(InventoryManagementSystemFramework.TestDataWorkflows.NavBarWorkflow)" />
    </UnitTest>
    <UnitTest name="Test_Fill_New_Inv_Item(InventoryManagementSystemFramework.TestDataWorkflows.AddNewItemWorkflow)" storage="c:\users\eric\documents\vscode-repos\inventorymanagementsystemframework\inventorymanagementsystemframework\bin\debug\net9.0\inventorymanagementsystemframework.dll" id="2c491bb4-585c-499e-1f72-5732847fd795">
      <Execution id="b4f2fee2-0737-4a92-a1cf-ca721131d3d5" />
      <TestMethod codeBase="C:\Users\Eric\Documents\vscode-repos\InventoryManagementSystemFramework\InventoryManagementSystemFramework\bin\Debug\net9.0\InventoryManagementSystemFramework.dll" adapterTypeName="executor://nunit3testexecutor/" className="InventoryManagementSystemFramework.Tests.InventoryTests" name="Test_Fill_New_Inv_Item(InventoryManagementSystemFramework.TestDataWorkflows.AddNewItemWorkflow)" />
    </UnitTest>
    <UnitTest name="Test_HomePage_Get_User_Org(InventoryManagementSystemFramework.TestDataWorkflows.HomeDashBoardWorkflow)" storage="c:\users\eric\documents\vscode-repos\inventorymanagementsystemframework\inventorymanagementsystemframework\bin\debug\net9.0\inventorymanagementsystemframework.dll" id="58cc6524-0945-cdc7-62c8-50dc88c8e026">
      <Execution id="218aa97c-e532-4209-bdbc-0c84d55bb93b" />
      <TestMethod codeBase="C:\Users\Eric\Documents\vscode-repos\InventoryManagementSystemFramework\InventoryManagementSystemFramework\bin\Debug\net9.0\InventoryManagementSystemFramework.dll" adapterTypeName="executor://nunit3testexecutor/" className="InventoryManagementSystemFramework.Tests.HomePageTest" name="Test_HomePage_Get_User_Org(InventoryManagementSystemFramework.TestDataWorkflows.HomeDashBoardWorkflow)" />
    </UnitTest>
    <UnitTest name="Test_Inventory_Item_Groups" storage="c:\users\eric\documents\vscode-repos\inventorymanagementsystemframework\inventorymanagementsystemframework\bin\debug\net9.0\inventorymanagementsystemframework.dll" id="13c01ae7-6677-2942-057f-6755a44079fb">
      <Execution id="682eb06a-2b2b-4172-9630-e4a3d419dc88" />
      <TestMethod codeBase="C:\Users\Eric\Documents\vscode-repos\InventoryManagementSystemFramework\InventoryManagementSystemFramework\bin\Debug\net9.0\InventoryManagementSystemFramework.dll" adapterTypeName="executor://nunit3testexecutor/" className="InventoryManagementSystemFramework.Tests.InventoryTests" name="Test_Inventory_Item_Groups" />
    </UnitTest>
    <UnitTest name="Test_Inventory_Item_Adjustments" storage="c:\users\eric\documents\vscode-repos\inventorymanagementsystemframework\inventorymanagementsystemframework\bin\debug\net9.0\inventorymanagementsystemframework.dll" id="1930542e-b935-a4b4-d77c-35551adc607a">
      <Execution id="34ea627f-8bb7-4173-85ad-42840d0da002" />
      <TestMethod codeBase="C:\Users\Eric\Documents\vscode-repos\InventoryManagementSystemFramework\InventoryManagementSystemFramework\bin\Debug\net9.0\InventoryManagementSystemFramework.dll" adapterTypeName="executor://nunit3testexecutor/" className="InventoryManagementSystemFramework.Tests.InventoryTests" name="Test_Inventory_Item_Adjustments" />
    </UnitTest>
    <UnitTest name="Test_Inventory_Items(InventoryManagementSystemFramework.TestDataWorkflows.NavBarWorkflow)" storage="c:\users\eric\documents\vscode-repos\inventorymanagementsystemframework\inventorymanagementsystemframework\bin\debug\net9.0\inventorymanagementsystemframework.dll" id="1e75d530-a6c5-8a5f-68fb-dab1a6e08d20">
      <Execution id="8f771c86-ad10-4c89-9c4c-c9c6f57a0d98" />
      <TestMethod codeBase="C:\Users\Eric\Documents\vscode-repos\InventoryManagementSystemFramework\InventoryManagementSystemFramework\bin\Debug\net9.0\InventoryManagementSystemFramework.dll" adapterTypeName="executor://nunit3testexecutor/" className="InventoryManagementSystemFramework.Tests.InventoryTests" name="Test_Inventory_Items(InventoryManagementSystemFramework.TestDataWorkflows.NavBarWorkflow)" />
    </UnitTest>
  </TestDefinitions>
  <TestEntries>
    <TestEntry testId="dd7bd5e3-b4e3-f0b9-deae-92d40466467d" executionId="e62ad96a-9544-4c16-b700-939e710f7d59" testListId="8c84fa94-04c1-424b-9868-57a2d4851a1d" />
    <TestEntry testId="1930542e-b935-a4b4-d77c-35551adc607a" executionId="34ea627f-8bb7-4173-85ad-42840d0da002" testListId="8c84fa94-04c1-424b-9868-57a2d4851a1d" />
    <TestEntry testId="1e75d530-a6c5-8a5f-68fb-dab1a6e08d20" executionId="8f771c86-ad10-4c89-9c4c-c9c6f57a0d98" testListId="8c84fa94-04c1-424b-9868-57a2d4851a1d" />
    <TestEntry testId="13c01ae7-6677-2942-057f-6755a44079fb" executionId="682eb06a-2b2b-4172-9630-e4a3d419dc88" testListId="8c84fa94-04c1-424b-9868-57a2d4851a1d" />
    <TestEntry testId="2c491bb4-585c-499e-1f72-5732847fd795" executionId="b4f2fee2-0737-4a92-a1cf-ca721131d3d5" testListId="8c84fa94-04c1-424b-9868-57a2d4851a1d" />
    <TestEntry testId="dd7bd5e3-b4e3-f0b9-deae-92d40466467d" executionId="427f4c5d-64fa-47c3-bb79-feadd0f0a851" testListId="8c84fa94-04c1-424b-9868-57a2d4851a1d" />
    <TestEntry testId="58cc6524-0945-cdc7-62c8-50dc88c8e026" executionId="218aa97c-e532-4209-bdbc-0c84d55bb93b" testListId="8c84fa94-04c1-424b-9868-57a2d4851a1d" />
    <TestEntry testId="dd7bd5e3-b4e3-f0b9-deae-92d40466467d" executionId="59e52503-7173-44f6-b3ce-474e5657efd6" testListId="8c84fa94-04c1-424b-9868-57a2d4851a1d" />
  </TestEntries>
  <TestLists>
    <TestList name="Results Not in a List" id="8c84fa94-04c1-424b-9868-57a2d4851a1d" />
    <TestList name="All Loaded Results" id="19431567-8539-422a-85d7-44ee4e166bda" />
  </TestLists>
  <ResultSummary outcome="Completed">
    <Counters total="8" executed="8" passed="8" failed="0" error="0" timeout="0" aborted="0" inconclusive="0" passedButRunAborted="0" notRunnable="0" notExecuted="0" disconnected="0" warning="0" completed="0" inProgress="0" pending="0" />
    <Output>
      <StdOut>NUnit Adapter 4.6.0.0: Test execution started&#xD;
Running selected tests in C:\Users\Eric\Documents\vscode-repos\InventoryManagementSystemFramework\InventoryManagementSystemFramework\bin\Debug\net9.0\InventoryManagementSystemFramework.dll&#xD;
   NUnit3TestExecutor discovered 8 of 8 NUnit test cases using Current Discovery mode, Non-Explicit run&#xD;
NUnit Adapter 4.6.0.0: Test execution complete&#xD;
</StdOut>
    </Output>
    <RunInfos>
      <RunInfo computerName="DESKTOP-RSFFHJT" outcome="Warning" timestamp="2025-05-02T09:03:08.5117606-04:00">
        <Text>2025-05-02T13:03:08.505Z pw:api navigating to "https://www.zoho.com/ca/inventory/inventory-software-demo/#/home/inventory-dashboard", waiting until "load"</Text>
      </RunInfo>
      <RunInfo computerName="DESKTOP-RSFFHJT" outcome="Warning" timestamp="2025-05-02T09:03:08.6434527-04:00">
        <Text>2025-05-02T13:03:08.642Z pw:api   "commit" event fired</Text>
      </RunInfo>
      <RunInfo computerName="DESKTOP-RSFFHJT" outcome="Warning" timestamp="2025-05-02T09:03:08.6434923-04:00">
        <Text>2025-05-02T13:03:08.642Z pw:api   navigated to "https://www.zoho.com/ca/inventory/inventory-software-demo/#/home/inventory-dashboard"</Text>
      </RunInfo>
      <RunInfo computerName="DESKTOP-RSFFHJT" outcome="Warning" timestamp="2025-05-02T09:03:10.7340504-04:00">
        <Text>2025-05-02T13:03:10.733Z pw:api   "networkidle" event fired</Text>
      </RunInfo>
      <RunInfo computerName="DESKTOP-RSFFHJT" outcome="Warning" timestamp="2025-05-02T09:03:11.1488236-04:00">
        <Text>2025-05-02T13:03:11.147Z pw:api   "domcontentloaded" event fired</Text>
      </RunInfo>
      <RunInfo computerName="DESKTOP-RSFFHJT" outcome="Warning" timestamp="2025-05-02T09:03:11.9918971-04:00">
        <Text>2025-05-02T13:03:11.982Z pw:api   "load" event fired</Text>
      </RunInfo>
      <RunInfo computerName="DESKTOP-RSFFHJT" outcome="Warning" timestamp="2025-05-02T09:03:12.0017759-04:00">
        <Text>2025-05-02T13:03:12.000Z pw:api waiting for Locator("div[class='d-flex mt-3'] div[class='font-xlarge text-medium mt-3']")</Text>
      </RunInfo>
      <RunInfo computerName="DESKTOP-RSFFHJT" outcome="Warning" timestamp="2025-05-02T09:03:12.0525414-04:00">
        <Text>2025-05-02T13:03:12.051Z pw:api   locator resolved to &lt;div class="font-xlarge text-medium mt-3"&gt;Hello, Demo User&lt;/div&gt;</Text>
      </RunInfo>
      <RunInfo computerName="DESKTOP-RSFFHJT" outcome="Warning" timestamp="2025-05-02T09:03:12.0578692-04:00">
        <Text>2025-05-02T13:03:12.056Z pw:api waiting for Locator("div[class='d-flex mt-3'] div[class='text-muted']")</Text>
      </RunInfo>
      <RunInfo computerName="DESKTOP-RSFFHJT" outcome="Warning" timestamp="2025-05-02T09:03:12.0604040-04:00">
        <Text>2025-05-02T13:03:12.059Z pw:api   locator resolved to &lt;div class="text-muted"&gt;Demo Org&lt;/div&gt;</Text>
      </RunInfo>
      <RunInfo computerName="DESKTOP-RSFFHJT" outcome="Warning" timestamp="2025-05-02T09:03:12.0689166-04:00">
        <Text>2025-05-02T13:03:12.068Z pw:api waiting for Locator("div[class='inv-summary']").First.Locator("label")</Text>
      </RunInfo>
      <RunInfo computerName="DESKTOP-RSFFHJT" outcome="Warning" timestamp="2025-05-02T09:03:12.0713492-04:00">
        <Text>2025-05-02T13:03:12.070Z pw:api   locator resolved to &lt;label class="text-uppercase fw-light font-small text-void w-65"&gt;Quantity in Hand&lt;/label&gt;</Text>
      </RunInfo>
      <RunInfo computerName="DESKTOP-RSFFHJT" outcome="Warning" timestamp="2025-05-02T09:03:12.0723617-04:00">
        <Text>2025-05-02T13:03:12.071Z pw:api waiting for Locator("div[class='inv-summary']").First.Locator("div")</Text>
      </RunInfo>
      <RunInfo computerName="DESKTOP-RSFFHJT" outcome="Warning" timestamp="2025-05-02T09:03:12.0745524-04:00">
        <Text>2025-05-02T13:03:12.073Z pw:api   locator resolved to &lt;div id="a73898612" class="cursor-pointer float-end qty over-flow icon-xlarge text-plain"&gt;12746&lt;/div&gt;</Text>
      </RunInfo>
      <RunInfo computerName="DESKTOP-RSFFHJT" outcome="Warning" timestamp="2025-05-02T09:03:12.0755229-04:00">
        <Text>2025-05-02T13:03:12.074Z pw:api waiting for Locator("div[class='inv-summary']").Nth(1).Locator("label")</Text>
      </RunInfo>
      <RunInfo computerName="DESKTOP-RSFFHJT" outcome="Warning" timestamp="2025-05-02T09:03:12.0773886-04:00">
        <Text>2025-05-02T13:03:12.076Z pw:api   locator resolved to &lt;label class="text-uppercase fw-light font-small text-void w-65"&gt;Quantity to be Received&lt;/label&gt;</Text>
      </RunInfo>
      <RunInfo computerName="DESKTOP-RSFFHJT" outcome="Warning" timestamp="2025-05-02T09:03:12.0784549-04:00">
        <Text>2025-05-02T13:03:12.077Z pw:api waiting for Locator("div[class='inv-summary']").Nth(1).Locator("div")</Text>
      </RunInfo>
      <RunInfo computerName="DESKTOP-RSFFHJT" outcome="Warning" timestamp="2025-05-02T09:03:12.0811101-04:00">
        <Text>2025-05-02T13:03:12.080Z pw:api   locator resolved to &lt;div id="a1c03e0fa" class="cursor-pointer qty float-end over-flow icon-xlarge text-plain"&gt;62&lt;/div&gt;</Text>
      </RunInfo>
      <RunInfo computerName="DESKTOP-RSFFHJT" outcome="Warning" timestamp="2025-05-02T09:03:12.0856835-04:00">
        <Text>2025-05-02T13:03:12.084Z pw:api waiting for Locator("div[class='inv-summary']").First.Locator("label")</Text>
      </RunInfo>
      <RunInfo computerName="DESKTOP-RSFFHJT" outcome="Warning" timestamp="2025-05-02T09:03:12.0874952-04:00">
        <Text>2025-05-02T13:03:12.086Z pw:api   locator resolved to &lt;label class="text-uppercase fw-light font-small text-void w-65"&gt;Quantity in Hand&lt;/label&gt;</Text>
      </RunInfo>
      <RunInfo computerName="DESKTOP-RSFFHJT" outcome="Warning" timestamp="2025-05-02T09:03:12.0886329-04:00">
        <Text>2025-05-02T13:03:12.087Z pw:api waiting for Locator("div[class='inv-summary']").First.Locator("div")</Text>
      </RunInfo>
      <RunInfo computerName="DESKTOP-RSFFHJT" outcome="Warning" timestamp="2025-05-02T09:03:12.0905719-04:00">
        <Text>2025-05-02T13:03:12.089Z pw:api   locator resolved to &lt;div id="a73898612" class="cursor-pointer float-end qty over-flow icon-xlarge text-plain"&gt;12746&lt;/div&gt;</Text>
      </RunInfo>
      <RunInfo computerName="DESKTOP-RSFFHJT" outcome="Warning" timestamp="2025-05-02T09:03:12.0913468-04:00">
        <Text>2025-05-02T13:03:12.090Z pw:api waiting for Locator("div[class='inv-summary']").Nth(1).Locator("label")</Text>
      </RunInfo>
      <RunInfo computerName="DESKTOP-RSFFHJT" outcome="Warning" timestamp="2025-05-02T09:03:12.0933938-04:00">
        <Text>2025-05-02T13:03:12.092Z pw:api   locator resolved to &lt;label class="text-uppercase fw-light font-small text-void w-65"&gt;Quantity to be Received&lt;/label&gt;</Text>
      </RunInfo>
      <RunInfo computerName="DESKTOP-RSFFHJT" outcome="Warning" timestamp="2025-05-02T09:03:12.0941510-04:00">
        <Text>2025-05-02T13:03:12.093Z pw:api waiting for Locator("div[class='inv-summary']").Nth(1).Locator("div")</Text>
      </RunInfo>
      <RunInfo computerName="DESKTOP-RSFFHJT" outcome="Warning" timestamp="2025-05-02T09:03:12.0960942-04:00">
        <Text>2025-05-02T13:03:12.095Z pw:api   locator resolved to &lt;div id="a1c03e0fa" class="cursor-pointer qty float-end over-flow icon-xlarge text-plain"&gt;62&lt;/div&gt;</Text>
      </RunInfo>
      <RunInfo computerName="DESKTOP-RSFFHJT" outcome="Warning" timestamp="2025-05-02T09:03:12.1944340-04:00">
        <Text>2025-05-02T13:03:12.193Z pw:api navigating to "https://www.zoho.com/ca/inventory/inventory-software-demo/#/home/inventory-dashboard", waiting until "load"</Text>
      </RunInfo>
      <RunInfo computerName="DESKTOP-RSFFHJT" outcome="Warning" timestamp="2025-05-02T09:03:12.3088031-04:00">
        <Text>2025-05-02T13:03:12.307Z pw:api   "commit" event fired</Text>
      </RunInfo>
      <RunInfo computerName="DESKTOP-RSFFHJT" outcome="Warning" timestamp="2025-05-02T09:03:12.3088164-04:00">
        <Text>2025-05-02T13:03:12.307Z pw:api   navigated to "https://www.zoho.com/ca/inventory/inventory-software-demo/#/home/inventory-dashboard"</Text>
      </RunInfo>
      <RunInfo computerName="DESKTOP-RSFFHJT" outcome="Warning" timestamp="2025-05-02T09:03:14.0782973-04:00">
        <Text>2025-05-02T13:03:14.077Z pw:api   "networkidle" event fired</Text>
      </RunInfo>
      <RunInfo computerName="DESKTOP-RSFFHJT" outcome="Warning" timestamp="2025-05-02T09:03:14.5063949-04:00">
        <Text>2025-05-02T13:03:14.505Z pw:api   "domcontentloaded" event fired</Text>
      </RunInfo>
      <RunInfo computerName="DESKTOP-RSFFHJT" outcome="Warning" timestamp="2025-05-02T09:03:15.3679421-04:00">
        <Text>2025-05-02T13:03:15.367Z pw:api   "load" event fired</Text>
      </RunInfo>
      <RunInfo computerName="DESKTOP-RSFFHJT" outcome="Warning" timestamp="2025-05-02T09:03:15.3889510-04:00">
        <Text>2025-05-02T13:03:15.388Z pw:api waiting for Locator("div[id='main-nav-tab'] a[id*='ember'][class$='nav-link'], div[id='main-nav-tab']  a[id*='ember'][class$='nav-link ']").First</Text>
      </RunInfo>
      <RunInfo computerName="DESKTOP-RSFFHJT" outcome="Warning" timestamp="2025-05-02T09:03:15.3919124-04:00">
        <Text>2025-05-02T13:03:15.391Z pw:api   locator resolved to &lt;a id="ember79" href="#/home" class="ember-view active nav-link"&gt;ΓÇª&lt;/a&gt;</Text>
      </RunInfo>
      <RunInfo computerName="DESKTOP-RSFFHJT" outcome="Warning" timestamp="2025-05-02T09:03:15.3929590-04:00">
        <Text>2025-05-02T13:03:15.392Z pw:api waiting for Locator("div[id='main-nav-tab'] a[id*='ember'][class$='nav-link'], div[id='main-nav-tab']  a[id*='ember'][class$='nav-link ']").Nth(1)</Text>
      </RunInfo>
      <RunInfo computerName="DESKTOP-RSFFHJT" outcome="Warning" timestamp="2025-05-02T09:03:15.3954315-04:00">
        <Text>2025-05-02T13:03:15.394Z pw:api   locator resolved to &lt;a id="ember82" class="collapsed ember-view nav-link "&gt;ΓÇª&lt;/a&gt;</Text>
      </RunInfo>
      <RunInfo computerName="DESKTOP-RSFFHJT" outcome="Warning" timestamp="2025-05-02T09:03:15.3966046-04:00">
        <Text>2025-05-02T13:03:15.395Z pw:api waiting for Locator("div[id='main-nav-tab'] a[id*='ember'][class$='nav-link'], div[id='main-nav-tab']  a[id*='ember'][class$='nav-link ']").Nth(2)</Text>
      </RunInfo>
      <RunInfo computerName="DESKTOP-RSFFHJT" outcome="Warning" timestamp="2025-05-02T09:03:15.4000529-04:00">
        <Text>2025-05-02T13:03:15.399Z pw:api   locator resolved to &lt;a id="ember86" href="#/inventory/items" class="ember-view nav-link"&gt;ΓÇª&lt;/a&gt;</Text>
      </RunInfo>
      <RunInfo computerName="DESKTOP-RSFFHJT" outcome="Warning" timestamp="2025-05-02T09:03:15.4013069-04:00">
        <Text>2025-05-02T13:03:15.400Z pw:api waiting for Locator("div[id='main-nav-tab'] a[id*='ember'][class$='nav-link'], div[id='main-nav-tab']  a[id*='ember'][class$='nav-link ']").Nth(3)</Text>
      </RunInfo>
      <RunInfo computerName="DESKTOP-RSFFHJT" outcome="Warning" timestamp="2025-05-02T09:03:15.4035594-04:00">
        <Text>2025-05-02T13:03:15.403Z pw:api   locator resolved to &lt;a id="ember91" class="ember-view nav-link" href="#/inventory/itemgroups"&gt;ΓÇª&lt;/a&gt;</Text>
      </RunInfo>
      <RunInfo computerName="DESKTOP-RSFFHJT" outcome="Warning" timestamp="2025-05-02T09:03:15.4044576-04:00">
        <Text>2025-05-02T13:03:15.403Z pw:api waiting for Locator("div[id='main-nav-tab'] a[id*='ember'][class$='nav-link'], div[id='main-nav-tab']  a[id*='ember'][class$='nav-link ']").Nth(4)</Text>
      </RunInfo>
      <RunInfo computerName="DESKTOP-RSFFHJT" outcome="Warning" timestamp="2025-05-02T09:03:15.4066099-04:00">
        <Text>2025-05-02T13:03:15.406Z pw:api   locator resolved to &lt;a id="ember97" class="ember-view nav-link" href="#/inventory/adjustments"&gt;ΓÇª&lt;/a&gt;</Text>
      </RunInfo>
      <RunInfo computerName="DESKTOP-RSFFHJT" outcome="Warning" timestamp="2025-05-02T09:03:15.4072691-04:00">
        <Text>2025-05-02T13:03:15.406Z pw:api waiting for Locator("div[id='main-nav-tab'] a[id*='ember'][class$='nav-link'], div[id='main-nav-tab']  a[id*='ember'][class$='nav-link ']").Nth(5)</Text>
      </RunInfo>
      <RunInfo computerName="DESKTOP-RSFFHJT" outcome="Warning" timestamp="2025-05-02T09:03:15.4090692-04:00">
        <Text>2025-05-02T13:03:15.408Z pw:api   locator resolved to &lt;a id="ember104" class="collapsed ember-view nav-link "&gt;ΓÇª&lt;/a&gt;</Text>
      </RunInfo>
      <RunInfo computerName="DESKTOP-RSFFHJT" outcome="Warning" timestamp="2025-05-02T09:03:15.4099594-04:00">
        <Text>2025-05-02T13:03:15.409Z pw:api waiting for Locator("div[id='main-nav-tab'] a[id*='ember'][class$='nav-link'], div[id='main-nav-tab']  a[id*='ember'][class$='nav-link ']").Nth(6)</Text>
      </RunInfo>
      <RunInfo computerName="DESKTOP-RSFFHJT" outcome="Warning" timestamp="2025-05-02T09:03:15.4120031-04:00">
        <Text>2025-05-02T13:03:15.411Z pw:api   locator resolved to &lt;a id="ember108" href="#/contacts" class="ember-view nav-link"&gt;ΓÇª&lt;/a&gt;</Text>
      </RunInfo>
      <RunInfo computerName="DESKTOP-RSFFHJT" outcome="Warning" timestamp="2025-05-02T09:03:15.4132535-04:00">
        <Text>2025-05-02T13:03:15.412Z pw:api waiting for Locator("div[id='main-nav-tab'] a[id*='ember'][class$='nav-link'], div[id='main-nav-tab']  a[id*='ember'][class$='nav-link ']").Nth(7)</Text>
      </RunInfo>
      <RunInfo computerName="DESKTOP-RSFFHJT" outcome="Warning" timestamp="2025-05-02T09:03:15.4158714-04:00">
        <Text>2025-05-02T13:03:15.415Z pw:api   locator resolved to &lt;a id="ember114" href="#/salesorders" class="ember-view nav-link"&gt;ΓÇª&lt;/a&gt;</Text>
      </RunInfo>
      <RunInfo computerName="DESKTOP-RSFFHJT" outcome="Warning" timestamp="2025-05-02T09:03:15.4169374-04:00">
        <Text>2025-05-02T13:03:15.416Z pw:api waiting for Locator("div[id='main-nav-tab'] a[id*='ember'][class$='nav-link'], div[id='main-nav-tab']  a[id*='ember'][class$='nav-link ']").Nth(8)</Text>
      </RunInfo>
      <RunInfo computerName="DESKTOP-RSFFHJT" outcome="Warning" timestamp="2025-05-02T09:03:15.4190059-04:00">
        <Text>2025-05-02T13:03:15.418Z pw:api   locator resolved to &lt;a id="ember121" href="#/packages" class="ember-view nav-link"&gt;ΓÇª&lt;/a&gt;</Text>
      </RunInfo>
      <RunInfo computerName="DESKTOP-RSFFHJT" outcome="Warning" timestamp="2025-05-02T09:03:15.4200569-04:00">
        <Text>2025-05-02T13:03:15.419Z pw:api waiting for Locator("div[id='main-nav-tab'] a[id*='ember'][class$='nav-link'], div[id='main-nav-tab']  a[id*='ember'][class$='nav-link ']").Nth(9)</Text>
      </RunInfo>
      <RunInfo computerName="DESKTOP-RSFFHJT" outcome="Warning" timestamp="2025-05-02T09:03:15.4220681-04:00">
        <Text>2025-05-02T13:03:15.421Z pw:api   locator resolved to &lt;a id="ember125" href="#/shipments" class="ember-view nav-link"&gt;ΓÇª&lt;/a&gt;</Text>
      </RunInfo>
      <RunInfo computerName="DESKTOP-RSFFHJT" outcome="Warning" timestamp="2025-05-02T09:03:15.4228309-04:00">
        <Text>2025-05-02T13:03:15.422Z pw:api waiting for Locator("div[id='main-nav-tab'] a[id*='ember'][class$='nav-link'], div[id='main-nav-tab']  a[id*='ember'][class$='nav-link ']").Nth(10)</Text>
      </RunInfo>
      <RunInfo computerName="DESKTOP-RSFFHJT" outcome="Warning" timestamp="2025-05-02T09:03:15.4248294-04:00">
        <Text>2025-05-02T13:03:15.424Z pw:api   locator resolved to &lt;a id="ember129" href="#/invoices" class="ember-view nav-link"&gt;ΓÇª&lt;/a&gt;</Text>
      </RunInfo>
      <RunInfo computerName="DESKTOP-RSFFHJT" outcome="Warning" timestamp="2025-05-02T09:03:15.4256127-04:00">
        <Text>2025-05-02T13:03:15.425Z pw:api waiting for Locator("div[id='main-nav-tab'] a[id*='ember'][class$='nav-link'], div[id='main-nav-tab']  a[id*='ember'][class$='nav-link ']").Nth(11)</Text>
      </RunInfo>
      <RunInfo computerName="DESKTOP-RSFFHJT" outcome="Warning" timestamp="2025-05-02T09:03:15.4276532-04:00">
        <Text>2025-05-02T13:03:15.427Z pw:api   locator resolved to &lt;a id="ember134" href="#/paymentsreceived" class="ember-view nav-link"&gt;ΓÇª&lt;/a&gt;</Text>
      </RunInfo>
      <RunInfo computerName="DESKTOP-RSFFHJT" outcome="Warning" timestamp="2025-05-02T09:03:15.4284135-04:00">
        <Text>2025-05-02T13:03:15.427Z pw:api waiting for Locator("div[id='main-nav-tab'] a[id*='ember'][class$='nav-link'], div[id='main-nav-tab']  a[id*='ember'][class$='nav-link ']").Nth(12)</Text>
      </RunInfo>
      <RunInfo computerName="DESKTOP-RSFFHJT" outcome="Warning" timestamp="2025-05-02T09:03:15.4326410-04:00">
        <Text>2025-05-02T13:03:15.432Z pw:api   locator resolved to &lt;a id="ember140" href="#/salesreturns" class="ember-view nav-link"&gt;ΓÇª&lt;/a&gt;</Text>
      </RunInfo>
      <RunInfo computerName="DESKTOP-RSFFHJT" outcome="Warning" timestamp="2025-05-02T09:03:15.4338154-04:00">
        <Text>2025-05-02T13:03:15.433Z pw:api waiting for Locator("div[id='main-nav-tab'] a[id*='ember'][class$='nav-link'], div[id='main-nav-tab']  a[id*='ember'][class$='nav-link ']").Nth(13)</Text>
      </RunInfo>
      <RunInfo computerName="DESKTOP-RSFFHJT" outcome="Warning" timestamp="2025-05-02T09:03:15.4356574-04:00">
        <Text>2025-05-02T13:03:15.435Z pw:api   locator resolved to &lt;a id="ember143" href="#/creditnotes" class="ember-view nav-link"&gt;ΓÇª&lt;/a&gt;</Text>
      </RunInfo>
      <RunInfo computerName="DESKTOP-RSFFHJT" outcome="Warning" timestamp="2025-05-02T09:03:15.4365843-04:00">
        <Text>2025-05-02T13:03:15.436Z pw:api waiting for Locator("div[id='main-nav-tab'] a[id*='ember'][class$='nav-link'], div[id='main-nav-tab']  a[id*='ember'][class$='nav-link ']").Nth(14)</Text>
      </RunInfo>
      <RunInfo computerName="DESKTOP-RSFFHJT" outcome="Warning" timestamp="2025-05-02T09:03:15.4385188-04:00">
        <Text>2025-05-02T13:03:15.438Z pw:api   locator resolved to &lt;a id="ember147" class="collapsed ember-view nav-link "&gt;ΓÇª&lt;/a&gt;</Text>
      </RunInfo>
      <RunInfo computerName="DESKTOP-RSFFHJT" outcome="Warning" timestamp="2025-05-02T09:03:15.4392827-04:00">
        <Text>2025-05-02T13:03:15.438Z pw:api waiting for Locator("div[id='main-nav-tab'] a[id*='ember'][class$='nav-link'], div[id='main-nav-tab']  a[id*='ember'][class$='nav-link ']").Nth(15)</Text>
      </RunInfo>
      <RunInfo computerName="DESKTOP-RSFFHJT" outcome="Warning" timestamp="2025-05-02T09:03:15.4412780-04:00">
        <Text>2025-05-02T13:03:15.440Z pw:api   locator resolved to &lt;a id="ember151" href="#/vendors" class="ember-view nav-link"&gt;ΓÇª&lt;/a&gt;</Text>
      </RunInfo>
      <RunInfo computerName="DESKTOP-RSFFHJT" outcome="Warning" timestamp="2025-05-02T09:03:15.4422235-04:00">
        <Text>2025-05-02T13:03:15.441Z pw:api waiting for Locator("div[id='main-nav-tab'] a[id*='ember'][class$='nav-link'], div[id='main-nav-tab']  a[id*='ember'][class$='nav-link ']").Nth(16)</Text>
      </RunInfo>
      <RunInfo computerName="DESKTOP-RSFFHJT" outcome="Warning" timestamp="2025-05-02T09:03:15.4450719-04:00">
        <Text>2025-05-02T13:03:15.444Z pw:api   locator resolved to &lt;a id="ember155" href="#/expenses" class="ember-view nav-link"&gt;ΓÇª&lt;/a&gt;</Text>
      </RunInfo>
      <RunInfo computerName="DESKTOP-RSFFHJT" outcome="Warning" timestamp="2025-05-02T09:03:15.4465813-04:00">
        <Text>2025-05-02T13:03:15.445Z pw:api waiting for Locator("div[id='main-nav-tab'] a[id*='ember'][class$='nav-link'], div[id='main-nav-tab']  a[id*='ember'][class$='nav-link ']").Nth(17)</Text>
      </RunInfo>
      <RunInfo computerName="DESKTOP-RSFFHJT" outcome="Warning" timestamp="2025-05-02T09:03:15.4532469-04:00">
        <Text>2025-05-02T13:03:15.452Z pw:api   locator resolved to &lt;a id="ember159" href="#/purchaseorders" class="ember-view nav-link"&gt;ΓÇª&lt;/a&gt;</Text>
      </RunInfo>
      <RunInfo computerName="DESKTOP-RSFFHJT" outcome="Warning" timestamp="2025-05-02T09:03:15.4539706-04:00">
        <Text>2025-05-02T13:03:15.453Z pw:api waiting for Locator("div[id='main-nav-tab'] a[id*='ember'][class$='nav-link'], div[id='main-nav-tab']  a[id*='ember'][class$='nav-link ']").Nth(18)</Text>
      </RunInfo>
      <RunInfo computerName="DESKTOP-RSFFHJT" outcome="Warning" timestamp="2025-05-02T09:03:15.4560182-04:00">
        <Text>2025-05-02T13:03:15.455Z pw:api   locator resolved to &lt;a id="ember163" href="#/purchasereceives" class="ember-view nav-link"&gt;ΓÇª&lt;/a&gt;</Text>
      </RunInfo>
      <RunInfo computerName="DESKTOP-RSFFHJT" outcome="Warning" timestamp="2025-05-02T09:03:15.4567967-04:00">
        <Text>2025-05-02T13:03:15.456Z pw:api waiting for Locator("div[id='main-nav-tab'] a[id*='ember'][class$='nav-link'], div[id='main-nav-tab']  a[id*='ember'][class$='nav-link ']").Nth(19)</Text>
      </RunInfo>
      <RunInfo computerName="DESKTOP-RSFFHJT" outcome="Warning" timestamp="2025-05-02T09:03:15.4588186-04:00">
        <Text>2025-05-02T13:03:15.458Z pw:api   locator resolved to &lt;a id="ember168" href="#/bills" class="ember-view nav-link"&gt;ΓÇª&lt;/a&gt;</Text>
      </RunInfo>
      <RunInfo computerName="DESKTOP-RSFFHJT" outcome="Warning" timestamp="2025-05-02T09:03:15.4594873-04:00">
        <Text>2025-05-02T13:03:15.459Z pw:api waiting for Locator("div[id='main-nav-tab'] a[id*='ember'][class$='nav-link'], div[id='main-nav-tab']  a[id*='ember'][class$='nav-link ']").Nth(20)</Text>
      </RunInfo>
      <RunInfo computerName="DESKTOP-RSFFHJT" outcome="Warning" timestamp="2025-05-02T09:03:15.4615529-04:00">
        <Text>2025-05-02T13:03:15.460Z pw:api   locator resolved to &lt;a id="ember172" href="#/paymentsmade" class="ember-view nav-link"&gt;ΓÇª&lt;/a&gt;</Text>
      </RunInfo>
      <RunInfo computerName="DESKTOP-RSFFHJT" outcome="Warning" timestamp="2025-05-02T09:03:15.4623940-04:00">
        <Text>2025-05-02T13:03:15.461Z pw:api waiting for Locator("div[id='main-nav-tab'] a[id*='ember'][class$='nav-link'], div[id='main-nav-tab']  a[id*='ember'][class$='nav-link ']").Nth(21)</Text>
      </RunInfo>
      <RunInfo computerName="DESKTOP-RSFFHJT" outcome="Warning" timestamp="2025-05-02T09:03:15.4656956-04:00">
        <Text>2025-05-02T13:03:15.465Z pw:api   locator resolved to &lt;a id="ember177" href="#/vendorcredits" class="ember-view nav-link"&gt;ΓÇª&lt;/a&gt;</Text>
      </RunInfo>
      <RunInfo computerName="DESKTOP-RSFFHJT" outcome="Warning" timestamp="2025-05-02T09:03:15.4665695-04:00">
        <Text>2025-05-02T13:03:15.466Z pw:api waiting for Locator("div[id='main-nav-tab'] a[id*='ember'][class$='nav-link'], div[id='main-nav-tab']  a[id*='ember'][class$='nav-link ']").Nth(22)</Text>
      </RunInfo>
      <RunInfo computerName="DESKTOP-RSFFHJT" outcome="Warning" timestamp="2025-05-02T09:03:15.4689253-04:00">
        <Text>2025-05-02T13:03:15.468Z pw:api   locator resolved to &lt;a id="ember181" class="ember-view nav-link" href="#/settings/integrations"&gt;ΓÇª&lt;/a&gt;</Text>
      </RunInfo>
      <RunInfo computerName="DESKTOP-RSFFHJT" outcome="Warning" timestamp="2025-05-02T09:03:15.4698809-04:00">
        <Text>2025-05-02T13:03:15.469Z pw:api waiting for Locator("div[id='main-nav-tab'] a[id*='ember'][class$='nav-link'], div[id='main-nav-tab']  a[id*='ember'][class$='nav-link ']").Nth(23)</Text>
      </RunInfo>
      <RunInfo computerName="DESKTOP-RSFFHJT" outcome="Warning" timestamp="2025-05-02T09:03:15.4716517-04:00">
        <Text>2025-05-02T13:03:15.471Z pw:api   locator resolved to &lt;a id="ember184" href="#/reports" class="ember-view nav-link"&gt;ΓÇª&lt;/a&gt;</Text>
      </RunInfo>
      <RunInfo computerName="DESKTOP-RSFFHJT" outcome="Warning" timestamp="2025-05-02T09:03:15.4723674-04:00">
        <Text>2025-05-02T13:03:15.471Z pw:api waiting for Locator("div[id='main-nav-tab'] a[id*='ember'][class$='nav-link'], div[id='main-nav-tab']  a[id*='ember'][class$='nav-link ']").Nth(24)</Text>
      </RunInfo>
      <RunInfo computerName="DESKTOP-RSFFHJT" outcome="Warning" timestamp="2025-05-02T09:03:15.4741481-04:00">
        <Text>2025-05-02T13:03:15.473Z pw:api   locator resolved to &lt;a id="ember187" href="#/documents/inbox" class="ember-view nav-link"&gt;ΓÇª&lt;/a&gt;</Text>
      </RunInfo>
      <RunInfo computerName="DESKTOP-RSFFHJT" outcome="Warning" timestamp="2025-05-02T09:03:15.4762473-04:00">
        <Text>2025-05-02T13:03:15.475Z pw:api waiting for Locator("div[id='main-nav-tab'] a[id*='ember'][class$='nav-link'], div[id='main-nav-tab']  a[id*='ember'][class$='nav-link ']").Nth(1)</Text>
      </RunInfo>
      <RunInfo computerName="DESKTOP-RSFFHJT" outcome="Warning" timestamp="2025-05-02T09:03:15.4871012-04:00">
        <Text>2025-05-02T13:03:15.486Z pw:api   locator resolved to &lt;a id="ember82" class="collapsed ember-view nav-link "&gt;ΓÇª&lt;/a&gt;</Text>
      </RunInfo>
      <RunInfo computerName="DESKTOP-RSFFHJT" outcome="Warning" timestamp="2025-05-02T09:03:15.4888679-04:00">
        <Text>2025-05-02T13:03:15.488Z pw:api attempting click action</Text>
      </RunInfo>
      <RunInfo computerName="DESKTOP-RSFFHJT" outcome="Warning" timestamp="2025-05-02T09:03:15.4891368-04:00">
        <Text>2025-05-02T13:03:15.488Z pw:api   waiting for element to be visible, enabled and stable</Text>
      </RunInfo>
      <RunInfo computerName="DESKTOP-RSFFHJT" outcome="Warning" timestamp="2025-05-02T09:03:15.5141344-04:00">
        <Text>2025-05-02T13:03:15.513Z pw:api   element is visible, enabled and stable</Text>
      </RunInfo>
      <RunInfo computerName="DESKTOP-RSFFHJT" outcome="Warning" timestamp="2025-05-02T09:03:15.5141429-04:00">
        <Text>2025-05-02T13:03:15.513Z pw:api   scrolling into view if needed</Text>
      </RunInfo>
      <RunInfo computerName="DESKTOP-RSFFHJT" outcome="Warning" timestamp="2025-05-02T09:03:15.5147535-04:00">
        <Text>2025-05-02T13:03:15.514Z pw:api   done scrolling</Text>
      </RunInfo>
      <RunInfo computerName="DESKTOP-RSFFHJT" outcome="Warning" timestamp="2025-05-02T09:03:15.5179837-04:00">
        <Text>2025-05-02T13:03:15.517Z pw:api   performing click action</Text>
      </RunInfo>
      <RunInfo computerName="DESKTOP-RSFFHJT" outcome="Warning" timestamp="2025-05-02T09:03:15.5268017-04:00">
        <Text>2025-05-02T13:03:15.526Z pw:api   click action done</Text>
      </RunInfo>
      <RunInfo computerName="DESKTOP-RSFFHJT" outcome="Warning" timestamp="2025-05-02T09:03:15.5268083-04:00">
        <Text>2025-05-02T13:03:15.526Z pw:api   waiting for scheduled navigations to finish</Text>
      </RunInfo>
      <RunInfo computerName="DESKTOP-RSFFHJT" outcome="Warning" timestamp="2025-05-02T09:03:15.5270984-04:00">
        <Text>2025-05-02T13:03:15.526Z pw:api   navigations have finished</Text>
      </RunInfo>
      <RunInfo computerName="DESKTOP-RSFFHJT" outcome="Warning" timestamp="2025-05-02T09:03:15.5321525-04:00">
        <Text>2025-05-02T13:03:15.531Z pw:api waiting for Locator("div[id='main-nav-tab'] a[id*='ember'][class$='nav-link'], div[id='main-nav-tab']  a[id*='ember'][class$='nav-link ']").First</Text>
      </RunInfo>
      <RunInfo computerName="DESKTOP-RSFFHJT" outcome="Warning" timestamp="2025-05-02T09:03:15.5342472-04:00">
        <Text>2025-05-02T13:03:15.533Z pw:api   locator resolved to &lt;a id="ember79" href="#/home" class="ember-view active nav-link"&gt;ΓÇª&lt;/a&gt;</Text>
      </RunInfo>
      <RunInfo computerName="DESKTOP-RSFFHJT" outcome="Warning" timestamp="2025-05-02T09:03:15.5351326-04:00">
        <Text>2025-05-02T13:03:15.534Z pw:api waiting for Locator("div[id='main-nav-tab'] a[id*='ember'][class$='nav-link'], div[id='main-nav-tab']  a[id*='ember'][class$='nav-link ']").Nth(1)</Text>
      </RunInfo>
      <RunInfo computerName="DESKTOP-RSFFHJT" outcome="Warning" timestamp="2025-05-02T09:03:15.5370431-04:00">
        <Text>2025-05-02T13:03:15.536Z pw:api   locator resolved to &lt;a id="ember82" class="ember-view nav-link "&gt;ΓÇª&lt;/a&gt;</Text>
      </RunInfo>
      <RunInfo computerName="DESKTOP-RSFFHJT" outcome="Warning" timestamp="2025-05-02T09:03:15.5378399-04:00">
        <Text>2025-05-02T13:03:15.537Z pw:api waiting for Locator("div[id='main-nav-tab'] a[id*='ember'][class$='nav-link'], div[id='main-nav-tab']  a[id*='ember'][class$='nav-link ']").Nth(2)</Text>
      </RunInfo>
      <RunInfo computerName="DESKTOP-RSFFHJT" outcome="Warning" timestamp="2025-05-02T09:03:15.5394671-04:00">
        <Text>2025-05-02T13:03:15.538Z pw:api   locator resolved to &lt;a id="ember86" href="#/inventory/items" class="ember-view nav-link"&gt;ΓÇª&lt;/a&gt;</Text>
      </RunInfo>
      <RunInfo computerName="DESKTOP-RSFFHJT" outcome="Warning" timestamp="2025-05-02T09:03:15.5402968-04:00">
        <Text>2025-05-02T13:03:15.539Z pw:api waiting for Locator("div[id='main-nav-tab'] a[id*='ember'][class$='nav-link'], div[id='main-nav-tab']  a[id*='ember'][class$='nav-link ']").Nth(3)</Text>
      </RunInfo>
      <RunInfo computerName="DESKTOP-RSFFHJT" outcome="Warning" timestamp="2025-05-02T09:03:15.5425191-04:00">
        <Text>2025-05-02T13:03:15.542Z pw:api   locator resolved to &lt;a id="ember91" class="ember-view nav-link" href="#/inventory/itemgroups"&gt;ΓÇª&lt;/a&gt;</Text>
      </RunInfo>
      <RunInfo computerName="DESKTOP-RSFFHJT" outcome="Warning" timestamp="2025-05-02T09:03:15.5433315-04:00">
        <Text>2025-05-02T13:03:15.542Z pw:api waiting for Locator("div[id='main-nav-tab'] a[id*='ember'][class$='nav-link'], div[id='main-nav-tab']  a[id*='ember'][class$='nav-link ']").Nth(4)</Text>
      </RunInfo>
      <RunInfo computerName="DESKTOP-RSFFHJT" outcome="Warning" timestamp="2025-05-02T09:03:15.5453364-04:00">
        <Text>2025-05-02T13:03:15.544Z pw:api   locator resolved to &lt;a id="ember97" class="ember-view nav-link" href="#/inventory/adjustments"&gt;ΓÇª&lt;/a&gt;</Text>
      </RunInfo>
      <RunInfo computerName="DESKTOP-RSFFHJT" outcome="Warning" timestamp="2025-05-02T09:03:15.5466221-04:00">
        <Text>2025-05-02T13:03:15.545Z pw:api waiting for Locator("div[id='main-nav-tab'] a[id*='ember'][class$='nav-link'], div[id='main-nav-tab']  a[id*='ember'][class$='nav-link ']").Nth(5)</Text>
      </RunInfo>
      <RunInfo computerName="DESKTOP-RSFFHJT" outcome="Warning" timestamp="2025-05-02T09:03:15.5501687-04:00">
        <Text>2025-05-02T13:03:15.549Z pw:api   locator resolved to &lt;a id="ember104" class="collapsed ember-view nav-link "&gt;ΓÇª&lt;/a&gt;</Text>
      </RunInfo>
      <RunInfo computerName="DESKTOP-RSFFHJT" outcome="Warning" timestamp="2025-05-02T09:03:15.5508877-04:00">
        <Text>2025-05-02T13:03:15.550Z pw:api waiting for Locator("div[id='main-nav-tab'] a[id*='ember'][class$='nav-link'], div[id='main-nav-tab']  a[id*='ember'][class$='nav-link ']").Nth(6)</Text>
      </RunInfo>
      <RunInfo computerName="DESKTOP-RSFFHJT" outcome="Warning" timestamp="2025-05-02T09:03:15.5532524-04:00">
        <Text>2025-05-02T13:03:15.552Z pw:api   locator resolved to &lt;a id="ember108" href="#/contacts" class="ember-view nav-link"&gt;ΓÇª&lt;/a&gt;</Text>
      </RunInfo>
      <RunInfo computerName="DESKTOP-RSFFHJT" outcome="Warning" timestamp="2025-05-02T09:03:15.5541849-04:00">
        <Text>2025-05-02T13:03:15.553Z pw:api waiting for Locator("div[id='main-nav-tab'] a[id*='ember'][class$='nav-link'], div[id='main-nav-tab']  a[id*='ember'][class$='nav-link ']").Nth(7)</Text>
      </RunInfo>
      <RunInfo computerName="DESKTOP-RSFFHJT" outcome="Warning" timestamp="2025-05-02T09:03:15.5561732-04:00">
        <Text>2025-05-02T13:03:15.555Z pw:api   locator resolved to &lt;a id="ember114" href="#/salesorders" class="ember-view nav-link"&gt;ΓÇª&lt;/a&gt;</Text>
      </RunInfo>
      <RunInfo computerName="DESKTOP-RSFFHJT" outcome="Warning" timestamp="2025-05-02T09:03:15.5568790-04:00">
        <Text>2025-05-02T13:03:15.556Z pw:api waiting for Locator("div[id='main-nav-tab'] a[id*='ember'][class$='nav-link'], div[id='main-nav-tab']  a[id*='ember'][class$='nav-link ']").Nth(8)</Text>
      </RunInfo>
      <RunInfo computerName="DESKTOP-RSFFHJT" outcome="Warning" timestamp="2025-05-02T09:03:15.5600076-04:00">
        <Text>2025-05-02T13:03:15.559Z pw:api   locator resolved to &lt;a id="ember121" href="#/packages" class="ember-view nav-link"&gt;ΓÇª&lt;/a&gt;</Text>
      </RunInfo>
      <RunInfo computerName="DESKTOP-RSFFHJT" outcome="Warning" timestamp="2025-05-02T09:03:15.5615610-04:00">
        <Text>2025-05-02T13:03:15.560Z pw:api waiting for Locator("div[id='main-nav-tab'] a[id*='ember'][class$='nav-link'], div[id='main-nav-tab']  a[id*='ember'][class$='nav-link ']").Nth(9)</Text>
      </RunInfo>
      <RunInfo computerName="DESKTOP-RSFFHJT" outcome="Warning" timestamp="2025-05-02T09:03:15.5649149-04:00">
        <Text>2025-05-02T13:03:15.564Z pw:api   locator resolved to &lt;a id="ember125" href="#/shipments" class="ember-view nav-link"&gt;ΓÇª&lt;/a&gt;</Text>
      </RunInfo>
      <RunInfo computerName="DESKTOP-RSFFHJT" outcome="Warning" timestamp="2025-05-02T09:03:15.5662289-04:00">
        <Text>2025-05-02T13:03:15.565Z pw:api waiting for Locator("div[id='main-nav-tab'] a[id*='ember'][class$='nav-link'], div[id='main-nav-tab']  a[id*='ember'][class$='nav-link ']").Nth(10)</Text>
      </RunInfo>
      <RunInfo computerName="DESKTOP-RSFFHJT" outcome="Warning" timestamp="2025-05-02T09:03:15.5687423-04:00">
        <Text>2025-05-02T13:03:15.568Z pw:api   locator resolved to &lt;a id="ember129" href="#/invoices" class="ember-view nav-link"&gt;ΓÇª&lt;/a&gt;</Text>
      </RunInfo>
      <RunInfo computerName="DESKTOP-RSFFHJT" outcome="Warning" timestamp="2025-05-02T09:03:15.5696286-04:00">
        <Text>2025-05-02T13:03:15.569Z pw:api waiting for Locator("div[id='main-nav-tab'] a[id*='ember'][class$='nav-link'], div[id='main-nav-tab']  a[id*='ember'][class$='nav-link ']").Nth(11)</Text>
      </RunInfo>
      <RunInfo computerName="DESKTOP-RSFFHJT" outcome="Warning" timestamp="2025-05-02T09:03:15.5712493-04:00">
        <Text>2025-05-02T13:03:15.570Z pw:api   locator resolved to &lt;a id="ember134" href="#/paymentsreceived" class="ember-view nav-link"&gt;ΓÇª&lt;/a&gt;</Text>
      </RunInfo>
      <RunInfo computerName="DESKTOP-RSFFHJT" outcome="Warning" timestamp="2025-05-02T09:03:15.5720105-04:00">
        <Text>2025-05-02T13:03:15.571Z pw:api waiting for Locator("div[id='main-nav-tab'] a[id*='ember'][class$='nav-link'], div[id='main-nav-tab']  a[id*='ember'][class$='nav-link ']").Nth(12)</Text>
      </RunInfo>
      <RunInfo computerName="DESKTOP-RSFFHJT" outcome="Warning" timestamp="2025-05-02T09:03:15.5739001-04:00">
        <Text>2025-05-02T13:03:15.573Z pw:api   locator resolved to &lt;a id="ember140" href="#/salesreturns" class="ember-view nav-link"&gt;ΓÇª&lt;/a&gt;</Text>
      </RunInfo>
      <RunInfo computerName="DESKTOP-RSFFHJT" outcome="Warning" timestamp="2025-05-02T09:03:15.5818461-04:00">
        <Text>2025-05-02T13:03:15.581Z pw:api waiting for Locator("div[id='main-nav-tab'] a[id*='ember'][class$='nav-link'], div[id='main-nav-tab']  a[id*='ember'][class$='nav-link ']").Nth(13)</Text>
      </RunInfo>
      <RunInfo computerName="DESKTOP-RSFFHJT" outcome="Warning" timestamp="2025-05-02T09:03:15.5840363-04:00">
        <Text>2025-05-02T13:03:15.583Z pw:api   locator resolved to &lt;a id="ember143" href="#/creditnotes" class="ember-view nav-link"&gt;ΓÇª&lt;/a&gt;</Text>
      </RunInfo>
      <RunInfo computerName="DESKTOP-RSFFHJT" outcome="Warning" timestamp="2025-05-02T09:03:15.5844511-04:00">
        <Text>2025-05-02T13:03:15.584Z pw:api waiting for Locator("div[id='main-nav-tab'] a[id*='ember'][class$='nav-link'], div[id='main-nav-tab']  a[id*='ember'][class$='nav-link ']").Nth(14)</Text>
      </RunInfo>
      <RunInfo computerName="DESKTOP-RSFFHJT" outcome="Warning" timestamp="2025-05-02T09:03:15.5862169-04:00">
        <Text>2025-05-02T13:03:15.585Z pw:api   locator resolved to &lt;a id="ember147" class="collapsed ember-view nav-link "&gt;ΓÇª&lt;/a&gt;</Text>
      </RunInfo>
      <RunInfo computerName="DESKTOP-RSFFHJT" outcome="Warning" timestamp="2025-05-02T09:03:15.5869831-04:00">
        <Text>2025-05-02T13:03:15.586Z pw:api waiting for Locator("div[id='main-nav-tab'] a[id*='ember'][class$='nav-link'], div[id='main-nav-tab']  a[id*='ember'][class$='nav-link ']").Nth(15)</Text>
      </RunInfo>
      <RunInfo computerName="DESKTOP-RSFFHJT" outcome="Warning" timestamp="2025-05-02T09:03:15.5887584-04:00">
        <Text>2025-05-02T13:03:15.588Z pw:api   locator resolved to &lt;a id="ember151" href="#/vendors" class="ember-view nav-link"&gt;ΓÇª&lt;/a&gt;</Text>
      </RunInfo>
      <RunInfo computerName="DESKTOP-RSFFHJT" outcome="Warning" timestamp="2025-05-02T09:03:15.5893926-04:00">
        <Text>2025-05-02T13:03:15.588Z pw:api waiting for Locator("div[id='main-nav-tab'] a[id*='ember'][class$='nav-link'], div[id='main-nav-tab']  a[id*='ember'][class$='nav-link ']").Nth(16)</Text>
      </RunInfo>
      <RunInfo computerName="DESKTOP-RSFFHJT" outcome="Warning" timestamp="2025-05-02T09:03:15.5912637-04:00">
        <Text>2025-05-02T13:03:15.590Z pw:api   locator resolved to &lt;a id="ember155" href="#/expenses" class="ember-view nav-link"&gt;ΓÇª&lt;/a&gt;</Text>
      </RunInfo>
      <RunInfo computerName="DESKTOP-RSFFHJT" outcome="Warning" timestamp="2025-05-02T09:03:15.5920267-04:00">
        <Text>2025-05-02T13:03:15.591Z pw:api waiting for Locator("div[id='main-nav-tab'] a[id*='ember'][class$='nav-link'], div[id='main-nav-tab']  a[id*='ember'][class$='nav-link ']").Nth(17)</Text>
      </RunInfo>
      <RunInfo computerName="DESKTOP-RSFFHJT" outcome="Warning" timestamp="2025-05-02T09:03:15.5941294-04:00">
        <Text>2025-05-02T13:03:15.593Z pw:api   locator resolved to &lt;a id="ember159" href="#/purchaseorders" class="ember-view nav-link"&gt;ΓÇª&lt;/a&gt;</Text>
      </RunInfo>
      <RunInfo computerName="DESKTOP-RSFFHJT" outcome="Warning" timestamp="2025-05-02T09:03:15.5947206-04:00">
        <Text>2025-05-02T13:03:15.594Z pw:api waiting for Locator("div[id='main-nav-tab'] a[id*='ember'][class$='nav-link'], div[id='main-nav-tab']  a[id*='ember'][class$='nav-link ']").Nth(18)</Text>
      </RunInfo>
      <RunInfo computerName="DESKTOP-RSFFHJT" outcome="Warning" timestamp="2025-05-02T09:03:15.5972366-04:00">
        <Text>2025-05-02T13:03:15.596Z pw:api   locator resolved to &lt;a id="ember163" href="#/purchasereceives" class="ember-view nav-link"&gt;ΓÇª&lt;/a&gt;</Text>
      </RunInfo>
      <RunInfo computerName="DESKTOP-RSFFHJT" outcome="Warning" timestamp="2025-05-02T09:03:15.5979178-04:00">
        <Text>2025-05-02T13:03:15.597Z pw:api waiting for Locator("div[id='main-nav-tab'] a[id*='ember'][class$='nav-link'], div[id='main-nav-tab']  a[id*='ember'][class$='nav-link ']").Nth(19)</Text>
      </RunInfo>
      <RunInfo computerName="DESKTOP-RSFFHJT" outcome="Warning" timestamp="2025-05-02T09:03:15.6005293-04:00">
        <Text>2025-05-02T13:03:15.599Z pw:api   locator resolved to &lt;a id="ember168" href="#/bills" class="ember-view nav-link"&gt;ΓÇª&lt;/a&gt;</Text>
      </RunInfo>
      <RunInfo computerName="DESKTOP-RSFFHJT" outcome="Warning" timestamp="2025-05-02T09:03:15.6013960-04:00">
        <Text>2025-05-02T13:03:15.600Z pw:api waiting for Locator("div[id='main-nav-tab'] a[id*='ember'][class$='nav-link'], div[id='main-nav-tab']  a[id*='ember'][class$='nav-link ']").Nth(20)</Text>
      </RunInfo>
      <RunInfo computerName="DESKTOP-RSFFHJT" outcome="Warning" timestamp="2025-05-02T09:03:15.6035193-04:00">
        <Text>2025-05-02T13:03:15.602Z pw:api   locator resolved to &lt;a id="ember172" href="#/paymentsmade" class="ember-view nav-link"&gt;ΓÇª&lt;/a&gt;</Text>
      </RunInfo>
      <RunInfo computerName="DESKTOP-RSFFHJT" outcome="Warning" timestamp="2025-05-02T09:03:15.6042400-04:00">
        <Text>2025-05-02T13:03:15.603Z pw:api waiting for Locator("div[id='main-nav-tab'] a[id*='ember'][class$='nav-link'], div[id='main-nav-tab']  a[id*='ember'][class$='nav-link ']").Nth(21)</Text>
      </RunInfo>
      <RunInfo computerName="DESKTOP-RSFFHJT" outcome="Warning" timestamp="2025-05-02T09:03:15.6062074-04:00">
        <Text>2025-05-02T13:03:15.605Z pw:api   locator resolved to &lt;a id="ember177" href="#/vendorcredits" class="ember-view nav-link"&gt;ΓÇª&lt;/a&gt;</Text>
      </RunInfo>
      <RunInfo computerName="DESKTOP-RSFFHJT" outcome="Warning" timestamp="2025-05-02T09:03:15.6069674-04:00">
        <Text>2025-05-02T13:03:15.606Z pw:api waiting for Locator("div[id='main-nav-tab'] a[id*='ember'][class$='nav-link'], div[id='main-nav-tab']  a[id*='ember'][class$='nav-link ']").Nth(22)</Text>
      </RunInfo>
      <RunInfo computerName="DESKTOP-RSFFHJT" outcome="Warning" timestamp="2025-05-02T09:03:15.6088960-04:00">
        <Text>2025-05-02T13:03:15.608Z pw:api   locator resolved to &lt;a id="ember181" class="ember-view nav-link" href="#/settings/integrations"&gt;ΓÇª&lt;/a&gt;</Text>
      </RunInfo>
      <RunInfo computerName="DESKTOP-RSFFHJT" outcome="Warning" timestamp="2025-05-02T09:03:15.6095077-04:00">
        <Text>2025-05-02T13:03:15.609Z pw:api waiting for Locator("div[id='main-nav-tab'] a[id*='ember'][class$='nav-link'], div[id='main-nav-tab']  a[id*='ember'][class$='nav-link ']").Nth(23)</Text>
      </RunInfo>
      <RunInfo computerName="DESKTOP-RSFFHJT" outcome="Warning" timestamp="2025-05-02T09:03:15.6112016-04:00">
        <Text>2025-05-02T13:03:15.610Z pw:api   locator resolved to &lt;a id="ember184" href="#/reports" class="ember-view nav-link"&gt;ΓÇª&lt;/a&gt;</Text>
      </RunInfo>
      <RunInfo computerName="DESKTOP-RSFFHJT" outcome="Warning" timestamp="2025-05-02T09:03:15.6118211-04:00">
        <Text>2025-05-02T13:03:15.611Z pw:api waiting for Locator("div[id='main-nav-tab'] a[id*='ember'][class$='nav-link'], div[id='main-nav-tab']  a[id*='ember'][class$='nav-link ']").Nth(24)</Text>
      </RunInfo>
      <RunInfo computerName="DESKTOP-RSFFHJT" outcome="Warning" timestamp="2025-05-02T09:03:15.6140908-04:00">
        <Text>2025-05-02T13:03:15.613Z pw:api   locator resolved to &lt;a id="ember187" href="#/documents/inbox" class="ember-view nav-link"&gt;ΓÇª&lt;/a&gt;</Text>
      </RunInfo>
      <RunInfo computerName="DESKTOP-RSFFHJT" outcome="Warning" timestamp="2025-05-02T09:03:15.6150931-04:00">
        <Text>2025-05-02T13:03:15.614Z pw:api waiting for Locator("div[id='main-nav-tab'] a[id*='ember'][class$='nav-link'], div[id='main-nav-tab']  a[id*='ember'][class$='nav-link ']").Nth(2)</Text>
      </RunInfo>
      <RunInfo computerName="DESKTOP-RSFFHJT" outcome="Warning" timestamp="2025-05-02T09:03:15.6182631-04:00">
        <Text>2025-05-02T13:03:15.617Z pw:api   locator resolved to &lt;a id="ember86" href="#/inventory/items" class="ember-view nav-link"&gt;ΓÇª&lt;/a&gt;</Text>
      </RunInfo>
      <RunInfo computerName="DESKTOP-RSFFHJT" outcome="Warning" timestamp="2025-05-02T09:03:15.6189523-04:00">
        <Text>2025-05-02T13:03:15.618Z pw:api attempting click action</Text>
      </RunInfo>
      <RunInfo computerName="DESKTOP-RSFFHJT" outcome="Warning" timestamp="2025-05-02T09:03:15.6190981-04:00">
        <Text>2025-05-02T13:03:15.618Z pw:api   waiting for element to be visible, enabled and stable</Text>
      </RunInfo>
      <RunInfo computerName="DESKTOP-RSFFHJT" outcome="Warning" timestamp="2025-05-02T09:03:15.6476231-04:00">
        <Text>2025-05-02T13:03:15.646Z pw:api   element is visible, enabled and stable</Text>
      </RunInfo>
      <RunInfo computerName="DESKTOP-RSFFHJT" outcome="Warning" timestamp="2025-05-02T09:03:15.6476398-04:00">
        <Text>2025-05-02T13:03:15.646Z pw:api   scrolling into view if needed</Text>
      </RunInfo>
      <RunInfo computerName="DESKTOP-RSFFHJT" outcome="Warning" timestamp="2025-05-02T09:03:15.6484734-04:00">
        <Text>2025-05-02T13:03:15.647Z pw:api   done scrolling</Text>
      </RunInfo>
      <RunInfo computerName="DESKTOP-RSFFHJT" outcome="Warning" timestamp="2025-05-02T09:03:15.6507168-04:00">
        <Text>2025-05-02T13:03:15.650Z pw:api   performing click action</Text>
      </RunInfo>
      <RunInfo computerName="DESKTOP-RSFFHJT" outcome="Warning" timestamp="2025-05-02T09:03:15.6723016-04:00">
        <Text>2025-05-02T13:03:15.671Z pw:api   click action done</Text>
      </RunInfo>
      <RunInfo computerName="DESKTOP-RSFFHJT" outcome="Warning" timestamp="2025-05-02T09:03:15.6723085-04:00">
        <Text>2025-05-02T13:03:15.671Z pw:api   waiting for scheduled navigations to finish</Text>
      </RunInfo>
      <RunInfo computerName="DESKTOP-RSFFHJT" outcome="Warning" timestamp="2025-05-02T09:03:15.6723355-04:00">
        <Text>2025-05-02T13:03:15.671Z pw:api   navigations have finished</Text>
      </RunInfo>
      <RunInfo computerName="DESKTOP-RSFFHJT" outcome="Warning" timestamp="2025-05-02T09:03:15.6814130-04:00">
        <Text>2025-05-02T13:03:15.680Z pw:api waiting for Locator("div[id='main-nav-tab'] a[id*='ember'][class$='nav-link'], div[id='main-nav-tab']  a[id*='ember'][class$='nav-link ']").First</Text>
      </RunInfo>
      <RunInfo computerName="DESKTOP-RSFFHJT" outcome="Warning" timestamp="2025-05-02T09:03:15.6831002-04:00">
        <Text>2025-05-02T13:03:15.682Z pw:api   locator resolved to &lt;a id="ember79" href="#/home" class="ember-view active ember-transitioning-out nav-link"&gt;ΓÇª&lt;/a&gt;</Text>
      </RunInfo>
      <RunInfo computerName="DESKTOP-RSFFHJT" outcome="Warning" timestamp="2025-05-02T09:03:15.6838518-04:00">
        <Text>2025-05-02T13:03:15.683Z pw:api waiting for Locator("div[id='main-nav-tab'] a[id*='ember'][class$='nav-link'], div[id='main-nav-tab']  a[id*='ember'][class$='nav-link ']").Nth(1)</Text>
      </RunInfo>
      <RunInfo computerName="DESKTOP-RSFFHJT" outcome="Warning" timestamp="2025-05-02T09:03:15.6856556-04:00">
        <Text>2025-05-02T13:03:15.685Z pw:api   locator resolved to &lt;a id="ember86" href="#/inventory/items" class="ember-view ember-transitioning-in nav-link"&gt;ΓÇª&lt;/a&gt;</Text>
      </RunInfo>
      <RunInfo computerName="DESKTOP-RSFFHJT" outcome="Warning" timestamp="2025-05-02T09:03:15.6864826-04:00">
        <Text>2025-05-02T13:03:15.686Z pw:api waiting for Locator("div[id='main-nav-tab'] a[id*='ember'][class$='nav-link'], div[id='main-nav-tab']  a[id*='ember'][class$='nav-link ']").Nth(2)</Text>
      </RunInfo>
      <RunInfo computerName="DESKTOP-RSFFHJT" outcome="Warning" timestamp="2025-05-02T09:03:15.6878832-04:00">
        <Text>2025-05-02T13:03:15.687Z pw:api   locator resolved to &lt;a id="ember91" class="ember-view nav-link" href="#/inventory/itemgroups"&gt;ΓÇª&lt;/a&gt;</Text>
      </RunInfo>
      <RunInfo computerName="DESKTOP-RSFFHJT" outcome="Warning" timestamp="2025-05-02T09:03:15.6884679-04:00">
        <Text>2025-05-02T13:03:15.687Z pw:api waiting for Locator("div[id='main-nav-tab'] a[id*='ember'][class$='nav-link'], div[id='main-nav-tab']  a[id*='ember'][class$='nav-link ']").Nth(3)</Text>
      </RunInfo>
      <RunInfo computerName="DESKTOP-RSFFHJT" outcome="Warning" timestamp="2025-05-02T09:03:15.6898611-04:00">
        <Text>2025-05-02T13:03:15.689Z pw:api   locator resolved to &lt;a id="ember97" class="ember-view nav-link" href="#/inventory/adjustments"&gt;ΓÇª&lt;/a&gt;</Text>
      </RunInfo>
      <RunInfo computerName="DESKTOP-RSFFHJT" outcome="Warning" timestamp="2025-05-02T09:03:15.6906526-04:00">
        <Text>2025-05-02T13:03:15.690Z pw:api waiting for Locator("div[id='main-nav-tab'] a[id*='ember'][class$='nav-link'], div[id='main-nav-tab']  a[id*='ember'][class$='nav-link ']").Nth(4)</Text>
      </RunInfo>
      <RunInfo computerName="DESKTOP-RSFFHJT" outcome="Warning" timestamp="2025-05-02T09:03:15.6920813-04:00">
        <Text>2025-05-02T13:03:15.691Z pw:api   locator resolved to &lt;a id="ember104" class="collapsed ember-view nav-link "&gt;ΓÇª&lt;/a&gt;</Text>
      </RunInfo>
      <RunInfo computerName="DESKTOP-RSFFHJT" outcome="Warning" timestamp="2025-05-02T09:03:15.6927353-04:00">
        <Text>2025-05-02T13:03:15.692Z pw:api waiting for Locator("div[id='main-nav-tab'] a[id*='ember'][class$='nav-link'], div[id='main-nav-tab']  a[id*='ember'][class$='nav-link ']").Nth(5)</Text>
      </RunInfo>
      <RunInfo computerName="DESKTOP-RSFFHJT" outcome="Warning" timestamp="2025-05-02T09:03:15.6953742-04:00">
        <Text>2025-05-02T13:03:15.694Z pw:api   locator resolved to &lt;a id="ember108" href="#/contacts" class="ember-view nav-link"&gt;ΓÇª&lt;/a&gt;</Text>
      </RunInfo>
      <RunInfo computerName="DESKTOP-RSFFHJT" outcome="Warning" timestamp="2025-05-02T09:03:15.6963407-04:00">
        <Text>2025-05-02T13:03:15.695Z pw:api waiting for Locator("div[id='main-nav-tab'] a[id*='ember'][class$='nav-link'], div[id='main-nav-tab']  a[id*='ember'][class$='nav-link ']").Nth(6)</Text>
      </RunInfo>
      <RunInfo computerName="DESKTOP-RSFFHJT" outcome="Warning" timestamp="2025-05-02T09:03:15.6992612-04:00">
        <Text>2025-05-02T13:03:15.698Z pw:api   locator resolved to &lt;a id="ember114" href="#/salesorders" class="ember-view nav-link"&gt;ΓÇª&lt;/a&gt;</Text>
      </RunInfo>
      <RunInfo computerName="DESKTOP-RSFFHJT" outcome="Warning" timestamp="2025-05-02T09:03:15.7001643-04:00">
        <Text>2025-05-02T13:03:15.699Z pw:api waiting for Locator("div[id='main-nav-tab'] a[id*='ember'][class$='nav-link'], div[id='main-nav-tab']  a[id*='ember'][class$='nav-link ']").Nth(7)</Text>
      </RunInfo>
      <RunInfo computerName="DESKTOP-RSFFHJT" outcome="Warning" timestamp="2025-05-02T09:03:15.7021523-04:00">
        <Text>2025-05-02T13:03:15.701Z pw:api   locator resolved to &lt;a id="ember121" href="#/packages" class="ember-view nav-link"&gt;ΓÇª&lt;/a&gt;</Text>
      </RunInfo>
      <RunInfo computerName="DESKTOP-RSFFHJT" outcome="Warning" timestamp="2025-05-02T09:03:15.7029017-04:00">
        <Text>2025-05-02T13:03:15.702Z pw:api waiting for Locator("div[id='main-nav-tab'] a[id*='ember'][class$='nav-link'], div[id='main-nav-tab']  a[id*='ember'][class$='nav-link ']").Nth(8)</Text>
      </RunInfo>
      <RunInfo computerName="DESKTOP-RSFFHJT" outcome="Warning" timestamp="2025-05-02T09:03:15.7047664-04:00">
        <Text>2025-05-02T13:03:15.704Z pw:api   locator resolved to &lt;a id="ember125" href="#/shipments" class="ember-view nav-link"&gt;ΓÇª&lt;/a&gt;</Text>
      </RunInfo>
      <RunInfo computerName="DESKTOP-RSFFHJT" outcome="Warning" timestamp="2025-05-02T09:03:15.7054633-04:00">
        <Text>2025-05-02T13:03:15.704Z pw:api waiting for Locator("div[id='main-nav-tab'] a[id*='ember'][class$='nav-link'], div[id='main-nav-tab']  a[id*='ember'][class$='nav-link ']").Nth(9)</Text>
      </RunInfo>
      <RunInfo computerName="DESKTOP-RSFFHJT" outcome="Warning" timestamp="2025-05-02T09:03:15.7070571-04:00">
        <Text>2025-05-02T13:03:15.706Z pw:api   locator resolved to &lt;a id="ember129" href="#/invoices" class="ember-view nav-link"&gt;ΓÇª&lt;/a&gt;</Text>
      </RunInfo>
      <RunInfo computerName="DESKTOP-RSFFHJT" outcome="Warning" timestamp="2025-05-02T09:03:15.7079751-04:00">
        <Text>2025-05-02T13:03:15.707Z pw:api waiting for Locator("div[id='main-nav-tab'] a[id*='ember'][class$='nav-link'], div[id='main-nav-tab']  a[id*='ember'][class$='nav-link ']").Nth(10)</Text>
      </RunInfo>
      <RunInfo computerName="DESKTOP-RSFFHJT" outcome="Warning" timestamp="2025-05-02T09:03:15.7093725-04:00">
        <Text>2025-05-02T13:03:15.708Z pw:api   locator resolved to &lt;a id="ember134" href="#/paymentsreceived" class="ember-view nav-link"&gt;ΓÇª&lt;/a&gt;</Text>
      </RunInfo>
      <RunInfo computerName="DESKTOP-RSFFHJT" outcome="Warning" timestamp="2025-05-02T09:03:15.7100536-04:00">
        <Text>2025-05-02T13:03:15.709Z pw:api waiting for Locator("div[id='main-nav-tab'] a[id*='ember'][class$='nav-link'], div[id='main-nav-tab']  a[id*='ember'][class$='nav-link ']").Nth(11)</Text>
      </RunInfo>
      <RunInfo computerName="DESKTOP-RSFFHJT" outcome="Warning" timestamp="2025-05-02T09:03:15.7118783-04:00">
        <Text>2025-05-02T13:03:15.711Z pw:api   locator resolved to &lt;a id="ember140" href="#/salesreturns" class="ember-view nav-link"&gt;ΓÇª&lt;/a&gt;</Text>
      </RunInfo>
      <RunInfo computerName="DESKTOP-RSFFHJT" outcome="Warning" timestamp="2025-05-02T09:03:15.7128069-04:00">
        <Text>2025-05-02T13:03:15.712Z pw:api waiting for Locator("div[id='main-nav-tab'] a[id*='ember'][class$='nav-link'], div[id='main-nav-tab']  a[id*='ember'][class$='nav-link ']").Nth(12)</Text>
      </RunInfo>
      <RunInfo computerName="DESKTOP-RSFFHJT" outcome="Warning" timestamp="2025-05-02T09:03:15.7163105-04:00">
        <Text>2025-05-02T13:03:15.715Z pw:api   locator resolved to &lt;a id="ember143" href="#/creditnotes" class="ember-view nav-link"&gt;ΓÇª&lt;/a&gt;</Text>
      </RunInfo>
      <RunInfo computerName="DESKTOP-RSFFHJT" outcome="Warning" timestamp="2025-05-02T09:03:15.7169972-04:00">
        <Text>2025-05-02T13:03:15.716Z pw:api waiting for Locator("div[id='main-nav-tab'] a[id*='ember'][class$='nav-link'], div[id='main-nav-tab']  a[id*='ember'][class$='nav-link ']").Nth(13)</Text>
      </RunInfo>
      <RunInfo computerName="DESKTOP-RSFFHJT" outcome="Warning" timestamp="2025-05-02T09:03:15.7186533-04:00">
        <Text>2025-05-02T13:03:15.718Z pw:api   locator resolved to &lt;a id="ember147" class="collapsed ember-view nav-link "&gt;ΓÇª&lt;/a&gt;</Text>
      </RunInfo>
      <RunInfo computerName="DESKTOP-RSFFHJT" outcome="Warning" timestamp="2025-05-02T09:03:15.7192597-04:00">
        <Text>2025-05-02T13:03:15.718Z pw:api waiting for Locator("div[id='main-nav-tab'] a[id*='ember'][class$='nav-link'], div[id='main-nav-tab']  a[id*='ember'][class$='nav-link ']").Nth(14)</Text>
      </RunInfo>
      <RunInfo computerName="DESKTOP-RSFFHJT" outcome="Warning" timestamp="2025-05-02T09:03:15.7206199-04:00">
        <Text>2025-05-02T13:03:15.720Z pw:api   locator resolved to &lt;a id="ember151" href="#/vendors" class="ember-view nav-link"&gt;ΓÇª&lt;/a&gt;</Text>
      </RunInfo>
      <RunInfo computerName="DESKTOP-RSFFHJT" outcome="Warning" timestamp="2025-05-02T09:03:15.7212407-04:00">
        <Text>2025-05-02T13:03:15.720Z pw:api waiting for Locator("div[id='main-nav-tab'] a[id*='ember'][class$='nav-link'], div[id='main-nav-tab']  a[id*='ember'][class$='nav-link ']").Nth(15)</Text>
      </RunInfo>
      <RunInfo computerName="DESKTOP-RSFFHJT" outcome="Warning" timestamp="2025-05-02T09:03:15.7227093-04:00">
        <Text>2025-05-02T13:03:15.722Z pw:api   locator resolved to &lt;a id="ember155" href="#/expenses" class="ember-view nav-link"&gt;ΓÇª&lt;/a&gt;</Text>
      </RunInfo>
      <RunInfo computerName="DESKTOP-RSFFHJT" outcome="Warning" timestamp="2025-05-02T09:03:15.7234053-04:00">
        <Text>2025-05-02T13:03:15.722Z pw:api waiting for Locator("div[id='main-nav-tab'] a[id*='ember'][class$='nav-link'], div[id='main-nav-tab']  a[id*='ember'][class$='nav-link ']").Nth(16)</Text>
      </RunInfo>
      <RunInfo computerName="DESKTOP-RSFFHJT" outcome="Warning" timestamp="2025-05-02T09:03:15.7248913-04:00">
        <Text>2025-05-02T13:03:15.724Z pw:api   locator resolved to &lt;a id="ember159" href="#/purchaseorders" class="ember-view nav-link"&gt;ΓÇª&lt;/a&gt;</Text>
      </RunInfo>
      <RunInfo computerName="DESKTOP-RSFFHJT" outcome="Warning" timestamp="2025-05-02T09:03:15.7256586-04:00">
        <Text>2025-05-02T13:03:15.725Z pw:api waiting for Locator("div[id='main-nav-tab'] a[id*='ember'][class$='nav-link'], div[id='main-nav-tab']  a[id*='ember'][class$='nav-link ']").Nth(17)</Text>
      </RunInfo>
      <RunInfo computerName="DESKTOP-RSFFHJT" outcome="Warning" timestamp="2025-05-02T09:03:15.7272124-04:00">
        <Text>2025-05-02T13:03:15.726Z pw:api   locator resolved to &lt;a id="ember163" href="#/purchasereceives" class="ember-view nav-link"&gt;ΓÇª&lt;/a&gt;</Text>
      </RunInfo>
      <RunInfo computerName="DESKTOP-RSFFHJT" outcome="Warning" timestamp="2025-05-02T09:03:15.7279018-04:00">
        <Text>2025-05-02T13:03:15.727Z pw:api waiting for Locator("div[id='main-nav-tab'] a[id*='ember'][class$='nav-link'], div[id='main-nav-tab']  a[id*='ember'][class$='nav-link ']").Nth(18)</Text>
      </RunInfo>
      <RunInfo computerName="DESKTOP-RSFFHJT" outcome="Warning" timestamp="2025-05-02T09:03:15.7291499-04:00">
        <Text>2025-05-02T13:03:15.728Z pw:api   locator resolved to &lt;a id="ember168" href="#/bills" class="ember-view nav-link"&gt;ΓÇª&lt;/a&gt;</Text>
      </RunInfo>
      <RunInfo computerName="DESKTOP-RSFFHJT" outcome="Warning" timestamp="2025-05-02T09:03:15.7304359-04:00">
        <Text>2025-05-02T13:03:15.729Z pw:api waiting for Locator("div[id='main-nav-tab'] a[id*='ember'][class$='nav-link'], div[id='main-nav-tab']  a[id*='ember'][class$='nav-link ']").Nth(19)</Text>
      </RunInfo>
      <RunInfo computerName="DESKTOP-RSFFHJT" outcome="Warning" timestamp="2025-05-02T09:03:15.7331084-04:00">
        <Text>2025-05-02T13:03:15.732Z pw:api   locator resolved to &lt;a id="ember172" href="#/paymentsmade" class="ember-view nav-link"&gt;ΓÇª&lt;/a&gt;</Text>
      </RunInfo>
      <RunInfo computerName="DESKTOP-RSFFHJT" outcome="Warning" timestamp="2025-05-02T09:03:15.7340062-04:00">
        <Text>2025-05-02T13:03:15.733Z pw:api waiting for Locator("div[id='main-nav-tab'] a[id*='ember'][class$='nav-link'], div[id='main-nav-tab']  a[id*='ember'][class$='nav-link ']").Nth(20)</Text>
      </RunInfo>
      <RunInfo computerName="DESKTOP-RSFFHJT" outcome="Warning" timestamp="2025-05-02T09:03:15.7358535-04:00">
        <Text>2025-05-02T13:03:15.735Z pw:api   locator resolved to &lt;a id="ember177" href="#/vendorcredits" class="ember-view nav-link"&gt;ΓÇª&lt;/a&gt;</Text>
      </RunInfo>
      <RunInfo computerName="DESKTOP-RSFFHJT" outcome="Warning" timestamp="2025-05-02T09:03:15.7366176-04:00">
        <Text>2025-05-02T13:03:15.736Z pw:api waiting for Locator("div[id='main-nav-tab'] a[id*='ember'][class$='nav-link'], div[id='main-nav-tab']  a[id*='ember'][class$='nav-link ']").Nth(21)</Text>
      </RunInfo>
      <RunInfo computerName="DESKTOP-RSFFHJT" outcome="Warning" timestamp="2025-05-02T09:03:15.7381453-04:00">
        <Text>2025-05-02T13:03:15.737Z pw:api   locator resolved to &lt;a id="ember181" class="ember-view nav-link" href="#/settings/integrations"&gt;ΓÇª&lt;/a&gt;</Text>
      </RunInfo>
      <RunInfo computerName="DESKTOP-RSFFHJT" outcome="Warning" timestamp="2025-05-02T09:03:15.7461542-04:00">
        <Text>2025-05-02T13:03:15.738Z pw:api waiting for Locator("div[id='main-nav-tab'] a[id*='ember'][class$='nav-link'], div[id='main-nav-tab']  a[id*='ember'][class$='nav-link ']").Nth(22)</Text>
      </RunInfo>
      <RunInfo computerName="DESKTOP-RSFFHJT" outcome="Warning" timestamp="2025-05-02T09:03:15.7462628-04:00">
        <Text>2025-05-02T13:03:15.739Z pw:api   locator resolved to &lt;a id="ember184" href="#/reports" class="ember-view nav-link"&gt;ΓÇª&lt;/a&gt;</Text>
      </RunInfo>
      <RunInfo computerName="DESKTOP-RSFFHJT" outcome="Warning" timestamp="2025-05-02T09:03:15.7462962-04:00">
        <Text>2025-05-02T13:03:15.740Z pw:api waiting for Locator("div[id='main-nav-tab'] a[id*='ember'][class$='nav-link'], div[id='main-nav-tab']  a[id*='ember'][class$='nav-link ']").Nth(23)</Text>
      </RunInfo>
      <RunInfo computerName="DESKTOP-RSFFHJT" outcome="Warning" timestamp="2025-05-02T09:03:15.7463100-04:00">
        <Text>2025-05-02T13:03:15.741Z pw:api   locator resolved to &lt;a id="ember187" href="#/documents/inbox" class="ember-view nav-link"&gt;ΓÇª&lt;/a&gt;</Text>
      </RunInfo>
      <RunInfo computerName="DESKTOP-RSFFHJT" outcome="Warning" timestamp="2025-05-02T09:03:15.7463312-04:00">
        <Text>2025-05-02T13:03:15.742Z pw:api waiting for Locator("div[id='main-nav-tab'] a[id*='ember'][class$='nav-link'], div[id='main-nav-tab']  a[id*='ember'][class$='nav-link ']").Nth(2)</Text>
      </RunInfo>
      <RunInfo computerName="DESKTOP-RSFFHJT" outcome="Warning" timestamp="2025-05-02T09:03:15.7463605-04:00">
        <Text>2025-05-02T13:03:15.744Z pw:api   locator resolved to &lt;a id="ember91" class="ember-view nav-link" href="#/inventory/itemgroups"&gt;ΓÇª&lt;/a&gt;</Text>
      </RunInfo>
      <RunInfo computerName="DESKTOP-RSFFHJT" outcome="Warning" timestamp="2025-05-02T09:03:15.7463749-04:00">
        <Text>2025-05-02T13:03:15.744Z pw:api attempting click action</Text>
      </RunInfo>
      <RunInfo computerName="DESKTOP-RSFFHJT" outcome="Warning" timestamp="2025-05-02T09:03:15.7463948-04:00">
        <Text>2025-05-02T13:03:15.744Z pw:api   waiting for element to be visible, enabled and stable</Text>
      </RunInfo>
      <RunInfo computerName="DESKTOP-RSFFHJT" outcome="Warning" timestamp="2025-05-02T09:03:15.7671777-04:00">
        <Text>2025-05-02T13:03:15.766Z pw:api   element is visible, enabled and stable</Text>
      </RunInfo>
      <RunInfo computerName="DESKTOP-RSFFHJT" outcome="Warning" timestamp="2025-05-02T09:03:15.7671854-04:00">
        <Text>2025-05-02T13:03:15.766Z pw:api   scrolling into view if needed</Text>
      </RunInfo>
      <RunInfo computerName="DESKTOP-RSFFHJT" outcome="Warning" timestamp="2025-05-02T09:03:15.7677420-04:00">
        <Text>2025-05-02T13:03:15.767Z pw:api   done scrolling</Text>
      </RunInfo>
      <RunInfo computerName="DESKTOP-RSFFHJT" outcome="Warning" timestamp="2025-05-02T09:03:15.7693403-04:00">
        <Text>2025-05-02T13:03:15.768Z pw:api   performing click action</Text>
      </RunInfo>
      <RunInfo computerName="DESKTOP-RSFFHJT" outcome="Warning" timestamp="2025-05-02T09:03:15.7824515-04:00">
        <Text>2025-05-02T13:03:15.781Z pw:api   click action done</Text>
      </RunInfo>
      <RunInfo computerName="DESKTOP-RSFFHJT" outcome="Warning" timestamp="2025-05-02T09:03:15.7824587-04:00">
        <Text>2025-05-02T13:03:15.781Z pw:api   waiting for scheduled navigations to finish</Text>
      </RunInfo>
      <RunInfo computerName="DESKTOP-RSFFHJT" outcome="Warning" timestamp="2025-05-02T09:03:15.7825022-04:00">
        <Text>2025-05-02T13:03:15.782Z pw:api   navigations have finished</Text>
      </RunInfo>
      <RunInfo computerName="DESKTOP-RSFFHJT" outcome="Warning" timestamp="2025-05-02T09:03:15.7856348-04:00">
        <Text>2025-05-02T13:03:15.785Z pw:api waiting for Locator("div[id='main-nav-tab'] a[id*='ember'][class$='nav-link'], div[id='main-nav-tab']  a[id*='ember'][class$='nav-link ']").First</Text>
      </RunInfo>
      <RunInfo computerName="DESKTOP-RSFFHJT" outcome="Warning" timestamp="2025-05-02T09:03:15.7870924-04:00">
        <Text>2025-05-02T13:03:15.786Z pw:api   locator resolved to &lt;a id="ember79" href="#/home" class="ember-view active ember-transitioning-out nav-link"&gt;ΓÇª&lt;/a&gt;</Text>
      </RunInfo>
      <RunInfo computerName="DESKTOP-RSFFHJT" outcome="Warning" timestamp="2025-05-02T09:03:15.7879634-04:00">
        <Text>2025-05-02T13:03:15.787Z pw:api waiting for Locator("div[id='main-nav-tab'] a[id*='ember'][class$='nav-link'], div[id='main-nav-tab']  a[id*='ember'][class$='nav-link ']").Nth(1)</Text>
      </RunInfo>
      <RunInfo computerName="DESKTOP-RSFFHJT" outcome="Warning" timestamp="2025-05-02T09:03:15.7896490-04:00">
        <Text>2025-05-02T13:03:15.789Z pw:api   locator resolved to &lt;a id="ember86" href="#/inventory/items" class="ember-view nav-link"&gt;ΓÇª&lt;/a&gt;</Text>
      </RunInfo>
      <RunInfo computerName="DESKTOP-RSFFHJT" outcome="Warning" timestamp="2025-05-02T09:03:15.7902121-04:00">
        <Text>2025-05-02T13:03:15.789Z pw:api waiting for Locator("div[id='main-nav-tab'] a[id*='ember'][class$='nav-link'], div[id='main-nav-tab']  a[id*='ember'][class$='nav-link ']").Nth(2)</Text>
      </RunInfo>
      <RunInfo computerName="DESKTOP-RSFFHJT" outcome="Warning" timestamp="2025-05-02T09:03:15.7917739-04:00">
        <Text>2025-05-02T13:03:15.791Z pw:api   locator resolved to &lt;a id="ember91" href="#/inventory/itemgroups" class="ember-view ember-transitioning-in nav-link"&gt;ΓÇª&lt;/a&gt;</Text>
      </RunInfo>
      <RunInfo computerName="DESKTOP-RSFFHJT" outcome="Warning" timestamp="2025-05-02T09:03:15.7922868-04:00">
        <Text>2025-05-02T13:03:15.791Z pw:api waiting for Locator("div[id='main-nav-tab'] a[id*='ember'][class$='nav-link'], div[id='main-nav-tab']  a[id*='ember'][class$='nav-link ']").Nth(3)</Text>
      </RunInfo>
      <RunInfo computerName="DESKTOP-RSFFHJT" outcome="Warning" timestamp="2025-05-02T09:03:15.7935501-04:00">
        <Text>2025-05-02T13:03:15.793Z pw:api   locator resolved to &lt;a id="ember97" class="ember-view nav-link" href="#/inventory/adjustments"&gt;ΓÇª&lt;/a&gt;</Text>
      </RunInfo>
      <RunInfo computerName="DESKTOP-RSFFHJT" outcome="Warning" timestamp="2025-05-02T09:03:15.7941324-04:00">
        <Text>2025-05-02T13:03:15.793Z pw:api waiting for Locator("div[id='main-nav-tab'] a[id*='ember'][class$='nav-link'], div[id='main-nav-tab']  a[id*='ember'][class$='nav-link ']").Nth(4)</Text>
      </RunInfo>
[...]
      </RunInfo>
      <RunInfo computerName="DESKTOP-RSFFHJT" outcome="Warning" timestamp="2025-05-02T09:03:46.8518791-04:00">
        <Text>2025-05-02T13:03:46.851Z pw:api   locator resolved to &lt;td class="  text-end"&gt;$3417.00&lt;/td&gt;</Text>
      </RunInfo>
      <RunInfo computerName="DESKTOP-RSFFHJT" outcome="Warning" timestamp="2025-05-02T09:03:46.8523424-04:00">
        <Text>2025-05-02T13:03:46.851Z pw:api waiting for Locator("table[id='vertically-scrolled-table']").Locator("tbody tr").Nth(7).Locator("a")</Text>
      </RunInfo>
      <RunInfo computerName="DESKTOP-RSFFHJT" outcome="Warning" timestamp="2025-05-02T09:03:46.8537616-04:00">
        <Text>2025-05-02T13:03:46.853Z pw:api   locator resolved to &lt;a id="ember352" class="ember-view text-break " href="#/inventory/items/6620000005381007"&gt;Coffee Table&lt;/a&gt;</Text>
      </RunInfo>
      <RunInfo computerName="DESKTOP-RSFFHJT" outcome="Warning" timestamp="2025-05-02T09:03:46.8542565-04:00">
        <Text>2025-05-02T13:03:46.853Z pw:api waiting for Locator("table[id='vertically-scrolled-table']").Locator("tbody tr").Nth(7).Locator("td:nth-child(3)")</Text>
      </RunInfo>
      <RunInfo computerName="DESKTOP-RSFFHJT" outcome="Warning" timestamp="2025-05-02T09:03:46.8555511-04:00">
        <Text>2025-05-02T13:03:46.855Z pw:api   locator resolved to &lt;td class=" "&gt;Item 8 sku&lt;/td&gt;</Text>
      </RunInfo>
      <RunInfo computerName="DESKTOP-RSFFHJT" outcome="Warning" timestamp="2025-05-02T09:03:46.8560129-04:00">
        <Text>2025-05-02T13:03:46.855Z pw:api waiting for Locator("table[id='vertically-scrolled-table']").Locator("tbody tr").Nth(7).Locator("td:nth-child(4)")</Text>
      </RunInfo>
      <RunInfo computerName="DESKTOP-RSFFHJT" outcome="Warning" timestamp="2025-05-02T09:03:46.8571842-04:00">
        <Text>2025-05-02T13:03:46.856Z pw:api   locator resolved to &lt;td class=" "&gt;Goods&lt;/td&gt;</Text>
      </RunInfo>
      <RunInfo computerName="DESKTOP-RSFFHJT" outcome="Warning" timestamp="2025-05-02T09:03:46.8577128-04:00">
        <Text>2025-05-02T13:03:46.857Z pw:api waiting for Locator("table[id='vertically-scrolled-table']").Locator("tbody tr").Nth(7).Locator("td span[class='text-ellipsis']")</Text>
      </RunInfo>
      <RunInfo computerName="DESKTOP-RSFFHJT" outcome="Warning" timestamp="2025-05-02T09:03:46.8590093-04:00">
        <Text>2025-05-02T13:03:46.858Z pw:api   locator resolved to &lt;span id="a8fa4a6a7" class="text-ellipsis"&gt;A sleek, modern coffee table with a glass top.&lt;/span&gt;</Text>
      </RunInfo>
      <RunInfo computerName="DESKTOP-RSFFHJT" outcome="Warning" timestamp="2025-05-02T09:03:46.8595275-04:00">
        <Text>2025-05-02T13:03:46.859Z pw:api waiting for Locator("table[id='vertically-scrolled-table']").Locator("tbody tr").Nth(7).Locator("td[class='  text-end']")</Text>
      </RunInfo>
      <RunInfo computerName="DESKTOP-RSFFHJT" outcome="Warning" timestamp="2025-05-02T09:03:46.8610554-04:00">
        <Text>2025-05-02T13:03:46.860Z pw:api   locator resolved to &lt;td class="  text-end"&gt;$4062.00&lt;/td&gt;</Text>
      </RunInfo>
      <RunInfo computerName="DESKTOP-RSFFHJT" outcome="Warning" timestamp="2025-05-02T09:03:46.8616285-04:00">
        <Text>2025-05-02T13:03:46.861Z pw:api waiting for Locator("table[id='vertically-scrolled-table']").Locator("tbody tr").Nth(8).Locator("a")</Text>
      </RunInfo>
      <RunInfo computerName="DESKTOP-RSFFHJT" outcome="Warning" timestamp="2025-05-02T09:03:46.8629680-04:00">
        <Text>2025-05-02T13:03:46.862Z pw:api   locator resolved to &lt;a id="ember358" class="ember-view text-break " href="#/inventory/items/6620000005381008"&gt;Composite Item 0&lt;/a&gt;</Text>
      </RunInfo>
      <RunInfo computerName="DESKTOP-RSFFHJT" outcome="Warning" timestamp="2025-05-02T09:03:46.8637124-04:00">
        <Text>2025-05-02T13:03:46.863Z pw:api waiting for Locator("table[id='vertically-scrolled-table']").Locator("tbody tr").Nth(8).Locator("td:nth-child(3)")</Text>
      </RunInfo>
      <RunInfo computerName="DESKTOP-RSFFHJT" outcome="Warning" timestamp="2025-05-02T09:03:46.8652908-04:00">
        <Text>2025-05-02T13:03:46.864Z pw:api   locator resolved to &lt;td class=" "&gt;44717&lt;/td&gt;</Text>
      </RunInfo>
      <RunInfo computerName="DESKTOP-RSFFHJT" outcome="Warning" timestamp="2025-05-02T09:03:46.8657552-04:00">
        <Text>2025-05-02T13:03:46.865Z pw:api waiting for Locator("table[id='vertically-scrolled-table']").Locator("tbody tr").Nth(8).Locator("td:nth-child(4)")</Text>
      </RunInfo>
      <RunInfo computerName="DESKTOP-RSFFHJT" outcome="Warning" timestamp="2025-05-02T09:03:46.8670311-04:00">
        <Text>2025-05-02T13:03:46.866Z pw:api   locator resolved to &lt;td class=" "&gt;Goods&lt;/td&gt;</Text>
      </RunInfo>
      <RunInfo computerName="DESKTOP-RSFFHJT" outcome="Warning" timestamp="2025-05-02T09:03:46.8675093-04:00">
        <Text>2025-05-02T13:03:46.867Z pw:api waiting for Locator("table[id='vertically-scrolled-table']").Locator("tbody tr").Nth(8).Locator("td span[class='text-ellipsis']")</Text>
      </RunInfo>
      <RunInfo computerName="DESKTOP-RSFFHJT" outcome="Warning" timestamp="2025-05-02T09:03:46.8686771-04:00">
        <Text>2025-05-02T13:03:46.868Z pw:api   locator resolved to &lt;span id="a703dcdf2" class="text-ellipsis"&gt;Non dicta occaecati voluptatem odio suscipit voluΓÇª&lt;/span&gt;</Text>
      </RunInfo>
      <RunInfo computerName="DESKTOP-RSFFHJT" outcome="Warning" timestamp="2025-05-02T09:03:46.8689997-04:00">
        <Text>2025-05-02T13:03:46.868Z pw:api waiting for Locator("table[id='vertically-scrolled-table']").Locator("tbody tr").Nth(8).Locator("td[class='  text-end']")</Text>
      </RunInfo>
      <RunInfo computerName="DESKTOP-RSFFHJT" outcome="Warning" timestamp="2025-05-02T09:03:46.8703714-04:00">
        <Text>2025-05-02T13:03:46.869Z pw:api   locator resolved to &lt;td class="  text-end"&gt;$34.00&lt;/td&gt;</Text>
      </RunInfo>
      <RunInfo computerName="DESKTOP-RSFFHJT" outcome="Warning" timestamp="2025-05-02T09:03:46.8708607-04:00">
        <Text>2025-05-02T13:03:46.870Z pw:api waiting for Locator("table[id='vertically-scrolled-table']").Locator("tbody tr").Nth(9).Locator("a")</Text>
      </RunInfo>
      <RunInfo computerName="DESKTOP-RSFFHJT" outcome="Warning" timestamp="2025-05-02T09:03:46.8723155-04:00">
        <Text>2025-05-02T13:03:46.871Z pw:api   locator resolved to &lt;a id="ember364" class="ember-view text-break " href="#/inventory/items/6620000005381009"&gt;Composite Item 1&lt;/a&gt;</Text>
      </RunInfo>
      <RunInfo computerName="DESKTOP-RSFFHJT" outcome="Warning" timestamp="2025-05-02T09:03:46.8727829-04:00">
        <Text>2025-05-02T13:03:46.872Z pw:api waiting for Locator("table[id='vertically-scrolled-table']").Locator("tbody tr").Nth(9).Locator("td:nth-child(3)")</Text>
      </RunInfo>
      <RunInfo computerName="DESKTOP-RSFFHJT" outcome="Warning" timestamp="2025-05-02T09:03:46.8740179-04:00">
        <Text>2025-05-02T13:03:46.873Z pw:api   locator resolved to &lt;td class=" "&gt;44717&lt;/td&gt;</Text>
      </RunInfo>
      <RunInfo computerName="DESKTOP-RSFFHJT" outcome="Warning" timestamp="2025-05-02T09:03:46.8745066-04:00">
        <Text>2025-05-02T13:03:46.874Z pw:api waiting for Locator("table[id='vertically-scrolled-table']").Locator("tbody tr").Nth(9).Locator("td:nth-child(4)")</Text>
      </RunInfo>
      <RunInfo computerName="DESKTOP-RSFFHJT" outcome="Warning" timestamp="2025-05-02T09:03:46.8758393-04:00">
        <Text>2025-05-02T13:03:46.875Z pw:api   locator resolved to &lt;td class=" "&gt;Goods&lt;/td&gt;</Text>
      </RunInfo>
      <RunInfo computerName="DESKTOP-RSFFHJT" outcome="Warning" timestamp="2025-05-02T09:03:46.8763275-04:00">
        <Text>2025-05-02T13:03:46.875Z pw:api waiting for Locator("table[id='vertically-scrolled-table']").Locator("tbody tr").Nth(9).Locator("td span[class='text-ellipsis']")</Text>
      </RunInfo>
      <RunInfo computerName="DESKTOP-RSFFHJT" outcome="Warning" timestamp="2025-05-02T09:03:46.8776312-04:00">
        <Text>2025-05-02T13:03:46.877Z pw:api   locator resolved to &lt;span id="a4a2d43e5" class="text-ellipsis"&gt;Non dicta occaecati voluptatem odio suscipit voluΓÇª&lt;/span&gt;</Text>
      </RunInfo>
      <RunInfo computerName="DESKTOP-RSFFHJT" outcome="Warning" timestamp="2025-05-02T09:03:46.8781005-04:00">
        <Text>2025-05-02T13:03:46.877Z pw:api waiting for Locator("table[id='vertically-scrolled-table']").Locator("tbody tr").Nth(9).Locator("td[class='  text-end']")</Text>
      </RunInfo>
      <RunInfo computerName="DESKTOP-RSFFHJT" outcome="Warning" timestamp="2025-05-02T09:03:46.8794777-04:00">
        <Text>2025-05-02T13:03:46.878Z pw:api   locator resolved to &lt;td class="  text-end"&gt;$851.00&lt;/td&gt;</Text>
      </RunInfo>
      <RunInfo computerName="DESKTOP-RSFFHJT" outcome="Warning" timestamp="2025-05-02T09:03:46.8800422-04:00">
        <Text>2025-05-02T13:03:46.879Z pw:api waiting for Locator("table[id='vertically-scrolled-table']").Locator("tbody tr").Nth(10).Locator("a")</Text>
      </RunInfo>
      <RunInfo computerName="DESKTOP-RSFFHJT" outcome="Warning" timestamp="2025-05-02T09:03:46.8812600-04:00">
        <Text>2025-05-02T13:03:46.880Z pw:api   locator resolved to &lt;a id="ember370" class="ember-view text-break " href="#/inventory/items/6620000005381010"&gt;Composite Item 2&lt;/a&gt;</Text>
      </RunInfo>
      <RunInfo computerName="DESKTOP-RSFFHJT" outcome="Warning" timestamp="2025-05-02T09:03:46.8818511-04:00">
        <Text>2025-05-02T13:03:46.881Z pw:api waiting for Locator("table[id='vertically-scrolled-table']").Locator("tbody tr").Nth(10).Locator("td:nth-child(3)")</Text>
      </RunInfo>
      <RunInfo computerName="DESKTOP-RSFFHJT" outcome="Warning" timestamp="2025-05-02T09:03:46.8830562-04:00">
        <Text>2025-05-02T13:03:46.882Z pw:api   locator resolved to &lt;td class=" "&gt;44717&lt;/td&gt;</Text>
      </RunInfo>
      <RunInfo computerName="DESKTOP-RSFFHJT" outcome="Warning" timestamp="2025-05-02T09:03:46.8834480-04:00">
        <Text>2025-05-02T13:03:46.883Z pw:api waiting for Locator("table[id='vertically-scrolled-table']").Locator("tbody tr").Nth(10).Locator("td:nth-child(4)")</Text>
      </RunInfo>
      <RunInfo computerName="DESKTOP-RSFFHJT" outcome="Warning" timestamp="2025-05-02T09:03:46.8847328-04:00">
        <Text>2025-05-02T13:03:46.884Z pw:api   locator resolved to &lt;td class=" "&gt;Goods&lt;/td&gt;</Text>
      </RunInfo>
      <RunInfo computerName="DESKTOP-RSFFHJT" outcome="Warning" timestamp="2025-05-02T09:03:46.8851499-04:00">
        <Text>2025-05-02T13:03:46.884Z pw:api waiting for Locator("table[id='vertically-scrolled-table']").Locator("tbody tr").Nth(10).Locator("td span[class='text-ellipsis']")</Text>
      </RunInfo>
      <RunInfo computerName="DESKTOP-RSFFHJT" outcome="Warning" timestamp="2025-05-02T09:03:46.8865626-04:00">
        <Text>2025-05-02T13:03:46.886Z pw:api   locator resolved to &lt;span id="a50414aba" class="text-ellipsis"&gt;Non dicta occaecati voluptatem odio suscipit voluΓÇª&lt;/span&gt;</Text>
      </RunInfo>
      <RunInfo computerName="DESKTOP-RSFFHJT" outcome="Warning" timestamp="2025-05-02T09:03:46.8871271-04:00">
        <Text>2025-05-02T13:03:46.886Z pw:api waiting for Locator("table[id='vertically-scrolled-table']").Locator("tbody tr").Nth(10).Locator("td[class='  text-end']")</Text>
      </RunInfo>
      <RunInfo computerName="DESKTOP-RSFFHJT" outcome="Warning" timestamp="2025-05-02T09:03:46.8884444-04:00">
        <Text>2025-05-02T13:03:46.888Z pw:api   locator resolved to &lt;td class="  text-end"&gt;$941.00&lt;/td&gt;</Text>
      </RunInfo>
      <RunInfo computerName="DESKTOP-RSFFHJT" outcome="Warning" timestamp="2025-05-02T09:03:46.8889244-04:00">
        <Text>2025-05-02T13:03:46.888Z pw:api waiting for Locator("table[id='vertically-scrolled-table']").Locator("tbody tr").Nth(11).Locator("a")</Text>
      </RunInfo>
      <RunInfo computerName="DESKTOP-RSFFHJT" outcome="Warning" timestamp="2025-05-02T09:03:46.8902502-04:00">
        <Text>2025-05-02T13:03:46.889Z pw:api   locator resolved to &lt;a id="ember376" class="ember-view text-break " href="#/inventory/items/6620000005381011"&gt;Composite Item 3&lt;/a&gt;</Text>
      </RunInfo>
      <RunInfo computerName="DESKTOP-RSFFHJT" outcome="Warning" timestamp="2025-05-02T09:03:46.8907040-04:00">
        <Text>2025-05-02T13:03:46.890Z pw:api waiting for Locator("table[id='vertically-scrolled-table']").Locator("tbody tr").Nth(11).Locator("td:nth-child(3)")</Text>
      </RunInfo>
      <RunInfo computerName="DESKTOP-RSFFHJT" outcome="Warning" timestamp="2025-05-02T09:03:46.8921040-04:00">
        <Text>2025-05-02T13:03:46.891Z pw:api   locator resolved to &lt;td class=" "&gt;44717&lt;/td&gt;</Text>
      </RunInfo>
      <RunInfo computerName="DESKTOP-RSFFHJT" outcome="Warning" timestamp="2025-05-02T09:03:46.8925194-04:00">
        <Text>2025-05-02T13:03:46.892Z pw:api waiting for Locator("table[id='vertically-scrolled-table']").Locator("tbody tr").Nth(11).Locator("td:nth-child(4)")</Text>
      </RunInfo>
      <RunInfo computerName="DESKTOP-RSFFHJT" outcome="Warning" timestamp="2025-05-02T09:03:46.8938406-04:00">
        <Text>2025-05-02T13:03:46.893Z pw:api   locator resolved to &lt;td class=" "&gt;Goods&lt;/td&gt;</Text>
      </RunInfo>
      <RunInfo computerName="DESKTOP-RSFFHJT" outcome="Warning" timestamp="2025-05-02T09:03:46.8943052-04:00">
        <Text>2025-05-02T13:03:46.893Z pw:api waiting for Locator("table[id='vertically-scrolled-table']").Locator("tbody tr").Nth(11).Locator("td span[class='text-ellipsis']")</Text>
      </RunInfo>
      <RunInfo computerName="DESKTOP-RSFFHJT" outcome="Warning" timestamp="2025-05-02T09:03:46.8959211-04:00">
        <Text>2025-05-02T13:03:46.895Z pw:api   locator resolved to &lt;span id="a9a03de5a" class="text-ellipsis"&gt;Non dicta occaecati voluptatem odio suscipit voluΓÇª&lt;/span&gt;</Text>
      </RunInfo>
      <RunInfo computerName="DESKTOP-RSFFHJT" outcome="Warning" timestamp="2025-05-02T09:03:46.8965164-04:00">
        <Text>2025-05-02T13:03:46.896Z pw:api waiting for Locator("table[id='vertically-scrolled-table']").Locator("tbody tr").Nth(11).Locator("td[class='  text-end']")</Text>
      </RunInfo>
      <RunInfo computerName="DESKTOP-RSFFHJT" outcome="Warning" timestamp="2025-05-02T09:03:46.8982461-04:00">
        <Text>2025-05-02T13:03:46.897Z pw:api   locator resolved to &lt;td class="  text-end"&gt;$461.00&lt;/td&gt;</Text>
      </RunInfo>
      <RunInfo computerName="DESKTOP-RSFFHJT" outcome="Warning" timestamp="2025-05-02T09:03:46.8987877-04:00">
        <Text>2025-05-02T13:03:46.898Z pw:api waiting for Locator("table[id='vertically-scrolled-table']").Locator("tbody tr").Nth(12).Locator("a")</Text>
      </RunInfo>
      <RunInfo computerName="DESKTOP-RSFFHJT" outcome="Warning" timestamp="2025-05-02T09:03:46.9003781-04:00">
        <Text>2025-05-02T13:03:46.899Z pw:api   locator resolved to &lt;a id="ember382" class="ember-view text-break " href="#/inventory/items/6620000005381012"&gt;Composite Item 4&lt;/a&gt;</Text>
      </RunInfo>
      <RunInfo computerName="DESKTOP-RSFFHJT" outcome="Warning" timestamp="2025-05-02T09:03:46.9009139-04:00">
        <Text>2025-05-02T13:03:46.900Z pw:api waiting for Locator("table[id='vertically-scrolled-table']").Locator("tbody tr").Nth(12).Locator("td:nth-child(3)")</Text>
      </RunInfo>
      <RunInfo computerName="DESKTOP-RSFFHJT" outcome="Warning" timestamp="2025-05-02T09:03:46.9021433-04:00">
        <Text>2025-05-02T13:03:46.901Z pw:api   locator resolved to &lt;td class=" "&gt;44717&lt;/td&gt;</Text>
      </RunInfo>
      <RunInfo computerName="DESKTOP-RSFFHJT" outcome="Warning" timestamp="2025-05-02T09:03:46.9025950-04:00">
        <Text>2025-05-02T13:03:46.902Z pw:api waiting for Locator("table[id='vertically-scrolled-table']").Locator("tbody tr").Nth(12).Locator("td:nth-child(4)")</Text>
      </RunInfo>
      <RunInfo computerName="DESKTOP-RSFFHJT" outcome="Warning" timestamp="2025-05-02T09:03:46.9039112-04:00">
        <Text>2025-05-02T13:03:46.903Z pw:api   locator resolved to &lt;td class=" "&gt;Goods&lt;/td&gt;</Text>
      </RunInfo>
      <RunInfo computerName="DESKTOP-RSFFHJT" outcome="Warning" timestamp="2025-05-02T09:03:46.9044164-04:00">
        <Text>2025-05-02T13:03:46.904Z pw:api waiting for Locator("table[id='vertically-scrolled-table']").Locator("tbody tr").Nth(12).Locator("td span[class='text-ellipsis']")</Text>
      </RunInfo>
      <RunInfo computerName="DESKTOP-RSFFHJT" outcome="Warning" timestamp="2025-05-02T09:03:46.9057380-04:00">
        <Text>2025-05-02T13:03:46.905Z pw:api   locator resolved to &lt;span id="aa7c12567" class="text-ellipsis"&gt;Non dicta occaecati voluptatem odio suscipit voluΓÇª&lt;/span&gt;</Text>
      </RunInfo>
      <RunInfo computerName="DESKTOP-RSFFHJT" outcome="Warning" timestamp="2025-05-02T09:03:46.9061315-04:00">
        <Text>2025-05-02T13:03:46.905Z pw:api waiting for Locator("table[id='vertically-scrolled-table']").Locator("tbody tr").Nth(12).Locator("td[class='  text-end']")</Text>
      </RunInfo>
      <RunInfo computerName="DESKTOP-RSFFHJT" outcome="Warning" timestamp="2025-05-02T09:03:46.9080017-04:00">
        <Text>2025-05-02T13:03:46.907Z pw:api   locator resolved to &lt;td class="  text-end"&gt;$410.00&lt;/td&gt;</Text>
      </RunInfo>
      <RunInfo computerName="DESKTOP-RSFFHJT" outcome="Warning" timestamp="2025-05-02T09:03:46.9088376-04:00">
        <Text>2025-05-02T13:03:46.908Z pw:api waiting for Locator("button[class='btn btn-primary']")</Text>
      </RunInfo>
      <RunInfo computerName="DESKTOP-RSFFHJT" outcome="Warning" timestamp="2025-05-02T09:03:46.9105404-04:00">
        <Text>2025-05-02T13:03:46.910Z pw:api   locator resolved to &lt;button data-ember-action="" class="btn btn-primary" data-ember-action-260="260"&gt;ΓÇª&lt;/button&gt;</Text>
      </RunInfo>
      <RunInfo computerName="DESKTOP-RSFFHJT" outcome="Warning" timestamp="2025-05-02T09:03:46.9111614-04:00">
        <Text>2025-05-02T13:03:46.910Z pw:api attempting click action</Text>
      </RunInfo>
      <RunInfo computerName="DESKTOP-RSFFHJT" outcome="Warning" timestamp="2025-05-02T09:03:46.9111685-04:00">
        <Text>2025-05-02T13:03:46.910Z pw:api   waiting for element to be visible, enabled and stable</Text>
      </RunInfo>
      <RunInfo computerName="DESKTOP-RSFFHJT" outcome="Warning" timestamp="2025-05-02T09:03:46.9130167-04:00">
        <Text>2025-05-02T13:03:46.912Z pw:api   element is visible, enabled and stable</Text>
      </RunInfo>
      <RunInfo computerName="DESKTOP-RSFFHJT" outcome="Warning" timestamp="2025-05-02T09:03:46.9130276-04:00">
        <Text>2025-05-02T13:03:46.912Z pw:api   scrolling into view if needed</Text>
      </RunInfo>
      <RunInfo computerName="DESKTOP-RSFFHJT" outcome="Warning" timestamp="2025-05-02T09:03:46.9133032-04:00">
        <Text>2025-05-02T13:03:46.912Z pw:api   done scrolling</Text>
      </RunInfo>
      <RunInfo computerName="DESKTOP-RSFFHJT" outcome="Warning" timestamp="2025-05-02T09:03:46.9149044-04:00">
        <Text>2025-05-02T13:03:46.914Z pw:api   performing click action</Text>
      </RunInfo>
      <RunInfo computerName="DESKTOP-RSFFHJT" outcome="Warning" timestamp="2025-05-02T09:03:46.9307524-04:00">
        <Text>2025-05-02T13:03:46.930Z pw:api   click action done</Text>
      </RunInfo>
      <RunInfo computerName="DESKTOP-RSFFHJT" outcome="Warning" timestamp="2025-05-02T09:03:46.9307605-04:00">
        <Text>2025-05-02T13:03:46.930Z pw:api   waiting for scheduled navigations to finish</Text>
      </RunInfo>
      <RunInfo computerName="DESKTOP-RSFFHJT" outcome="Warning" timestamp="2025-05-02T09:03:46.9310768-04:00">
        <Text>2025-05-02T13:03:46.930Z pw:api   navigations have finished</Text>
      </RunInfo>
    </RunInfos>
  </ResultSummary>
</TestRun>